[0.300s] DEBUG:colcon:Command line arguments: ['/usr/bin/colcon', 'list', '-p', '--base-paths', '/home/farah/ros2_ws']
[0.300s] DEBUG:colcon:Parsed command line arguments: Namespace(log_base=None, log_level=None, verb_name='list', build_base='build', ignore_user_meta=False, metas=['./colcon.meta'], base_paths=['/home/farah/ros2_ws'], packages_ignore=None, packages_ignore_regex=None, paths=None, packages_up_to=None, packages_up_to_regex=None, packages_above=None, packages_above_and_dependencies=None, packages_above_depth=None, packages_select_by_dep=None, packages_skip_by_dep=None, packages_skip_up_to=None, packages_select_build_failed=False, packages_skip_build_finished=False, packages_select_test_failures=False, packages_skip_test_passed=False, packages_select=None, packages_skip=None, packages_select_regex=None, packages_skip_regex=None, packages_start=None, packages_end=None, allow_overriding=[], topological_order=False, names_only=False, paths_only=True, topological_graph=False, topological_graph_dot=False, topological_graph_density=False, topological_graph_legend=False, topological_graph_dot_cluster=False, topological_graph_dot_include_skipped=False, mixin_files=None, mixin=None, verb_parser=<colcon_mixin.mixin.mixin_argument.MixinArgumentDecorator object at 0x7b2d14467700>, verb_extension=<colcon_package_information.verb.list.ListVerb object at 0x7b2d14466860>, main=<bound method ListVerb.main of <colcon_package_information.verb.list.ListVerb object at 0x7b2d14466860>>, mixin_verb=('list',))
[0.666s] Level 1:colcon.colcon_core.package_discovery:discover_packages(colcon_meta) check parameters
[0.667s] Level 1:colcon.colcon_core.package_discovery:discover_packages(recursive) check parameters
[0.667s] Level 1:colcon.colcon_core.package_discovery:discover_packages(ignore) check parameters
[0.667s] Level 1:colcon.colcon_core.package_discovery:discover_packages(path) check parameters
[0.667s] Level 1:colcon.colcon_core.package_discovery:discover_packages(recursive) discover
[0.667s] INFO:colcon.colcon_core.package_discovery:Crawling recursively for packages in '/home/farah/ros2_ws'
[0.667s] Level 1:colcon.colcon_core.package_identification:_identify(/home/farah/ros2_ws) by extensions ['ignore', 'ignore_ament_install']
[0.667s] Level 1:colcon.colcon_core.package_identification:_identify(/home/farah/ros2_ws) by extension 'ignore'
[0.667s] Level 1:colcon.colcon_core.package_identification:_identify(/home/farah/ros2_ws) by extension 'ignore_ament_install'
[0.667s] Level 1:colcon.colcon_core.package_identification:_identify(/home/farah/ros2_ws) by extensions ['colcon_pkg']
[0.667s] Level 1:colcon.colcon_core.package_identification:_identify(/home/farah/ros2_ws) by extension 'colcon_pkg'
[0.667s] Level 1:colcon.colcon_core.package_identification:_identify(/home/farah/ros2_ws) by extensions ['colcon_meta']
[0.667s] Level 1:colcon.colcon_core.package_identification:_identify(/home/farah/ros2_ws) by extension 'colcon_meta'
[0.667s] Level 1:colcon.colcon_core.package_identification:_identify(/home/farah/ros2_ws) by extensions ['ros']
[0.668s] Level 1:colcon.colcon_core.package_identification:_identify(/home/farah/ros2_ws) by extension 'ros'
[0.688s] Level 1:colcon.colcon_core.package_identification:_identify(/home/farah/ros2_ws) by extensions ['cmake', 'python']
[0.688s] Level 1:colcon.colcon_core.package_identification:_identify(/home/farah/ros2_ws) by extension 'cmake'
[0.688s] Level 1:colcon.colcon_core.package_identification:_identify(/home/farah/ros2_ws) by extension 'python'
[0.688s] Level 1:colcon.colcon_core.package_identification:_identify(/home/farah/ros2_ws) by extensions ['python_setup_py']
[0.688s] Level 1:colcon.colcon_core.package_identification:_identify(/home/farah/ros2_ws) by extension 'python_setup_py'
[0.689s] Level 1:colcon.colcon_core.package_identification:_identify(/home/farah/ros2_ws/build) by extensions ['ignore', 'ignore_ament_install']
[0.689s] Level 1:colcon.colcon_core.package_identification:_identify(/home/farah/ros2_ws/build) by extension 'ignore'
[0.689s] Level 1:colcon.colcon_core.package_identification:_identify(/home/farah/ros2_ws/build) ignored
[0.689s] Level 1:colcon.colcon_core.package_identification:_identify(/home/farah/ros2_ws/exercice1_lab3_ws) by extensions ['ignore', 'ignore_ament_install']
[0.689s] Level 1:colcon.colcon_core.package_identification:_identify(/home/farah/ros2_ws/exercice1_lab3_ws) by extension 'ignore'
[0.689s] Level 1:colcon.colcon_core.package_identification:_identify(/home/farah/ros2_ws/exercice1_lab3_ws) by extension 'ignore_ament_install'
[0.689s] Level 1:colcon.colcon_core.package_identification:_identify(/home/farah/ros2_ws/exercice1_lab3_ws) by extensions ['colcon_pkg']
[0.689s] Level 1:colcon.colcon_core.package_identification:_identify(/home/farah/ros2_ws/exercice1_lab3_ws) by extension 'colcon_pkg'
[0.689s] Level 1:colcon.colcon_core.package_identification:_identify(/home/farah/ros2_ws/exercice1_lab3_ws) by extensions ['colcon_meta']
[0.690s] Level 1:colcon.colcon_core.package_identification:_identify(/home/farah/ros2_ws/exercice1_lab3_ws) by extension 'colcon_meta'
[0.690s] Level 1:colcon.colcon_core.package_identification:_identify(/home/farah/ros2_ws/exercice1_lab3_ws) by extensions ['ros']
[0.690s] Level 1:colcon.colcon_core.package_identification:_identify(/home/farah/ros2_ws/exercice1_lab3_ws) by extension 'ros'
[0.690s] Level 1:colcon.colcon_core.package_identification:_identify(/home/farah/ros2_ws/exercice1_lab3_ws) by extensions ['cmake', 'python']
[0.690s] Level 1:colcon.colcon_core.package_identification:_identify(/home/farah/ros2_ws/exercice1_lab3_ws) by extension 'cmake'
[0.690s] Level 1:colcon.colcon_core.package_identification:_identify(/home/farah/ros2_ws/exercice1_lab3_ws) by extension 'python'
[0.690s] Level 1:colcon.colcon_core.package_identification:_identify(/home/farah/ros2_ws/exercice1_lab3_ws) by extensions ['python_setup_py']
[0.691s] Level 1:colcon.colcon_core.package_identification:_identify(/home/farah/ros2_ws/exercice1_lab3_ws) by extension 'python_setup_py'
[0.691s] Level 1:colcon.colcon_core.package_identification:_identify(/home/farah/ros2_ws/exercice1_lab3_ws/build) by extensions ['ignore', 'ignore_ament_install']
[0.691s] Level 1:colcon.colcon_core.package_identification:_identify(/home/farah/ros2_ws/exercice1_lab3_ws/build) by extension 'ignore'
[0.691s] Level 1:colcon.colcon_core.package_identification:_identify(/home/farah/ros2_ws/exercice1_lab3_ws/build) ignored
[0.691s] Level 1:colcon.colcon_core.package_identification:_identify(/home/farah/ros2_ws/exercice1_lab3_ws/install) by extensions ['ignore', 'ignore_ament_install']
[0.691s] Level 1:colcon.colcon_core.package_identification:_identify(/home/farah/ros2_ws/exercice1_lab3_ws/install) by extension 'ignore'
[0.691s] Level 1:colcon.colcon_core.package_identification:_identify(/home/farah/ros2_ws/exercice1_lab3_ws/install) ignored
[0.691s] Level 1:colcon.colcon_core.package_identification:_identify(/home/farah/ros2_ws/exercice1_lab3_ws/log) by extensions ['ignore', 'ignore_ament_install']
[0.691s] Level 1:colcon.colcon_core.package_identification:_identify(/home/farah/ros2_ws/exercice1_lab3_ws/log) by extension 'ignore'
[0.691s] Level 1:colcon.colcon_core.package_identification:_identify(/home/farah/ros2_ws/exercice1_lab3_ws/log) ignored
[0.692s] Level 1:colcon.colcon_core.package_identification:_identify(/home/farah/ros2_ws/exercice1_lab3_ws/src) by extensions ['ignore', 'ignore_ament_install']
[0.692s] Level 1:colcon.colcon_core.package_identification:_identify(/home/farah/ros2_ws/exercice1_lab3_ws/src) by extension 'ignore'
[0.692s] Level 1:colcon.colcon_core.package_identification:_identify(/home/farah/ros2_ws/exercice1_lab3_ws/src) by extension 'ignore_ament_install'
[0.692s] Level 1:colcon.colcon_core.package_identification:_identify(/home/farah/ros2_ws/exercice1_lab3_ws/src) by extensions ['colcon_pkg']
[0.692s] Level 1:colcon.colcon_core.package_identification:_identify(/home/farah/ros2_ws/exercice1_lab3_ws/src) by extension 'colcon_pkg'
[0.692s] Level 1:colcon.colcon_core.package_identification:_identify(/home/farah/ros2_ws/exercice1_lab3_ws/src) by extensions ['colcon_meta']
[0.692s] Level 1:colcon.colcon_core.package_identification:_identify(/home/farah/ros2_ws/exercice1_lab3_ws/src) by extension 'colcon_meta'
[0.692s] Level 1:colcon.colcon_core.package_identification:_identify(/home/farah/ros2_ws/exercice1_lab3_ws/src) by extensions ['ros']
[0.692s] Level 1:colcon.colcon_core.package_identification:_identify(/home/farah/ros2_ws/exercice1_lab3_ws/src) by extension 'ros'
[0.692s] Level 1:colcon.colcon_core.package_identification:_identify(/home/farah/ros2_ws/exercice1_lab3_ws/src) by extensions ['cmake', 'python']
[0.692s] Level 1:colcon.colcon_core.package_identification:_identify(/home/farah/ros2_ws/exercice1_lab3_ws/src) by extension 'cmake'
[0.692s] Level 1:colcon.colcon_core.package_identification:_identify(/home/farah/ros2_ws/exercice1_lab3_ws/src) by extension 'python'
[0.692s] Level 1:colcon.colcon_core.package_identification:_identify(/home/farah/ros2_ws/exercice1_lab3_ws/src) by extensions ['python_setup_py']
[0.692s] Level 1:colcon.colcon_core.package_identification:_identify(/home/farah/ros2_ws/exercice1_lab3_ws/src) by extension 'python_setup_py'
[0.692s] Level 1:colcon.colcon_core.package_identification:_identify(/home/farah/ros2_ws/exercice1_lab3_ws/src/emergency_lab3) by extensions ['ignore', 'ignore_ament_install']
[0.693s] Level 1:colcon.colcon_core.package_identification:_identify(/home/farah/ros2_ws/exercice1_lab3_ws/src/emergency_lab3) by extension 'ignore'
[0.693s] Level 1:colcon.colcon_core.package_identification:_identify(/home/farah/ros2_ws/exercice1_lab3_ws/src/emergency_lab3) by extension 'ignore_ament_install'
[0.693s] Level 1:colcon.colcon_core.package_identification:_identify(/home/farah/ros2_ws/exercice1_lab3_ws/src/emergency_lab3) by extensions ['colcon_pkg']
[0.693s] Level 1:colcon.colcon_core.package_identification:_identify(/home/farah/ros2_ws/exercice1_lab3_ws/src/emergency_lab3) by extension 'colcon_pkg'
[0.693s] Level 1:colcon.colcon_core.package_identification:_identify(/home/farah/ros2_ws/exercice1_lab3_ws/src/emergency_lab3) by extensions ['colcon_meta']
[0.693s] Level 1:colcon.colcon_core.package_identification:_identify(/home/farah/ros2_ws/exercice1_lab3_ws/src/emergency_lab3) by extension 'colcon_meta'
[0.693s] Level 1:colcon.colcon_core.package_identification:_identify(/home/farah/ros2_ws/exercice1_lab3_ws/src/emergency_lab3) by extensions ['ros']
[0.693s] Level 1:colcon.colcon_core.package_identification:_identify(/home/farah/ros2_ws/exercice1_lab3_ws/src/emergency_lab3) by extension 'ros'
[0.698s] DEBUG:colcon.colcon_core.package_identification:Package '/home/farah/ros2_ws/exercice1_lab3_ws/src/emergency_lab3' with type 'ros.ament_python' and name 'emergency_lab3'
[0.698s] Level 1:colcon.colcon_core.package_identification:_identify(/home/farah/ros2_ws/install) by extensions ['ignore', 'ignore_ament_install']
[0.698s] Level 1:colcon.colcon_core.package_identification:_identify(/home/farah/ros2_ws/install) by extension 'ignore'
[0.698s] Level 1:colcon.colcon_core.package_identification:_identify(/home/farah/ros2_ws/install) ignored
[0.698s] Level 1:colcon.colcon_core.package_identification:_identify(/home/farah/ros2_ws/log) by extensions ['ignore', 'ignore_ament_install']
[0.698s] Level 1:colcon.colcon_core.package_identification:_identify(/home/farah/ros2_ws/log) by extension 'ignore'
[0.698s] Level 1:colcon.colcon_core.package_identification:_identify(/home/farah/ros2_ws/log) ignored
[0.698s] Level 1:colcon.colcon_core.package_identification:_identify(/home/farah/ros2_ws/src) by extensions ['ignore', 'ignore_ament_install']
[0.698s] Level 1:colcon.colcon_core.package_identification:_identify(/home/farah/ros2_ws/src) by extension 'ignore'
[0.699s] Level 1:colcon.colcon_core.package_identification:_identify(/home/farah/ros2_ws/src) by extension 'ignore_ament_install'
[0.699s] Level 1:colcon.colcon_core.package_identification:_identify(/home/farah/ros2_ws/src) by extensions ['colcon_pkg']
[0.699s] Level 1:colcon.colcon_core.package_identification:_identify(/home/farah/ros2_ws/src) by extension 'colcon_pkg'
[0.699s] Level 1:colcon.colcon_core.package_identification:_identify(/home/farah/ros2_ws/src) by extensions ['colcon_meta']
[0.699s] Level 1:colcon.colcon_core.package_identification:_identify(/home/farah/ros2_ws/src) by extension 'colcon_meta'
[0.699s] Level 1:colcon.colcon_core.package_identification:_identify(/home/farah/ros2_ws/src) by extensions ['ros']
[0.700s] Level 1:colcon.colcon_core.package_identification:_identify(/home/farah/ros2_ws/src) by extension 'ros'
[0.700s] Level 1:colcon.colcon_core.package_identification:_identify(/home/farah/ros2_ws/src) by extensions ['cmake', 'python']
[0.700s] Level 1:colcon.colcon_core.package_identification:_identify(/home/farah/ros2_ws/src) by extension 'cmake'
[0.700s] Level 1:colcon.colcon_core.package_identification:_identify(/home/farah/ros2_ws/src) by extension 'python'
[0.700s] Level 1:colcon.colcon_core.package_identification:_identify(/home/farah/ros2_ws/src) by extensions ['python_setup_py']
[0.700s] Level 1:colcon.colcon_core.package_identification:_identify(/home/farah/ros2_ws/src) by extension 'python_setup_py'
[0.700s] Level 1:colcon.colcon_core.package_identification:_identify(/home/farah/ros2_ws/src/custom_interfaces) by extensions ['ignore', 'ignore_ament_install']
[0.700s] Level 1:colcon.colcon_core.package_identification:_identify(/home/farah/ros2_ws/src/custom_interfaces) by extension 'ignore'
[0.700s] Level 1:colcon.colcon_core.package_identification:_identify(/home/farah/ros2_ws/src/custom_interfaces) by extension 'ignore_ament_install'
[0.700s] Level 1:colcon.colcon_core.package_identification:_identify(/home/farah/ros2_ws/src/custom_interfaces) by extensions ['colcon_pkg']
[0.700s] Level 1:colcon.colcon_core.package_identification:_identify(/home/farah/ros2_ws/src/custom_interfaces) by extension 'colcon_pkg'
[0.700s] Level 1:colcon.colcon_core.package_identification:_identify(/home/farah/ros2_ws/src/custom_interfaces) by extensions ['colcon_meta']
[0.700s] Level 1:colcon.colcon_core.package_identification:_identify(/home/farah/ros2_ws/src/custom_interfaces) by extension 'colcon_meta'
[0.701s] Level 1:colcon.colcon_core.package_identification:_identify(/home/farah/ros2_ws/src/custom_interfaces) by extensions ['ros']
[0.701s] Level 1:colcon.colcon_core.package_identification:_identify(/home/farah/ros2_ws/src/custom_interfaces) by extension 'ros'
[0.701s] DEBUG:colcon.colcon_core.package_identification:Package '/home/farah/ros2_ws/src/custom_interfaces' with type 'ros.ament_cmake' and name 'custom_interfaces'
[0.702s] Level 1:colcon.colcon_core.package_identification:_identify(/home/farah/ros2_ws/src/fleet_interfaces) by extensions ['ignore', 'ignore_ament_install']
[0.702s] Level 1:colcon.colcon_core.package_identification:_identify(/home/farah/ros2_ws/src/fleet_interfaces) by extension 'ignore'
[0.702s] Level 1:colcon.colcon_core.package_identification:_identify(/home/farah/ros2_ws/src/fleet_interfaces) by extension 'ignore_ament_install'
[0.702s] Level 1:colcon.colcon_core.package_identification:_identify(/home/farah/ros2_ws/src/fleet_interfaces) by extensions ['colcon_pkg']
[0.702s] Level 1:colcon.colcon_core.package_identification:_identify(/home/farah/ros2_ws/src/fleet_interfaces) by extension 'colcon_pkg'
[0.702s] Level 1:colcon.colcon_core.package_identification:_identify(/home/farah/ros2_ws/src/fleet_interfaces) by extensions ['colcon_meta']
[0.703s] Level 1:colcon.colcon_core.package_identification:_identify(/home/farah/ros2_ws/src/fleet_interfaces) by extension 'colcon_meta'
[0.703s] Level 1:colcon.colcon_core.package_identification:_identify(/home/farah/ros2_ws/src/fleet_interfaces) by extensions ['ros']
[0.703s] Level 1:colcon.colcon_core.package_identification:_identify(/home/farah/ros2_ws/src/fleet_interfaces) by extension 'ros'
[0.704s] DEBUG:colcon.colcon_core.package_identification:Package '/home/farah/ros2_ws/src/fleet_interfaces' with type 'ros.ament_cmake' and name 'fleet_interfaces'
[0.704s] Level 1:colcon.colcon_core.package_identification:_identify(/home/farah/ros2_ws/src/fleet_manager) by extensions ['ignore', 'ignore_ament_install']
[0.704s] Level 1:colcon.colcon_core.package_identification:_identify(/home/farah/ros2_ws/src/fleet_manager) by extension 'ignore'
[0.704s] Level 1:colcon.colcon_core.package_identification:_identify(/home/farah/ros2_ws/src/fleet_manager) by extension 'ignore_ament_install'
[0.704s] Level 1:colcon.colcon_core.package_identification:_identify(/home/farah/ros2_ws/src/fleet_manager) by extensions ['colcon_pkg']
[0.704s] Level 1:colcon.colcon_core.package_identification:_identify(/home/farah/ros2_ws/src/fleet_manager) by extension 'colcon_pkg'
[0.704s] Level 1:colcon.colcon_core.package_identification:_identify(/home/farah/ros2_ws/src/fleet_manager) by extensions ['colcon_meta']
[0.705s] Level 1:colcon.colcon_core.package_identification:_identify(/home/farah/ros2_ws/src/fleet_manager) by extension 'colcon_meta'
[0.705s] Level 1:colcon.colcon_core.package_identification:_identify(/home/farah/ros2_ws/src/fleet_manager) by extensions ['ros']
[0.705s] Level 1:colcon.colcon_core.package_identification:_identify(/home/farah/ros2_ws/src/fleet_manager) by extension 'ros'
[0.706s] DEBUG:colcon.colcon_core.package_identification:Package '/home/farah/ros2_ws/src/fleet_manager' with type 'ros.ament_python' and name 'fleet_manager'
[0.706s] Level 1:colcon.colcon_core.package_identification:_identify(/home/farah/ros2_ws/src/simple_interfaces) by extensions ['ignore', 'ignore_ament_install']
[0.706s] Level 1:colcon.colcon_core.package_identification:_identify(/home/farah/ros2_ws/src/simple_interfaces) by extension 'ignore'
[0.707s] Level 1:colcon.colcon_core.package_identification:_identify(/home/farah/ros2_ws/src/simple_interfaces) by extension 'ignore_ament_install'
[0.707s] Level 1:colcon.colcon_core.package_identification:_identify(/home/farah/ros2_ws/src/simple_interfaces) by extensions ['colcon_pkg']
[0.707s] Level 1:colcon.colcon_core.package_identification:_identify(/home/farah/ros2_ws/src/simple_interfaces) by extension 'colcon_pkg'
[0.707s] Level 1:colcon.colcon_core.package_identification:_identify(/home/farah/ros2_ws/src/simple_interfaces) by extensions ['colcon_meta']
[0.707s] Level 1:colcon.colcon_core.package_identification:_identify(/home/farah/ros2_ws/src/simple_interfaces) by extension 'colcon_meta'
[0.707s] Level 1:colcon.colcon_core.package_identification:_identify(/home/farah/ros2_ws/src/simple_interfaces) by extensions ['ros']
[0.707s] Level 1:colcon.colcon_core.package_identification:_identify(/home/farah/ros2_ws/src/simple_interfaces) by extension 'ros'
[0.708s] DEBUG:colcon.colcon_core.package_identification:Package '/home/farah/ros2_ws/src/simple_interfaces' with type 'ros.ament_cmake' and name 'simple_interfaces'
[0.708s] Level 1:colcon.colcon_core.package_identification:_identify(/home/farah/ros2_ws/src/simple_params) by extensions ['ignore', 'ignore_ament_install']
[0.708s] Level 1:colcon.colcon_core.package_identification:_identify(/home/farah/ros2_ws/src/simple_params) by extension 'ignore'
[0.709s] Level 1:colcon.colcon_core.package_identification:_identify(/home/farah/ros2_ws/src/simple_params) by extension 'ignore_ament_install'
[0.709s] Level 1:colcon.colcon_core.package_identification:_identify(/home/farah/ros2_ws/src/simple_params) by extensions ['colcon_pkg']
[0.709s] Level 1:colcon.colcon_core.package_identification:_identify(/home/farah/ros2_ws/src/simple_params) by extension 'colcon_pkg'
[0.709s] Level 1:colcon.colcon_core.package_identification:_identify(/home/farah/ros2_ws/src/simple_params) by extensions ['colcon_meta']
[0.709s] Level 1:colcon.colcon_core.package_identification:_identify(/home/farah/ros2_ws/src/simple_params) by extension 'colcon_meta'
[0.709s] Level 1:colcon.colcon_core.package_identification:_identify(/home/farah/ros2_ws/src/simple_params) by extensions ['ros']
[0.710s] Level 1:colcon.colcon_core.package_identification:_identify(/home/farah/ros2_ws/src/simple_params) by extension 'ros'
[0.711s] DEBUG:colcon.colcon_core.package_identification:Package '/home/farah/ros2_ws/src/simple_params' with type 'ros.ament_python' and name 'simple_params'
[0.711s] Level 1:colcon.colcon_core.package_discovery:discover_packages(recursive) using defaults
