[0.149s] DEBUG:colcon:Command line arguments: ['/usr/bin/colcon', 'build', '--packages-select', 'robotics_sim_project']
[0.150s] DEBUG:colcon:Parsed command line arguments: Namespace(log_base=None, log_level=None, verb_name='build', build_base='build', install_base='install', merge_install=False, symlink_install=False, test_result_base=None, continue_on_error=False, executor='parallel', parallel_workers=2, event_handlers=None, ignore_user_meta=False, metas=['./colcon.meta'], base_paths=['.'], packages_ignore=None, packages_ignore_regex=None, paths=None, packages_up_to=None, packages_up_to_regex=None, packages_above=None, packages_above_and_dependencies=None, packages_above_depth=None, packages_select_by_dep=None, packages_skip_by_dep=None, packages_skip_up_to=None, packages_select_build_failed=False, packages_skip_build_finished=False, packages_select_test_failures=False, packages_skip_test_passed=False, packages_select=['robotics_sim_project'], packages_skip=None, packages_select_regex=None, packages_skip_regex=None, packages_start=None, packages_end=None, allow_overriding=[], cmake_args=None, cmake_target=None, cmake_target_skip_unavailable=False, cmake_clean_cache=False, cmake_clean_first=False, cmake_force_configure=False, ament_cmake_args=None, catkin_cmake_args=None, catkin_skip_building_tests=False, mixin_files=None, mixin=None, verb_parser=<colcon_mixin.mixin.mixin_argument.MixinArgumentDecorator object at 0x77f070263250>, verb_extension=<colcon_core.verb.build.BuildVerb object at 0x77f070262d70>, main=<bound method BuildVerb.main of <colcon_core.verb.build.BuildVerb object at 0x77f070262d70>>, mixin_verb=('build',))
[0.353s] Level 1:colcon.colcon_core.package_discovery:discover_packages(colcon_meta) check parameters
[0.353s] Level 1:colcon.colcon_core.package_discovery:discover_packages(recursive) check parameters
[0.353s] Level 1:colcon.colcon_core.package_discovery:discover_packages(ignore) check parameters
[0.353s] Level 1:colcon.colcon_core.package_discovery:discover_packages(path) check parameters
[0.353s] Level 1:colcon.colcon_core.package_discovery:discover_packages(colcon_meta) discover
[0.353s] Level 1:colcon.colcon_core.package_discovery:discover_packages(recursive) discover
[0.353s] INFO:colcon.colcon_core.package_discovery:Crawling recursively for packages in '/home/farah/ros2_ws'
[0.353s] Level 1:colcon.colcon_core.package_identification:_identify(.) by extensions ['ignore', 'ignore_ament_install']
[0.354s] Level 1:colcon.colcon_core.package_identification:_identify(.) by extension 'ignore'
[0.354s] Level 1:colcon.colcon_core.package_identification:_identify(.) by extension 'ignore_ament_install'
[0.354s] Level 1:colcon.colcon_core.package_identification:_identify(.) by extensions ['colcon_pkg']
[0.354s] Level 1:colcon.colcon_core.package_identification:_identify(.) by extension 'colcon_pkg'
[0.354s] Level 1:colcon.colcon_core.package_identification:_identify(.) by extensions ['colcon_meta']
[0.354s] Level 1:colcon.colcon_core.package_identification:_identify(.) by extension 'colcon_meta'
[0.354s] Level 1:colcon.colcon_core.package_identification:_identify(.) by extensions ['ros']
[0.354s] Level 1:colcon.colcon_core.package_identification:_identify(.) by extension 'ros'
[0.366s] Level 1:colcon.colcon_core.package_identification:_identify(.) by extensions ['cmake', 'python']
[0.367s] Level 1:colcon.colcon_core.package_identification:_identify(.) by extension 'cmake'
[0.367s] Level 1:colcon.colcon_core.package_identification:_identify(.) by extension 'python'
[0.367s] Level 1:colcon.colcon_core.package_identification:_identify(.) by extensions ['python_setup_py']
[0.367s] Level 1:colcon.colcon_core.package_identification:_identify(.) by extension 'python_setup_py'
[0.367s] Level 1:colcon.colcon_core.package_identification:_identify(build) by extensions ['ignore', 'ignore_ament_install']
[0.367s] Level 1:colcon.colcon_core.package_identification:_identify(build) by extension 'ignore'
[0.367s] Level 1:colcon.colcon_core.package_identification:_identify(build) ignored
[0.367s] Level 1:colcon.colcon_core.package_identification:_identify(exercice1_lab3_ws) by extensions ['ignore', 'ignore_ament_install']
[0.367s] Level 1:colcon.colcon_core.package_identification:_identify(exercice1_lab3_ws) by extension 'ignore'
[0.367s] Level 1:colcon.colcon_core.package_identification:_identify(exercice1_lab3_ws) by extension 'ignore_ament_install'
[0.368s] Level 1:colcon.colcon_core.package_identification:_identify(exercice1_lab3_ws) by extensions ['colcon_pkg']
[0.368s] Level 1:colcon.colcon_core.package_identification:_identify(exercice1_lab3_ws) by extension 'colcon_pkg'
[0.368s] Level 1:colcon.colcon_core.package_identification:_identify(exercice1_lab3_ws) by extensions ['colcon_meta']
[0.368s] Level 1:colcon.colcon_core.package_identification:_identify(exercice1_lab3_ws) by extension 'colcon_meta'
[0.368s] Level 1:colcon.colcon_core.package_identification:_identify(exercice1_lab3_ws) by extensions ['ros']
[0.368s] Level 1:colcon.colcon_core.package_identification:_identify(exercice1_lab3_ws) by extension 'ros'
[0.368s] Level 1:colcon.colcon_core.package_identification:_identify(exercice1_lab3_ws) by extensions ['cmake', 'python']
[0.368s] Level 1:colcon.colcon_core.package_identification:_identify(exercice1_lab3_ws) by extension 'cmake'
[0.368s] Level 1:colcon.colcon_core.package_identification:_identify(exercice1_lab3_ws) by extension 'python'
[0.368s] Level 1:colcon.colcon_core.package_identification:_identify(exercice1_lab3_ws) by extensions ['python_setup_py']
[0.368s] Level 1:colcon.colcon_core.package_identification:_identify(exercice1_lab3_ws) by extension 'python_setup_py'
[0.368s] Level 1:colcon.colcon_core.package_identification:_identify(exercice1_lab3_ws/build) by extensions ['ignore', 'ignore_ament_install']
[0.368s] Level 1:colcon.colcon_core.package_identification:_identify(exercice1_lab3_ws/build) by extension 'ignore'
[0.368s] Level 1:colcon.colcon_core.package_identification:_identify(exercice1_lab3_ws/build) ignored
[0.368s] Level 1:colcon.colcon_core.package_identification:_identify(exercice1_lab3_ws/install) by extensions ['ignore', 'ignore_ament_install']
[0.369s] Level 1:colcon.colcon_core.package_identification:_identify(exercice1_lab3_ws/install) by extension 'ignore'
[0.369s] Level 1:colcon.colcon_core.package_identification:_identify(exercice1_lab3_ws/install) ignored
[0.369s] Level 1:colcon.colcon_core.package_identification:_identify(exercice1_lab3_ws/log) by extensions ['ignore', 'ignore_ament_install']
[0.369s] Level 1:colcon.colcon_core.package_identification:_identify(exercice1_lab3_ws/log) by extension 'ignore'
[0.369s] Level 1:colcon.colcon_core.package_identification:_identify(exercice1_lab3_ws/log) ignored
[0.369s] Level 1:colcon.colcon_core.package_identification:_identify(exercice1_lab3_ws/src) by extensions ['ignore', 'ignore_ament_install']
[0.369s] Level 1:colcon.colcon_core.package_identification:_identify(exercice1_lab3_ws/src) by extension 'ignore'
[0.369s] Level 1:colcon.colcon_core.package_identification:_identify(exercice1_lab3_ws/src) by extension 'ignore_ament_install'
[0.369s] Level 1:colcon.colcon_core.package_identification:_identify(exercice1_lab3_ws/src) by extensions ['colcon_pkg']
[0.369s] Level 1:colcon.colcon_core.package_identification:_identify(exercice1_lab3_ws/src) by extension 'colcon_pkg'
[0.369s] Level 1:colcon.colcon_core.package_identification:_identify(exercice1_lab3_ws/src) by extensions ['colcon_meta']
[0.369s] Level 1:colcon.colcon_core.package_identification:_identify(exercice1_lab3_ws/src) by extension 'colcon_meta'
[0.369s] Level 1:colcon.colcon_core.package_identification:_identify(exercice1_lab3_ws/src) by extensions ['ros']
[0.369s] Level 1:colcon.colcon_core.package_identification:_identify(exercice1_lab3_ws/src) by extension 'ros'
[0.370s] Level 1:colcon.colcon_core.package_identification:_identify(exercice1_lab3_ws/src) by extensions ['cmake', 'python']
[0.370s] Level 1:colcon.colcon_core.package_identification:_identify(exercice1_lab3_ws/src) by extension 'cmake'
[0.370s] Level 1:colcon.colcon_core.package_identification:_identify(exercice1_lab3_ws/src) by extension 'python'
[0.370s] Level 1:colcon.colcon_core.package_identification:_identify(exercice1_lab3_ws/src) by extensions ['python_setup_py']
[0.370s] Level 1:colcon.colcon_core.package_identification:_identify(exercice1_lab3_ws/src) by extension 'python_setup_py'
[0.370s] Level 1:colcon.colcon_core.package_identification:_identify(exercice1_lab3_ws/src/emergency_lab3) by extensions ['ignore', 'ignore_ament_install']
[0.370s] Level 1:colcon.colcon_core.package_identification:_identify(exercice1_lab3_ws/src/emergency_lab3) by extension 'ignore'
[0.370s] Level 1:colcon.colcon_core.package_identification:_identify(exercice1_lab3_ws/src/emergency_lab3) by extension 'ignore_ament_install'
[0.370s] Level 1:colcon.colcon_core.package_identification:_identify(exercice1_lab3_ws/src/emergency_lab3) by extensions ['colcon_pkg']
[0.370s] Level 1:colcon.colcon_core.package_identification:_identify(exercice1_lab3_ws/src/emergency_lab3) by extension 'colcon_pkg'
[0.370s] Level 1:colcon.colcon_core.package_identification:_identify(exercice1_lab3_ws/src/emergency_lab3) by extensions ['colcon_meta']
[0.370s] Level 1:colcon.colcon_core.package_identification:_identify(exercice1_lab3_ws/src/emergency_lab3) by extension 'colcon_meta'
[0.370s] Level 1:colcon.colcon_core.package_identification:_identify(exercice1_lab3_ws/src/emergency_lab3) by extensions ['ros']
[0.370s] Level 1:colcon.colcon_core.package_identification:_identify(exercice1_lab3_ws/src/emergency_lab3) by extension 'ros'
[0.373s] DEBUG:colcon.colcon_core.package_identification:Package 'exercice1_lab3_ws/src/emergency_lab3' with type 'ros.ament_python' and name 'emergency_lab3'
[0.373s] Level 1:colcon.colcon_core.package_identification:_identify(install) by extensions ['ignore', 'ignore_ament_install']
[0.374s] Level 1:colcon.colcon_core.package_identification:_identify(install) by extension 'ignore'
[0.374s] Level 1:colcon.colcon_core.package_identification:_identify(install) ignored
[0.374s] Level 1:colcon.colcon_core.package_identification:_identify(log) by extensions ['ignore', 'ignore_ament_install']
[0.374s] Level 1:colcon.colcon_core.package_identification:_identify(log) by extension 'ignore'
[0.374s] Level 1:colcon.colcon_core.package_identification:_identify(log) ignored
[0.374s] Level 1:colcon.colcon_core.package_identification:_identify(src) by extensions ['ignore', 'ignore_ament_install']
[0.374s] Level 1:colcon.colcon_core.package_identification:_identify(src) by extension 'ignore'
[0.374s] Level 1:colcon.colcon_core.package_identification:_identify(src) by extension 'ignore_ament_install'
[0.374s] Level 1:colcon.colcon_core.package_identification:_identify(src) by extensions ['colcon_pkg']
[0.374s] Level 1:colcon.colcon_core.package_identification:_identify(src) by extension 'colcon_pkg'
[0.374s] Level 1:colcon.colcon_core.package_identification:_identify(src) by extensions ['colcon_meta']
[0.374s] Level 1:colcon.colcon_core.package_identification:_identify(src) by extension 'colcon_meta'
[0.374s] Level 1:colcon.colcon_core.package_identification:_identify(src) by extensions ['ros']
[0.375s] Level 1:colcon.colcon_core.package_identification:_identify(src) by extension 'ros'
[0.375s] Level 1:colcon.colcon_core.package_identification:_identify(src) by extensions ['cmake', 'python']
[0.375s] Level 1:colcon.colcon_core.package_identification:_identify(src) by extension 'cmake'
[0.375s] Level 1:colcon.colcon_core.package_identification:_identify(src) by extension 'python'
[0.375s] Level 1:colcon.colcon_core.package_identification:_identify(src) by extensions ['python_setup_py']
[0.375s] Level 1:colcon.colcon_core.package_identification:_identify(src) by extension 'python_setup_py'
[0.375s] Level 1:colcon.colcon_core.package_identification:_identify(src/custom_interfaces) by extensions ['ignore', 'ignore_ament_install']
[0.375s] Level 1:colcon.colcon_core.package_identification:_identify(src/custom_interfaces) by extension 'ignore'
[0.375s] Level 1:colcon.colcon_core.package_identification:_identify(src/custom_interfaces) by extension 'ignore_ament_install'
[0.375s] Level 1:colcon.colcon_core.package_identification:_identify(src/custom_interfaces) by extensions ['colcon_pkg']
[0.375s] Level 1:colcon.colcon_core.package_identification:_identify(src/custom_interfaces) by extension 'colcon_pkg'
[0.375s] Level 1:colcon.colcon_core.package_identification:_identify(src/custom_interfaces) by extensions ['colcon_meta']
[0.375s] Level 1:colcon.colcon_core.package_identification:_identify(src/custom_interfaces) by extension 'colcon_meta'
[0.375s] Level 1:colcon.colcon_core.package_identification:_identify(src/custom_interfaces) by extensions ['ros']
[0.375s] Level 1:colcon.colcon_core.package_identification:_identify(src/custom_interfaces) by extension 'ros'
[0.376s] DEBUG:colcon.colcon_core.package_identification:Package 'src/custom_interfaces' with type 'ros.ament_cmake' and name 'custom_interfaces'
[0.376s] Level 1:colcon.colcon_core.package_identification:_identify(src/fleet_interfaces) by extensions ['ignore', 'ignore_ament_install']
[0.377s] Level 1:colcon.colcon_core.package_identification:_identify(src/fleet_interfaces) by extension 'ignore'
[0.377s] Level 1:colcon.colcon_core.package_identification:_identify(src/fleet_interfaces) by extension 'ignore_ament_install'
[0.377s] Level 1:colcon.colcon_core.package_identification:_identify(src/fleet_interfaces) by extensions ['colcon_pkg']
[0.377s] Level 1:colcon.colcon_core.package_identification:_identify(src/fleet_interfaces) by extension 'colcon_pkg'
[0.377s] Level 1:colcon.colcon_core.package_identification:_identify(src/fleet_interfaces) by extensions ['colcon_meta']
[0.377s] Level 1:colcon.colcon_core.package_identification:_identify(src/fleet_interfaces) by extension 'colcon_meta'
[0.377s] Level 1:colcon.colcon_core.package_identification:_identify(src/fleet_interfaces) by extensions ['ros']
[0.377s] Level 1:colcon.colcon_core.package_identification:_identify(src/fleet_interfaces) by extension 'ros'
[0.378s] DEBUG:colcon.colcon_core.package_identification:Package 'src/fleet_interfaces' with type 'ros.ament_cmake' and name 'fleet_interfaces'
[0.378s] Level 1:colcon.colcon_core.package_identification:_identify(src/fleet_manager) by extensions ['ignore', 'ignore_ament_install']
[0.378s] Level 1:colcon.colcon_core.package_identification:_identify(src/fleet_manager) by extension 'ignore'
[0.378s] Level 1:colcon.colcon_core.package_identification:_identify(src/fleet_manager) by extension 'ignore_ament_install'
[0.378s] Level 1:colcon.colcon_core.package_identification:_identify(src/fleet_manager) by extensions ['colcon_pkg']
[0.378s] Level 1:colcon.colcon_core.package_identification:_identify(src/fleet_manager) by extension 'colcon_pkg'
[0.378s] Level 1:colcon.colcon_core.package_identification:_identify(src/fleet_manager) by extensions ['colcon_meta']
[0.378s] Level 1:colcon.colcon_core.package_identification:_identify(src/fleet_manager) by extension 'colcon_meta'
[0.378s] Level 1:colcon.colcon_core.package_identification:_identify(src/fleet_manager) by extensions ['ros']
[0.378s] Level 1:colcon.colcon_core.package_identification:_identify(src/fleet_manager) by extension 'ros'
[0.379s] DEBUG:colcon.colcon_core.package_identification:Package 'src/fleet_manager' with type 'ros.ament_python' and name 'fleet_manager'
[0.379s] Level 1:colcon.colcon_core.package_identification:_identify(src/robot_actions) by extensions ['ignore', 'ignore_ament_install']
[0.380s] Level 1:colcon.colcon_core.package_identification:_identify(src/robot_actions) by extension 'ignore'
[0.380s] Level 1:colcon.colcon_core.package_identification:_identify(src/robot_actions) by extension 'ignore_ament_install'
[0.380s] Level 1:colcon.colcon_core.package_identification:_identify(src/robot_actions) by extensions ['colcon_pkg']
[0.380s] Level 1:colcon.colcon_core.package_identification:_identify(src/robot_actions) by extension 'colcon_pkg'
[0.380s] Level 1:colcon.colcon_core.package_identification:_identify(src/robot_actions) by extensions ['colcon_meta']
[0.380s] Level 1:colcon.colcon_core.package_identification:_identify(src/robot_actions) by extension 'colcon_meta'
[0.380s] Level 1:colcon.colcon_core.package_identification:_identify(src/robot_actions) by extensions ['ros']
[0.380s] Level 1:colcon.colcon_core.package_identification:_identify(src/robot_actions) by extension 'ros'
[0.381s] DEBUG:colcon.colcon_core.package_identification:Package 'src/robot_actions' with type 'ros.ament_python' and name 'robot_actions'
[0.381s] Level 1:colcon.colcon_core.package_identification:_identify(src/robotics_sim_project) by extensions ['ignore', 'ignore_ament_install']
[0.381s] Level 1:colcon.colcon_core.package_identification:_identify(src/robotics_sim_project) by extension 'ignore'
[0.381s] Level 1:colcon.colcon_core.package_identification:_identify(src/robotics_sim_project) by extension 'ignore_ament_install'
[0.381s] Level 1:colcon.colcon_core.package_identification:_identify(src/robotics_sim_project) by extensions ['colcon_pkg']
[0.382s] Level 1:colcon.colcon_core.package_identification:_identify(src/robotics_sim_project) by extension 'colcon_pkg'
[0.382s] Level 1:colcon.colcon_core.package_identification:_identify(src/robotics_sim_project) by extensions ['colcon_meta']
[0.382s] Level 1:colcon.colcon_core.package_identification:_identify(src/robotics_sim_project) by extension 'colcon_meta'
[0.382s] Level 1:colcon.colcon_core.package_identification:_identify(src/robotics_sim_project) by extensions ['ros']
[0.382s] Level 1:colcon.colcon_core.package_identification:_identify(src/robotics_sim_project) by extension 'ros'
[0.382s] DEBUG:colcon.colcon_core.package_identification:Package 'src/robotics_sim_project' with type 'ros.ament_cmake' and name 'robotics_sim_project'
[0.382s] Level 1:colcon.colcon_core.package_identification:_identify(src/simple_interfaces) by extensions ['ignore', 'ignore_ament_install']
[0.383s] Level 1:colcon.colcon_core.package_identification:_identify(src/simple_interfaces) by extension 'ignore'
[0.383s] Level 1:colcon.colcon_core.package_identification:_identify(src/simple_interfaces) by extension 'ignore_ament_install'
[0.383s] Level 1:colcon.colcon_core.package_identification:_identify(src/simple_interfaces) by extensions ['colcon_pkg']
[0.383s] Level 1:colcon.colcon_core.package_identification:_identify(src/simple_interfaces) by extension 'colcon_pkg'
[0.383s] Level 1:colcon.colcon_core.package_identification:_identify(src/simple_interfaces) by extensions ['colcon_meta']
[0.383s] Level 1:colcon.colcon_core.package_identification:_identify(src/simple_interfaces) by extension 'colcon_meta'
[0.383s] Level 1:colcon.colcon_core.package_identification:_identify(src/simple_interfaces) by extensions ['ros']
[0.383s] Level 1:colcon.colcon_core.package_identification:_identify(src/simple_interfaces) by extension 'ros'
[0.383s] DEBUG:colcon.colcon_core.package_identification:Package 'src/simple_interfaces' with type 'ros.ament_cmake' and name 'simple_interfaces'
[0.384s] Level 1:colcon.colcon_core.package_identification:_identify(src/simple_params) by extensions ['ignore', 'ignore_ament_install']
[0.384s] Level 1:colcon.colcon_core.package_identification:_identify(src/simple_params) by extension 'ignore'
[0.384s] Level 1:colcon.colcon_core.package_identification:_identify(src/simple_params) by extension 'ignore_ament_install'
[0.384s] Level 1:colcon.colcon_core.package_identification:_identify(src/simple_params) by extensions ['colcon_pkg']
[0.384s] Level 1:colcon.colcon_core.package_identification:_identify(src/simple_params) by extension 'colcon_pkg'
[0.384s] Level 1:colcon.colcon_core.package_identification:_identify(src/simple_params) by extensions ['colcon_meta']
[0.384s] Level 1:colcon.colcon_core.package_identification:_identify(src/simple_params) by extension 'colcon_meta'
[0.384s] Level 1:colcon.colcon_core.package_identification:_identify(src/simple_params) by extensions ['ros']
[0.384s] Level 1:colcon.colcon_core.package_identification:_identify(src/simple_params) by extension 'ros'
[0.385s] DEBUG:colcon.colcon_core.package_identification:Package 'src/simple_params' with type 'ros.ament_python' and name 'simple_params'
[0.385s] Level 1:colcon.colcon_core.package_discovery:discover_packages(recursive) using defaults
[0.385s] Level 1:colcon.colcon_core.package_discovery:discover_packages(ignore) discover
[0.385s] Level 1:colcon.colcon_core.package_discovery:discover_packages(ignore) using defaults
[0.385s] Level 1:colcon.colcon_core.package_discovery:discover_packages(path) discover
[0.385s] Level 1:colcon.colcon_core.package_discovery:discover_packages(path) using defaults
[0.421s] INFO:colcon.colcon_core.package_selection:Skipping not selected package 'custom_interfaces' in 'src/custom_interfaces'
[0.422s] INFO:colcon.colcon_core.package_selection:Skipping not selected package 'fleet_interfaces' in 'src/fleet_interfaces'
[0.422s] INFO:colcon.colcon_core.package_selection:Skipping not selected package 'simple_interfaces' in 'src/simple_interfaces'
[0.422s] INFO:colcon.colcon_core.package_selection:Skipping not selected package 'emergency_lab3' in 'exercice1_lab3_ws/src/emergency_lab3'
[0.422s] INFO:colcon.colcon_core.package_selection:Skipping not selected package 'fleet_manager' in 'src/fleet_manager'
[0.422s] INFO:colcon.colcon_core.package_selection:Skipping not selected package 'robot_actions' in 'src/robot_actions'
[0.422s] INFO:colcon.colcon_core.package_selection:Skipping not selected package 'simple_params' in 'src/simple_params'
[0.422s] Level 1:colcon.colcon_core.package_discovery:discover_packages(prefix_path) check parameters
[0.422s] Level 1:colcon.colcon_core.package_discovery:discover_packages(prefix_path) discover
[0.425s] DEBUG:colcon.colcon_installed_package_information.package_discovery:Found 7 installed packages in /home/farah/ros2_ws/install
[0.427s] DEBUG:colcon.colcon_installed_package_information.package_discovery:Found 358 installed packages in /opt/ros/humble
[0.429s] Level 1:colcon.colcon_core.package_discovery:discover_packages(prefix_path) using defaults
[0.484s] Level 5:colcon.colcon_core.verb:set package 'robotics_sim_project' build argument 'cmake_args' from command line to 'None'
[0.484s] Level 5:colcon.colcon_core.verb:set package 'robotics_sim_project' build argument 'cmake_target' from command line to 'None'
[0.484s] Level 5:colcon.colcon_core.verb:set package 'robotics_sim_project' build argument 'cmake_target_skip_unavailable' from command line to 'False'
[0.484s] Level 5:colcon.colcon_core.verb:set package 'robotics_sim_project' build argument 'cmake_clean_cache' from command line to 'False'
[0.484s] Level 5:colcon.colcon_core.verb:set package 'robotics_sim_project' build argument 'cmake_clean_first' from command line to 'False'
[0.484s] Level 5:colcon.colcon_core.verb:set package 'robotics_sim_project' build argument 'cmake_force_configure' from command line to 'False'
[0.484s] Level 5:colcon.colcon_core.verb:set package 'robotics_sim_project' build argument 'ament_cmake_args' from command line to 'None'
[0.484s] Level 5:colcon.colcon_core.verb:set package 'robotics_sim_project' build argument 'catkin_cmake_args' from command line to 'None'
[0.484s] Level 5:colcon.colcon_core.verb:set package 'robotics_sim_project' build argument 'catkin_skip_building_tests' from command line to 'False'
[0.484s] DEBUG:colcon.colcon_core.verb:Building package 'robotics_sim_project' with the following arguments: {'ament_cmake_args': None, 'build_base': '/home/farah/ros2_ws/build/robotics_sim_project', 'catkin_cmake_args': None, 'catkin_skip_building_tests': False, 'cmake_args': None, 'cmake_clean_cache': False, 'cmake_clean_first': False, 'cmake_force_configure': False, 'cmake_target': None, 'cmake_target_skip_unavailable': False, 'install_base': '/home/farah/ros2_ws/install/robotics_sim_project', 'merge_install': False, 'path': '/home/farah/ros2_ws/src/robotics_sim_project', 'symlink_install': False, 'test_result_base': None}
[0.484s] INFO:colcon.colcon_core.executor:Executing jobs using 'parallel' executor
[0.485s] DEBUG:colcon.colcon_parallel_executor.executor.parallel:run_until_complete
[0.486s] INFO:colcon.colcon_ros.task.ament_cmake.build:Building ROS package in '/home/farah/ros2_ws/src/robotics_sim_project' with build type 'ament_cmake'
[0.486s] INFO:colcon.colcon_cmake.task.cmake.build:Building CMake package in '/home/farah/ros2_ws/src/robotics_sim_project'
[0.490s] INFO:colcon.colcon_core.plugin_system:Skipping extension 'colcon_core.shell.bat': Not used on non-Windows systems
[0.491s] INFO:colcon.colcon_core.shell:Skip shell extension 'powershell' for command environment: Not usable outside of PowerShell
[0.491s] DEBUG:colcon.colcon_core.shell:Skip shell extension 'dsv' for command environment
[0.509s] DEBUG:colcon.colcon_core.event_handler.log_command:Invoking command in '/home/farah/ros2_ws/build/robotics_sim_project': CMAKE_PREFIX_PATH=${CMAKE_PREFIX_PATH}:/home/farah/ros2_ws/install/simple_params:/home/farah/ros2_ws/install/robot_actions:/home/farah/ros2_ws/install/fleet_manager:/opt/ros/humble /usr/bin/cmake --build /home/farah/ros2_ws/build/robotics_sim_project -- -j2 -l2
[0.595s] DEBUG:colcon.colcon_core.event_handler.log_command:Invoked command in '/home/farah/ros2_ws/build/robotics_sim_project' returned '0': CMAKE_PREFIX_PATH=${CMAKE_PREFIX_PATH}:/home/farah/ros2_ws/install/simple_params:/home/farah/ros2_ws/install/robot_actions:/home/farah/ros2_ws/install/fleet_manager:/opt/ros/humble /usr/bin/cmake --build /home/farah/ros2_ws/build/robotics_sim_project -- -j2 -l2
[0.634s] DEBUG:colcon.colcon_core.event_handler.log_command:Invoking command in '/home/farah/ros2_ws/build/robotics_sim_project': CMAKE_PREFIX_PATH=${CMAKE_PREFIX_PATH}:/home/farah/ros2_ws/install/simple_params:/home/farah/ros2_ws/install/robot_actions:/home/farah/ros2_ws/install/fleet_manager:/opt/ros/humble /usr/bin/cmake --install /home/farah/ros2_ws/build/robotics_sim_project
[0.664s] Level 1:colcon.colcon_core.environment:create_environment_scripts_only(robotics_sim_project)
[0.669s] DEBUG:colcon.colcon_core.event_handler.log_command:Invoked command in '/home/farah/ros2_ws/build/robotics_sim_project' returned '0': CMAKE_PREFIX_PATH=${CMAKE_PREFIX_PATH}:/home/farah/ros2_ws/install/simple_params:/home/farah/ros2_ws/install/robot_actions:/home/farah/ros2_ws/install/fleet_manager:/opt/ros/humble /usr/bin/cmake --install /home/farah/ros2_ws/build/robotics_sim_project
[0.671s] Level 1:colcon.colcon_core.environment:checking '/home/farah/ros2_ws/install/robotics_sim_project' for CMake module files
[0.672s] Level 1:colcon.colcon_core.environment:checking '/home/farah/ros2_ws/install/robotics_sim_project' for CMake config files
[0.672s] Level 1:colcon.colcon_core.shell:create_environment_hook('robotics_sim_project', 'cmake_prefix_path')
[0.672s] INFO:colcon.colcon_core.shell:Creating environment hook '/home/farah/ros2_ws/install/robotics_sim_project/share/robotics_sim_project/hook/cmake_prefix_path.ps1'
[0.673s] INFO:colcon.colcon_core.shell:Creating environment descriptor '/home/farah/ros2_ws/install/robotics_sim_project/share/robotics_sim_project/hook/cmake_prefix_path.dsv'
[0.674s] INFO:colcon.colcon_core.shell:Creating environment hook '/home/farah/ros2_ws/install/robotics_sim_project/share/robotics_sim_project/hook/cmake_prefix_path.sh'
[0.676s] Level 1:colcon.colcon_core.environment:checking '/home/farah/ros2_ws/install/robotics_sim_project/bin'
[0.677s] Level 1:colcon.colcon_core.environment:checking '/home/farah/ros2_ws/install/robotics_sim_project/lib/pkgconfig/robotics_sim_project.pc'
[0.677s] Level 1:colcon.colcon_core.environment:checking '/home/farah/ros2_ws/install/robotics_sim_project/lib/python3.10/site-packages'
[0.677s] Level 1:colcon.colcon_core.environment:checking '/home/farah/ros2_ws/install/robotics_sim_project/bin'
[0.678s] INFO:colcon.colcon_core.shell:Creating package script '/home/farah/ros2_ws/install/robotics_sim_project/share/robotics_sim_project/package.ps1'
[0.680s] INFO:colcon.colcon_core.shell:Creating package descriptor '/home/farah/ros2_ws/install/robotics_sim_project/share/robotics_sim_project/package.dsv'
[0.681s] INFO:colcon.colcon_core.shell:Creating package script '/home/farah/ros2_ws/install/robotics_sim_project/share/robotics_sim_project/package.sh'
[0.685s] INFO:colcon.colcon_core.shell:Creating package script '/home/farah/ros2_ws/install/robotics_sim_project/share/robotics_sim_project/package.bash'
[0.686s] INFO:colcon.colcon_core.shell:Creating package script '/home/farah/ros2_ws/install/robotics_sim_project/share/robotics_sim_project/package.zsh'
[0.689s] Level 1:colcon.colcon_core.environment:create_file_with_runtime_dependencies(/home/farah/ros2_ws/install/robotics_sim_project/share/colcon-core/packages/robotics_sim_project)
[0.693s] Level 1:colcon.colcon_core.environment:create_environment_scripts_only(robotics_sim_project)
[0.693s] Level 1:colcon.colcon_core.environment:checking '/home/farah/ros2_ws/install/robotics_sim_project' for CMake module files
[0.694s] Level 1:colcon.colcon_core.environment:checking '/home/farah/ros2_ws/install/robotics_sim_project' for CMake config files
[0.694s] Level 1:colcon.colcon_core.shell:create_environment_hook('robotics_sim_project', 'cmake_prefix_path')
[0.695s] INFO:colcon.colcon_core.shell:Creating environment hook '/home/farah/ros2_ws/install/robotics_sim_project/share/robotics_sim_project/hook/cmake_prefix_path.ps1'
[0.696s] INFO:colcon.colcon_core.shell:Creating environment descriptor '/home/farah/ros2_ws/install/robotics_sim_project/share/robotics_sim_project/hook/cmake_prefix_path.dsv'
[0.699s] INFO:colcon.colcon_core.shell:Creating environment hook '/home/farah/ros2_ws/install/robotics_sim_project/share/robotics_sim_project/hook/cmake_prefix_path.sh'
[0.701s] Level 1:colcon.colcon_core.environment:checking '/home/farah/ros2_ws/install/robotics_sim_project/bin'
[0.702s] Level 1:colcon.colcon_core.environment:checking '/home/farah/ros2_ws/install/robotics_sim_project/lib/pkgconfig/robotics_sim_project.pc'
[0.702s] Level 1:colcon.colcon_core.environment:checking '/home/farah/ros2_ws/install/robotics_sim_project/lib/python3.10/site-packages'
[0.703s] Level 1:colcon.colcon_core.environment:checking '/home/farah/ros2_ws/install/robotics_sim_project/bin'
[0.703s] INFO:colcon.colcon_core.shell:Creating package script '/home/farah/ros2_ws/install/robotics_sim_project/share/robotics_sim_project/package.ps1'
[0.704s] INFO:colcon.colcon_core.shell:Creating package descriptor '/home/farah/ros2_ws/install/robotics_sim_project/share/robotics_sim_project/package.dsv'
[0.705s] INFO:colcon.colcon_core.shell:Creating package script '/home/farah/ros2_ws/install/robotics_sim_project/share/robotics_sim_project/package.sh'
[0.706s] INFO:colcon.colcon_core.shell:Creating package script '/home/farah/ros2_ws/install/robotics_sim_project/share/robotics_sim_project/package.bash'
[0.707s] INFO:colcon.colcon_core.shell:Creating package script '/home/farah/ros2_ws/install/robotics_sim_project/share/robotics_sim_project/package.zsh'
[0.708s] Level 1:colcon.colcon_core.environment:create_file_with_runtime_dependencies(/home/farah/ros2_ws/install/robotics_sim_project/share/colcon-core/packages/robotics_sim_project)
[0.709s] DEBUG:colcon.colcon_parallel_executor.executor.parallel:closing loop
[0.709s] DEBUG:colcon.colcon_parallel_executor.executor.parallel:loop closed
[0.710s] DEBUG:colcon.colcon_parallel_executor.executor.parallel:run_until_complete finished with '0'
[0.711s] DEBUG:colcon.colcon_core.event_reactor:joining thread
[0.723s] INFO:colcon.colcon_core.plugin_system:Skipping extension 'colcon_notification.desktop_notification.terminal_notifier': Not used on non-Darwin systems
[0.724s] INFO:colcon.colcon_core.plugin_system:Skipping extension 'colcon_notification.desktop_notification.win32': Not used on non-Windows systems
[0.725s] INFO:colcon.colcon_notification.desktop_notification:Sending desktop notification using 'notify2'
[0.797s] DEBUG:colcon.colcon_core.event_reactor:joined thread
[0.798s] INFO:colcon.colcon_core.shell:Creating prefix script '/home/farah/ros2_ws/install/local_setup.ps1'
[0.802s] INFO:colcon.colcon_core.shell:Creating prefix util module '/home/farah/ros2_ws/install/_local_setup_util_ps1.py'
[0.810s] INFO:colcon.colcon_core.shell:Creating prefix chain script '/home/farah/ros2_ws/install/setup.ps1'
[0.815s] INFO:colcon.colcon_core.shell:Creating prefix script '/home/farah/ros2_ws/install/local_setup.sh'
[0.819s] INFO:colcon.colcon_core.shell:Creating prefix util module '/home/farah/ros2_ws/install/_local_setup_util_sh.py'
[0.821s] INFO:colcon.colcon_core.shell:Creating prefix chain script '/home/farah/ros2_ws/install/setup.sh'
[0.834s] INFO:colcon.colcon_core.shell:Creating prefix script '/home/farah/ros2_ws/install/local_setup.bash'
[0.839s] INFO:colcon.colcon_core.shell:Creating prefix chain script '/home/farah/ros2_ws/install/setup.bash'
[0.843s] INFO:colcon.colcon_core.shell:Creating prefix script '/home/farah/ros2_ws/install/local_setup.zsh'
[0.845s] INFO:colcon.colcon_core.shell:Creating prefix chain script '/home/farah/ros2_ws/install/setup.zsh'
