[0.592s] DEBUG:colcon:Command line arguments: ['/usr/bin/colcon', 'build', '--symlink-install']
[0.595s] DEBUG:colcon:Parsed command line arguments: Namespace(log_base=None, log_level=None, verb_name='build', build_base='build', install_base='install', merge_install=False, symlink_install=True, test_result_base=None, continue_on_error=False, executor='parallel', parallel_workers=2, event_handlers=None, ignore_user_meta=False, metas=['./colcon.meta'], base_paths=['.'], packages_ignore=None, packages_ignore_regex=None, paths=None, packages_up_to=None, packages_up_to_regex=None, packages_above=None, packages_above_and_dependencies=None, packages_above_depth=None, packages_select_by_dep=None, packages_skip_by_dep=None, packages_skip_up_to=None, packages_select_build_failed=False, packages_skip_build_finished=False, packages_select_test_failures=False, packages_skip_test_passed=False, packages_select=None, packages_skip=None, packages_select_regex=None, packages_skip_regex=None, packages_start=None, packages_end=None, allow_overriding=[], cmake_args=None, cmake_target=None, cmake_target_skip_unavailable=False, cmake_clean_cache=False, cmake_clean_first=False, cmake_force_configure=False, ament_cmake_args=None, catkin_cmake_args=None, catkin_skip_building_tests=False, mixin_files=None, mixin=None, verb_parser=<colcon_mixin.mixin.mixin_argument.MixinArgumentDecorator object at 0x7f1a7f161b70>, verb_extension=<colcon_core.verb.build.BuildVerb object at 0x7f1a7f161690>, main=<bound method BuildVerb.main of <colcon_core.verb.build.BuildVerb object at 0x7f1a7f161690>>, mixin_verb=('build',))
[1.500s] Level 1:colcon.colcon_core.package_discovery:discover_packages(colcon_meta) check parameters
[1.501s] Level 1:colcon.colcon_core.package_discovery:discover_packages(recursive) check parameters
[1.501s] Level 1:colcon.colcon_core.package_discovery:discover_packages(ignore) check parameters
[1.502s] Level 1:colcon.colcon_core.package_discovery:discover_packages(path) check parameters
[1.502s] Level 1:colcon.colcon_core.package_discovery:discover_packages(colcon_meta) discover
[1.502s] Level 1:colcon.colcon_core.package_discovery:discover_packages(recursive) discover
[1.502s] INFO:colcon.colcon_core.package_discovery:Crawling recursively for packages in '/home/farah/exercice1_lab3_ws'
[1.503s] Level 1:colcon.colcon_core.package_identification:_identify(.) by extensions ['ignore', 'ignore_ament_install']
[1.504s] Level 1:colcon.colcon_core.package_identification:_identify(.) by extension 'ignore'
[1.504s] Level 1:colcon.colcon_core.package_identification:_identify(.) by extension 'ignore_ament_install'
[1.505s] Level 1:colcon.colcon_core.package_identification:_identify(.) by extensions ['colcon_pkg']
[1.505s] Level 1:colcon.colcon_core.package_identification:_identify(.) by extension 'colcon_pkg'
[1.505s] Level 1:colcon.colcon_core.package_identification:_identify(.) by extensions ['colcon_meta']
[1.505s] Level 1:colcon.colcon_core.package_identification:_identify(.) by extension 'colcon_meta'
[1.505s] Level 1:colcon.colcon_core.package_identification:_identify(.) by extensions ['ros']
[1.506s] Level 1:colcon.colcon_core.package_identification:_identify(.) by extension 'ros'
[1.629s] Level 1:colcon.colcon_core.package_identification:_identify(.) by extensions ['cmake', 'python']
[1.629s] Level 1:colcon.colcon_core.package_identification:_identify(.) by extension 'cmake'
[1.629s] Level 1:colcon.colcon_core.package_identification:_identify(.) by extension 'python'
[1.629s] Level 1:colcon.colcon_core.package_identification:_identify(.) by extensions ['python_setup_py']
[1.629s] Level 1:colcon.colcon_core.package_identification:_identify(.) by extension 'python_setup_py'
[1.631s] Level 1:colcon.colcon_core.package_identification:_identify(build) by extensions ['ignore', 'ignore_ament_install']
[1.632s] Level 1:colcon.colcon_core.package_identification:_identify(build) by extension 'ignore'
[1.634s] Level 1:colcon.colcon_core.package_identification:_identify(build) ignored
[1.635s] Level 1:colcon.colcon_core.package_identification:_identify(install) by extensions ['ignore', 'ignore_ament_install']
[1.636s] Level 1:colcon.colcon_core.package_identification:_identify(install) by extension 'ignore'
[1.636s] Level 1:colcon.colcon_core.package_identification:_identify(install) ignored
[1.637s] Level 1:colcon.colcon_core.package_identification:_identify(log) by extensions ['ignore', 'ignore_ament_install']
[1.637s] Level 1:colcon.colcon_core.package_identification:_identify(log) by extension 'ignore'
[1.637s] Level 1:colcon.colcon_core.package_identification:_identify(log) ignored
[1.638s] Level 1:colcon.colcon_core.package_identification:_identify(src) by extensions ['ignore', 'ignore_ament_install']
[1.639s] Level 1:colcon.colcon_core.package_identification:_identify(src) by extension 'ignore'
[1.639s] Level 1:colcon.colcon_core.package_identification:_identify(src) by extension 'ignore_ament_install'
[1.639s] Level 1:colcon.colcon_core.package_identification:_identify(src) by extensions ['colcon_pkg']
[1.639s] Level 1:colcon.colcon_core.package_identification:_identify(src) by extension 'colcon_pkg'
[1.640s] Level 1:colcon.colcon_core.package_identification:_identify(src) by extensions ['colcon_meta']
[1.640s] Level 1:colcon.colcon_core.package_identification:_identify(src) by extension 'colcon_meta'
[1.641s] Level 1:colcon.colcon_core.package_identification:_identify(src) by extensions ['ros']
[1.641s] Level 1:colcon.colcon_core.package_identification:_identify(src) by extension 'ros'
[1.641s] Level 1:colcon.colcon_core.package_identification:_identify(src) by extensions ['cmake', 'python']
[1.642s] Level 1:colcon.colcon_core.package_identification:_identify(src) by extension 'cmake'
[1.642s] Level 1:colcon.colcon_core.package_identification:_identify(src) by extension 'python'
[1.642s] Level 1:colcon.colcon_core.package_identification:_identify(src) by extensions ['python_setup_py']
[1.642s] Level 1:colcon.colcon_core.package_identification:_identify(src) by extension 'python_setup_py'
[1.643s] Level 1:colcon.colcon_core.package_identification:_identify(src/emergency_lab3) by extensions ['ignore', 'ignore_ament_install']
[1.643s] Level 1:colcon.colcon_core.package_identification:_identify(src/emergency_lab3) by extension 'ignore'
[1.643s] Level 1:colcon.colcon_core.package_identification:_identify(src/emergency_lab3) by extension 'ignore_ament_install'
[1.644s] Level 1:colcon.colcon_core.package_identification:_identify(src/emergency_lab3) by extensions ['colcon_pkg']
[1.644s] Level 1:colcon.colcon_core.package_identification:_identify(src/emergency_lab3) by extension 'colcon_pkg'
[1.644s] Level 1:colcon.colcon_core.package_identification:_identify(src/emergency_lab3) by extensions ['colcon_meta']
[1.644s] Level 1:colcon.colcon_core.package_identification:_identify(src/emergency_lab3) by extension 'colcon_meta'
[1.645s] Level 1:colcon.colcon_core.package_identification:_identify(src/emergency_lab3) by extensions ['ros']
[1.645s] Level 1:colcon.colcon_core.package_identification:_identify(src/emergency_lab3) by extension 'ros'
[1.660s] DEBUG:colcon.colcon_core.package_identification:Package 'src/emergency_lab3' with type 'ros.ament_python' and name 'emergency_lab3'
[1.661s] Level 1:colcon.colcon_core.package_discovery:discover_packages(recursive) using defaults
[1.662s] Level 1:colcon.colcon_core.package_discovery:discover_packages(ignore) discover
[1.663s] Level 1:colcon.colcon_core.package_discovery:discover_packages(ignore) using defaults
[1.663s] Level 1:colcon.colcon_core.package_discovery:discover_packages(path) discover
[1.665s] Level 1:colcon.colcon_core.package_discovery:discover_packages(path) using defaults
[1.794s] Level 1:colcon.colcon_core.package_discovery:discover_packages(prefix_path) check parameters
[1.795s] Level 1:colcon.colcon_core.package_discovery:discover_packages(prefix_path) discover
[1.803s] DEBUG:colcon.colcon_installed_package_information.package_discovery:Found 0 installed packages in /home/farah/exercice1_lab3_ws/install
[1.822s] DEBUG:colcon.colcon_installed_package_information.package_discovery:Found 351 installed packages in /opt/ros/humble
[1.832s] Level 1:colcon.colcon_core.package_discovery:discover_packages(prefix_path) using defaults
[2.051s] Level 5:colcon.colcon_core.verb:set package 'emergency_lab3' build argument 'cmake_args' from command line to 'None'
[2.052s] Level 5:colcon.colcon_core.verb:set package 'emergency_lab3' build argument 'cmake_target' from command line to 'None'
[2.052s] Level 5:colcon.colcon_core.verb:set package 'emergency_lab3' build argument 'cmake_target_skip_unavailable' from command line to 'False'
[2.052s] Level 5:colcon.colcon_core.verb:set package 'emergency_lab3' build argument 'cmake_clean_cache' from command line to 'False'
[2.052s] Level 5:colcon.colcon_core.verb:set package 'emergency_lab3' build argument 'cmake_clean_first' from command line to 'False'
[2.053s] Level 5:colcon.colcon_core.verb:set package 'emergency_lab3' build argument 'cmake_force_configure' from command line to 'False'
[2.053s] Level 5:colcon.colcon_core.verb:set package 'emergency_lab3' build argument 'ament_cmake_args' from command line to 'None'
[2.053s] Level 5:colcon.colcon_core.verb:set package 'emergency_lab3' build argument 'catkin_cmake_args' from command line to 'None'
[2.053s] Level 5:colcon.colcon_core.verb:set package 'emergency_lab3' build argument 'catkin_skip_building_tests' from command line to 'False'
[2.053s] DEBUG:colcon.colcon_core.verb:Building package 'emergency_lab3' with the following arguments: {'ament_cmake_args': None, 'build_base': '/home/farah/exercice1_lab3_ws/build/emergency_lab3', 'catkin_cmake_args': None, 'catkin_skip_building_tests': False, 'cmake_args': None, 'cmake_clean_cache': False, 'cmake_clean_first': False, 'cmake_force_configure': False, 'cmake_target': None, 'cmake_target_skip_unavailable': False, 'install_base': '/home/farah/exercice1_lab3_ws/install/emergency_lab3', 'merge_install': False, 'path': '/home/farah/exercice1_lab3_ws/src/emergency_lab3', 'symlink_install': True, 'test_result_base': None}
[2.054s] INFO:colcon.colcon_core.executor:Executing jobs using 'parallel' executor
[2.060s] DEBUG:colcon.colcon_parallel_executor.executor.parallel:run_until_complete
[2.060s] INFO:colcon.colcon_ros.task.ament_python.build:Building ROS package in '/home/farah/exercice1_lab3_ws/src/emergency_lab3' with build type 'ament_python'
[2.061s] Level 1:colcon.colcon_core.shell:create_environment_hook('emergency_lab3', 'ament_prefix_path')
[2.095s] INFO:colcon.colcon_core.plugin_system:Skipping extension 'colcon_core.shell.bat': Not used on non-Windows systems
[2.095s] INFO:colcon.colcon_core.shell:Creating environment hook '/home/farah/exercice1_lab3_ws/install/emergency_lab3/share/emergency_lab3/hook/ament_prefix_path.ps1'
[2.104s] INFO:colcon.colcon_core.shell:Creating environment descriptor '/home/farah/exercice1_lab3_ws/install/emergency_lab3/share/emergency_lab3/hook/ament_prefix_path.dsv'
[2.106s] INFO:colcon.colcon_core.shell:Creating environment hook '/home/farah/exercice1_lab3_ws/install/emergency_lab3/share/emergency_lab3/hook/ament_prefix_path.sh'
[2.116s] INFO:colcon.colcon_core.shell:Skip shell extension 'powershell' for command environment: Not usable outside of PowerShell
[2.116s] DEBUG:colcon.colcon_core.shell:Skip shell extension 'dsv' for command environment
[3.901s] INFO:colcon.colcon_core.task.python.build:Building Python package in '/home/farah/exercice1_lab3_ws/src/emergency_lab3'
[3.902s] INFO:colcon.colcon_core.shell:Skip shell extension 'powershell' for command environment: Not usable outside of PowerShell
[3.903s] DEBUG:colcon.colcon_core.shell:Skip shell extension 'dsv' for command environment
[7.426s] DEBUG:colcon.colcon_core.event_handler.log_command:Invoking command in '/home/farah/exercice1_lab3_ws/build/emergency_lab3': PYTHONPATH=/home/farah/exercice1_lab3_ws/build/emergency_lab3/prefix_override:/usr/lib/python3/dist-packages/colcon_core/task/python/colcon_distutils_commands:/home/farah/exercice1_lab3_ws/install/emergency_lab3/lib/python3.10/site-packages:${PYTHONPATH} /usr/bin/python3 -W ignore:setup.py install is deprecated -W ignore:easy_install command is deprecated setup.py develop --editable --build-directory /home/farah/exercice1_lab3_ws/build/emergency_lab3/build --no-deps symlink_data
[10.328s] Level 1:colcon.colcon_core.shell:create_environment_hook('emergency_lab3', 'pythonpath_develop')
[10.330s] DEBUG:colcon.colcon_core.event_handler.log_command:Invoked command in '/home/farah/exercice1_lab3_ws/build/emergency_lab3' returned '0': PYTHONPATH=/home/farah/exercice1_lab3_ws/build/emergency_lab3/prefix_override:/usr/lib/python3/dist-packages/colcon_core/task/python/colcon_distutils_commands:/home/farah/exercice1_lab3_ws/install/emergency_lab3/lib/python3.10/site-packages:${PYTHONPATH} /usr/bin/python3 -W ignore:setup.py install is deprecated -W ignore:easy_install command is deprecated setup.py develop --editable --build-directory /home/farah/exercice1_lab3_ws/build/emergency_lab3/build --no-deps symlink_data
[10.334s] INFO:colcon.colcon_core.shell:Creating environment hook '/home/farah/exercice1_lab3_ws/build/emergency_lab3/share/emergency_lab3/hook/pythonpath_develop.ps1'
[10.338s] INFO:colcon.colcon_core.shell:Creating environment descriptor '/home/farah/exercice1_lab3_ws/build/emergency_lab3/share/emergency_lab3/hook/pythonpath_develop.dsv'
[10.342s] INFO:colcon.colcon_core.shell:Creating environment hook '/home/farah/exercice1_lab3_ws/build/emergency_lab3/share/emergency_lab3/hook/pythonpath_develop.sh'
[10.364s] Level 1:colcon.colcon_core.environment:checking '/home/farah/exercice1_lab3_ws/install/emergency_lab3' for CMake module files
[10.369s] Level 1:colcon.colcon_core.environment:checking '/home/farah/exercice1_lab3_ws/install/emergency_lab3' for CMake config files
[10.382s] Level 1:colcon.colcon_core.environment:checking '/home/farah/exercice1_lab3_ws/install/emergency_lab3/lib'
[10.383s] Level 1:colcon.colcon_core.environment:checking '/home/farah/exercice1_lab3_ws/install/emergency_lab3/bin'
[10.384s] Level 1:colcon.colcon_core.environment:checking '/home/farah/exercice1_lab3_ws/install/emergency_lab3/lib/pkgconfig/emergency_lab3.pc'
[10.385s] Level 1:colcon.colcon_core.environment:checking '/home/farah/exercice1_lab3_ws/install/emergency_lab3/lib/python3.10/site-packages'
[10.386s] Level 1:colcon.colcon_core.shell:create_environment_hook('emergency_lab3', 'pythonpath')
[10.386s] INFO:colcon.colcon_core.shell:Creating environment hook '/home/farah/exercice1_lab3_ws/install/emergency_lab3/share/emergency_lab3/hook/pythonpath.ps1'
[10.390s] INFO:colcon.colcon_core.shell:Creating environment descriptor '/home/farah/exercice1_lab3_ws/install/emergency_lab3/share/emergency_lab3/hook/pythonpath.dsv'
[10.393s] INFO:colcon.colcon_core.shell:Creating environment hook '/home/farah/exercice1_lab3_ws/install/emergency_lab3/share/emergency_lab3/hook/pythonpath.sh'
[10.396s] Level 1:colcon.colcon_core.environment:checking '/home/farah/exercice1_lab3_ws/install/emergency_lab3/bin'
[10.397s] Level 1:colcon.colcon_core.environment:create_environment_scripts_only(emergency_lab3)
[10.399s] INFO:colcon.colcon_core.shell:Creating package script '/home/farah/exercice1_lab3_ws/install/emergency_lab3/share/emergency_lab3/package.ps1'
[10.404s] INFO:colcon.colcon_core.shell:Creating package descriptor '/home/farah/exercice1_lab3_ws/install/emergency_lab3/share/emergency_lab3/package.dsv'
[10.407s] INFO:colcon.colcon_core.shell:Creating package script '/home/farah/exercice1_lab3_ws/install/emergency_lab3/share/emergency_lab3/package.sh'
[10.409s] INFO:colcon.colcon_core.shell:Creating package script '/home/farah/exercice1_lab3_ws/install/emergency_lab3/share/emergency_lab3/package.bash'
[10.413s] INFO:colcon.colcon_core.shell:Creating package script '/home/farah/exercice1_lab3_ws/install/emergency_lab3/share/emergency_lab3/package.zsh'
[10.416s] Level 1:colcon.colcon_core.environment:create_file_with_runtime_dependencies(/home/farah/exercice1_lab3_ws/install/emergency_lab3/share/colcon-core/packages/emergency_lab3)
[10.418s] DEBUG:colcon.colcon_parallel_executor.executor.parallel:closing loop
[10.419s] DEBUG:colcon.colcon_parallel_executor.executor.parallel:loop closed
[10.420s] DEBUG:colcon.colcon_parallel_executor.executor.parallel:run_until_complete finished with '0'
[10.422s] DEBUG:colcon.colcon_core.event_reactor:joining thread
[10.482s] INFO:colcon.colcon_core.plugin_system:Skipping extension 'colcon_notification.desktop_notification.terminal_notifier': Not used on non-Darwin systems
[10.483s] INFO:colcon.colcon_core.plugin_system:Skipping extension 'colcon_notification.desktop_notification.win32': Not used on non-Windows systems
[10.483s] INFO:colcon.colcon_notification.desktop_notification:Sending desktop notification using 'notify2'
[10.592s] DEBUG:colcon.colcon_core.event_reactor:joined thread
[10.594s] INFO:colcon.colcon_core.shell:Creating prefix script '/home/farah/exercice1_lab3_ws/install/local_setup.ps1'
[10.611s] INFO:colcon.colcon_core.shell:Creating prefix util module '/home/farah/exercice1_lab3_ws/install/_local_setup_util_ps1.py'
[10.619s] INFO:colcon.colcon_core.shell:Creating prefix chain script '/home/farah/exercice1_lab3_ws/install/setup.ps1'
[10.626s] INFO:colcon.colcon_core.shell:Creating prefix script '/home/farah/exercice1_lab3_ws/install/local_setup.sh'
[10.633s] INFO:colcon.colcon_core.shell:Creating prefix util module '/home/farah/exercice1_lab3_ws/install/_local_setup_util_sh.py'
[10.642s] INFO:colcon.colcon_core.shell:Creating prefix chain script '/home/farah/exercice1_lab3_ws/install/setup.sh'
[10.647s] INFO:colcon.colcon_core.shell:Creating prefix script '/home/farah/exercice1_lab3_ws/install/local_setup.bash'
[10.652s] INFO:colcon.colcon_core.shell:Creating prefix chain script '/home/farah/exercice1_lab3_ws/install/setup.bash'
[10.656s] INFO:colcon.colcon_core.shell:Creating prefix script '/home/farah/exercice1_lab3_ws/install/local_setup.zsh'
[10.659s] INFO:colcon.colcon_core.shell:Creating prefix chain script '/home/farah/exercice1_lab3_ws/install/setup.zsh'
