running egg_info
creating ../../build/robot_actions/robot_actions.egg-info
writing ../../build/robot_actions/robot_actions.egg-info/PKG-INFO
writing dependency_links to ../../build/robot_actions/robot_actions.egg-info/dependency_links.txt
writing entry points to ../../build/robot_actions/robot_actions.egg-info/entry_points.txt
writing requirements to ../../build/robot_actions/robot_actions.egg-info/requires.txt
writing top-level names to ../../build/robot_actions/robot_actions.egg-info/top_level.txt
writing manifest file '../../build/robot_actions/robot_actions.egg-info/SOURCES.txt'
reading manifest file '../../build/robot_actions/robot_actions.egg-info/SOURCES.txt'
writing manifest file '../../build/robot_actions/robot_actions.egg-info/SOURCES.txt'
running build
running build_py
creating /home/farah/ros2_ws/build/robot_actions/build
creating /home/farah/ros2_ws/build/robot_actions/build/lib
creating /home/farah/ros2_ws/build/robot_actions/build/lib/robot_actions
copying robot_actions/__init__.py -> /home/farah/ros2_ws/build/robot_actions/build/lib/robot_actions
copying robot_actions/battery_charger.py -> /home/farah/ros2_ws/build/robot_actions/build/lib/robot_actions
running install
running install_lib
creating /home/farah/ros2_ws/install/robot_actions/lib/python3.10/site-packages/robot_actions
copying /home/farah/ros2_ws/build/robot_actions/build/lib/robot_actions/__init__.py -> /home/farah/ros2_ws/install/robot_actions/lib/python3.10/site-packages/robot_actions
copying /home/farah/ros2_ws/build/robot_actions/build/lib/robot_actions/battery_charger.py -> /home/farah/ros2_ws/install/robot_actions/lib/python3.10/site-packages/robot_actions
byte-compiling /home/farah/ros2_ws/install/robot_actions/lib/python3.10/site-packages/robot_actions/__init__.py to __init__.cpython-310.pyc
byte-compiling /home/farah/ros2_ws/install/robot_actions/lib/python3.10/site-packages/robot_actions/battery_charger.py to battery_charger.cpython-310.pyc
running install_data
creating /home/farah/ros2_ws/install/robot_actions/share/ament_index
creating /home/farah/ros2_ws/install/robot_actions/share/ament_index/resource_index
creating /home/farah/ros2_ws/install/robot_actions/share/ament_index/resource_index/packages
copying resource/robot_actions -> /home/farah/ros2_ws/install/robot_actions/share/ament_index/resource_index/packages
copying package.xml -> /home/farah/ros2_ws/install/robot_actions/share/robot_actions
running install_egg_info
Copying ../../build/robot_actions/robot_actions.egg-info to /home/farah/ros2_ws/install/robot_actions/lib/python3.10/site-packages/robot_actions-0.0.0-py3.10.egg-info
running install_scripts
Installing battery_charger script to /home/farah/ros2_ws/install/robot_actions/lib/robot_actions
writing list of installed files to '/home/farah/ros2_ws/build/robot_actions/install.log'
