running egg_info
writing ../../build/robot_actions/robot_actions.egg-info/PKG-INFO
writing dependency_links to ../../build/robot_actions/robot_actions.egg-info/dependency_links.txt
writing entry points to ../../build/robot_actions/robot_actions.egg-info/entry_points.txt
writing requirements to ../../build/robot_actions/robot_actions.egg-info/requires.txt
writing top-level names to ../../build/robot_actions/robot_actions.egg-info/top_level.txt
reading manifest file '../../build/robot_actions/robot_actions.egg-info/SOURCES.txt'
writing manifest file '../../build/robot_actions/robot_actions.egg-info/SOURCES.txt'
running build
running build_py
copying robot_actions/battery_client.py -> /home/farah/ros2_ws/build/robot_actions/build/lib/robot_actions
running install
running install_lib
copying /home/farah/ros2_ws/build/robot_actions/build/lib/robot_actions/battery_client.py -> /home/farah/ros2_ws/install/robot_actions/lib/python3.10/site-packages/robot_actions
byte-compiling /home/farah/ros2_ws/install/robot_actions/lib/python3.10/site-packages/robot_actions/battery_client.py to battery_client.cpython-310.pyc
running install_data
running install_egg_info
removing '/home/farah/ros2_ws/install/robot_actions/lib/python3.10/site-packages/robot_actions-0.0.0-py3.10.egg-info' (and everything under it)
Copying ../../build/robot_actions/robot_actions.egg-info to /home/farah/ros2_ws/install/robot_actions/lib/python3.10/site-packages/robot_actions-0.0.0-py3.10.egg-info
running install_scripts
Installing battery_charger script to /home/farah/ros2_ws/install/robot_actions/lib/robot_actions
Installing battery_client script to /home/farah/ros2_ws/install/robot_actions/lib/robot_actions
writing list of installed files to '/home/farah/ros2_ws/build/robot_actions/install.log'
