[0.276s] DEBUG:colcon:Command line arguments: ['/usr/bin/colcon', 'build', '--packages-select', 'custom_interfaces']
[0.276s] DEBUG:colcon:Parsed command line arguments: Namespace(log_base=None, log_level=None, verb_name='build', build_base='build', install_base='install', merge_install=False, symlink_install=False, test_result_base=None, continue_on_error=False, executor='parallel', parallel_workers=2, event_handlers=None, ignore_user_meta=False, metas=['./colcon.meta'], base_paths=['.'], packages_ignore=None, packages_ignore_regex=None, paths=None, packages_up_to=None, packages_up_to_regex=None, packages_above=None, packages_above_and_dependencies=None, packages_above_depth=None, packages_select_by_dep=None, packages_skip_by_dep=None, packages_skip_up_to=None, packages_select_build_failed=False, packages_skip_build_finished=False, packages_select_test_failures=False, packages_skip_test_passed=False, packages_select=['custom_interfaces'], packages_skip=None, packages_select_regex=None, packages_skip_regex=None, packages_start=None, packages_end=None, allow_overriding=[], cmake_args=None, cmake_target=None, cmake_target_skip_unavailable=False, cmake_clean_cache=False, cmake_clean_first=False, cmake_force_configure=False, ament_cmake_args=None, catkin_cmake_args=None, catkin_skip_building_tests=False, mixin_files=None, mixin=None, verb_parser=<colcon_mixin.mixin.mixin_argument.MixinArgumentDecorator object at 0x7b90081e5ba0>, verb_extension=<colcon_core.verb.build.BuildVerb object at 0x7b90081e56c0>, main=<bound method BuildVerb.main of <colcon_core.verb.build.BuildVerb object at 0x7b90081e56c0>>, mixin_verb=('build',))
[0.673s] Level 1:colcon.colcon_core.package_discovery:discover_packages(colcon_meta) check parameters
[0.673s] Level 1:colcon.colcon_core.package_discovery:discover_packages(recursive) check parameters
[0.673s] Level 1:colcon.colcon_core.package_discovery:discover_packages(ignore) check parameters
[0.673s] Level 1:colcon.colcon_core.package_discovery:discover_packages(path) check parameters
[0.674s] Level 1:colcon.colcon_core.package_discovery:discover_packages(colcon_meta) discover
[0.674s] Level 1:colcon.colcon_core.package_discovery:discover_packages(recursive) discover
[0.674s] INFO:colcon.colcon_core.package_discovery:Crawling recursively for packages in '/home/farah/ros2_ws'
[0.674s] Level 1:colcon.colcon_core.package_identification:_identify(.) by extensions ['ignore', 'ignore_ament_install']
[0.674s] Level 1:colcon.colcon_core.package_identification:_identify(.) by extension 'ignore'
[0.674s] Level 1:colcon.colcon_core.package_identification:_identify(.) by extension 'ignore_ament_install'
[0.674s] Level 1:colcon.colcon_core.package_identification:_identify(.) by extensions ['colcon_pkg']
[0.674s] Level 1:colcon.colcon_core.package_identification:_identify(.) by extension 'colcon_pkg'
[0.674s] Level 1:colcon.colcon_core.package_identification:_identify(.) by extensions ['colcon_meta']
[0.674s] Level 1:colcon.colcon_core.package_identification:_identify(.) by extension 'colcon_meta'
[0.674s] Level 1:colcon.colcon_core.package_identification:_identify(.) by extensions ['ros']
[0.674s] Level 1:colcon.colcon_core.package_identification:_identify(.) by extension 'ros'
[0.687s] Level 1:colcon.colcon_core.package_identification:_identify(.) by extensions ['cmake', 'python']
[0.687s] Level 1:colcon.colcon_core.package_identification:_identify(.) by extension 'cmake'
[0.687s] Level 1:colcon.colcon_core.package_identification:_identify(.) by extension 'python'
[0.688s] Level 1:colcon.colcon_core.package_identification:_identify(.) by extensions ['python_setup_py']
[0.688s] Level 1:colcon.colcon_core.package_identification:_identify(.) by extension 'python_setup_py'
[0.688s] Level 1:colcon.colcon_core.package_identification:_identify(build) by extensions ['ignore', 'ignore_ament_install']
[0.688s] Level 1:colcon.colcon_core.package_identification:_identify(build) by extension 'ignore'
[0.688s] Level 1:colcon.colcon_core.package_identification:_identify(build) ignored
[0.688s] Level 1:colcon.colcon_core.package_identification:_identify(exercice1_lab3_ws) by extensions ['ignore', 'ignore_ament_install']
[0.688s] Level 1:colcon.colcon_core.package_identification:_identify(exercice1_lab3_ws) by extension 'ignore'
[0.688s] Level 1:colcon.colcon_core.package_identification:_identify(exercice1_lab3_ws) by extension 'ignore_ament_install'
[0.688s] Level 1:colcon.colcon_core.package_identification:_identify(exercice1_lab3_ws) by extensions ['colcon_pkg']
[0.688s] Level 1:colcon.colcon_core.package_identification:_identify(exercice1_lab3_ws) by extension 'colcon_pkg'
[0.688s] Level 1:colcon.colcon_core.package_identification:_identify(exercice1_lab3_ws) by extensions ['colcon_meta']
[0.688s] Level 1:colcon.colcon_core.package_identification:_identify(exercice1_lab3_ws) by extension 'colcon_meta'
[0.688s] Level 1:colcon.colcon_core.package_identification:_identify(exercice1_lab3_ws) by extensions ['ros']
[0.688s] Level 1:colcon.colcon_core.package_identification:_identify(exercice1_lab3_ws) by extension 'ros'
[0.689s] Level 1:colcon.colcon_core.package_identification:_identify(exercice1_lab3_ws) by extensions ['cmake', 'python']
[0.689s] Level 1:colcon.colcon_core.package_identification:_identify(exercice1_lab3_ws) by extension 'cmake'
[0.689s] Level 1:colcon.colcon_core.package_identification:_identify(exercice1_lab3_ws) by extension 'python'
[0.689s] Level 1:colcon.colcon_core.package_identification:_identify(exercice1_lab3_ws) by extensions ['python_setup_py']
[0.689s] Level 1:colcon.colcon_core.package_identification:_identify(exercice1_lab3_ws) by extension 'python_setup_py'
[0.690s] Level 1:colcon.colcon_core.package_identification:_identify(exercice1_lab3_ws/build) by extensions ['ignore', 'ignore_ament_install']
[0.690s] Level 1:colcon.colcon_core.package_identification:_identify(exercice1_lab3_ws/build) by extension 'ignore'
[0.690s] Level 1:colcon.colcon_core.package_identification:_identify(exercice1_lab3_ws/build) ignored
[0.690s] Level 1:colcon.colcon_core.package_identification:_identify(exercice1_lab3_ws/install) by extensions ['ignore', 'ignore_ament_install']
[0.690s] Level 1:colcon.colcon_core.package_identification:_identify(exercice1_lab3_ws/install) by extension 'ignore'
[0.691s] Level 1:colcon.colcon_core.package_identification:_identify(exercice1_lab3_ws/install) ignored
[0.691s] Level 1:colcon.colcon_core.package_identification:_identify(exercice1_lab3_ws/log) by extensions ['ignore', 'ignore_ament_install']
[0.691s] Level 1:colcon.colcon_core.package_identification:_identify(exercice1_lab3_ws/log) by extension 'ignore'
[0.691s] Level 1:colcon.colcon_core.package_identification:_identify(exercice1_lab3_ws/log) ignored
[0.691s] Level 1:colcon.colcon_core.package_identification:_identify(exercice1_lab3_ws/src) by extensions ['ignore', 'ignore_ament_install']
[0.691s] Level 1:colcon.colcon_core.package_identification:_identify(exercice1_lab3_ws/src) by extension 'ignore'
[0.691s] Level 1:colcon.colcon_core.package_identification:_identify(exercice1_lab3_ws/src) by extension 'ignore_ament_install'
[0.691s] Level 1:colcon.colcon_core.package_identification:_identify(exercice1_lab3_ws/src) by extensions ['colcon_pkg']
[0.691s] Level 1:colcon.colcon_core.package_identification:_identify(exercice1_lab3_ws/src) by extension 'colcon_pkg'
[0.691s] Level 1:colcon.colcon_core.package_identification:_identify(exercice1_lab3_ws/src) by extensions ['colcon_meta']
[0.691s] Level 1:colcon.colcon_core.package_identification:_identify(exercice1_lab3_ws/src) by extension 'colcon_meta'
[0.691s] Level 1:colcon.colcon_core.package_identification:_identify(exercice1_lab3_ws/src) by extensions ['ros']
[0.691s] Level 1:colcon.colcon_core.package_identification:_identify(exercice1_lab3_ws/src) by extension 'ros'
[0.691s] Level 1:colcon.colcon_core.package_identification:_identify(exercice1_lab3_ws/src) by extensions ['cmake', 'python']
[0.691s] Level 1:colcon.colcon_core.package_identification:_identify(exercice1_lab3_ws/src) by extension 'cmake'
[0.691s] Level 1:colcon.colcon_core.package_identification:_identify(exercice1_lab3_ws/src) by extension 'python'
[0.692s] Level 1:colcon.colcon_core.package_identification:_identify(exercice1_lab3_ws/src) by extensions ['python_setup_py']
[0.692s] Level 1:colcon.colcon_core.package_identification:_identify(exercice1_lab3_ws/src) by extension 'python_setup_py'
[0.692s] Level 1:colcon.colcon_core.package_identification:_identify(exercice1_lab3_ws/src/emergency_lab3) by extensions ['ignore', 'ignore_ament_install']
[0.692s] Level 1:colcon.colcon_core.package_identification:_identify(exercice1_lab3_ws/src/emergency_lab3) by extension 'ignore'
[0.692s] Level 1:colcon.colcon_core.package_identification:_identify(exercice1_lab3_ws/src/emergency_lab3) by extension 'ignore_ament_install'
[0.692s] Level 1:colcon.colcon_core.package_identification:_identify(exercice1_lab3_ws/src/emergency_lab3) by extensions ['colcon_pkg']
[0.692s] Level 1:colcon.colcon_core.package_identification:_identify(exercice1_lab3_ws/src/emergency_lab3) by extension 'colcon_pkg'
[0.692s] Level 1:colcon.colcon_core.package_identification:_identify(exercice1_lab3_ws/src/emergency_lab3) by extensions ['colcon_meta']
[0.692s] Level 1:colcon.colcon_core.package_identification:_identify(exercice1_lab3_ws/src/emergency_lab3) by extension 'colcon_meta'
[0.692s] Level 1:colcon.colcon_core.package_identification:_identify(exercice1_lab3_ws/src/emergency_lab3) by extensions ['ros']
[0.692s] Level 1:colcon.colcon_core.package_identification:_identify(exercice1_lab3_ws/src/emergency_lab3) by extension 'ros'
[0.696s] DEBUG:colcon.colcon_core.package_identification:Package 'exercice1_lab3_ws/src/emergency_lab3' with type 'ros.ament_python' and name 'emergency_lab3'
[0.696s] Level 1:colcon.colcon_core.package_identification:_identify(install) by extensions ['ignore', 'ignore_ament_install']
[0.696s] Level 1:colcon.colcon_core.package_identification:_identify(install) by extension 'ignore'
[0.696s] Level 1:colcon.colcon_core.package_identification:_identify(install) ignored
[0.696s] Level 1:colcon.colcon_core.package_identification:_identify(log) by extensions ['ignore', 'ignore_ament_install']
[0.696s] Level 1:colcon.colcon_core.package_identification:_identify(log) by extension 'ignore'
[0.696s] Level 1:colcon.colcon_core.package_identification:_identify(log) ignored
[0.696s] Level 1:colcon.colcon_core.package_identification:_identify(src) by extensions ['ignore', 'ignore_ament_install']
[0.697s] Level 1:colcon.colcon_core.package_identification:_identify(src) by extension 'ignore'
[0.697s] Level 1:colcon.colcon_core.package_identification:_identify(src) by extension 'ignore_ament_install'
[0.697s] Level 1:colcon.colcon_core.package_identification:_identify(src) by extensions ['colcon_pkg']
[0.697s] Level 1:colcon.colcon_core.package_identification:_identify(src) by extension 'colcon_pkg'
[0.697s] Level 1:colcon.colcon_core.package_identification:_identify(src) by extensions ['colcon_meta']
[0.697s] Level 1:colcon.colcon_core.package_identification:_identify(src) by extension 'colcon_meta'
[0.698s] Level 1:colcon.colcon_core.package_identification:_identify(src) by extensions ['ros']
[0.698s] Level 1:colcon.colcon_core.package_identification:_identify(src) by extension 'ros'
[0.698s] Level 1:colcon.colcon_core.package_identification:_identify(src) by extensions ['cmake', 'python']
[0.698s] Level 1:colcon.colcon_core.package_identification:_identify(src) by extension 'cmake'
[0.698s] Level 1:colcon.colcon_core.package_identification:_identify(src) by extension 'python'
[0.698s] Level 1:colcon.colcon_core.package_identification:_identify(src) by extensions ['python_setup_py']
[0.698s] Level 1:colcon.colcon_core.package_identification:_identify(src) by extension 'python_setup_py'
[0.698s] Level 1:colcon.colcon_core.package_identification:_identify(src/custom_interfaces) by extensions ['ignore', 'ignore_ament_install']
[0.698s] Level 1:colcon.colcon_core.package_identification:_identify(src/custom_interfaces) by extension 'ignore'
[0.698s] Level 1:colcon.colcon_core.package_identification:_identify(src/custom_interfaces) by extension 'ignore_ament_install'
[0.698s] Level 1:colcon.colcon_core.package_identification:_identify(src/custom_interfaces) by extensions ['colcon_pkg']
[0.698s] Level 1:colcon.colcon_core.package_identification:_identify(src/custom_interfaces) by extension 'colcon_pkg'
[0.698s] Level 1:colcon.colcon_core.package_identification:_identify(src/custom_interfaces) by extensions ['colcon_meta']
[0.698s] Level 1:colcon.colcon_core.package_identification:_identify(src/custom_interfaces) by extension 'colcon_meta'
[0.698s] Level 1:colcon.colcon_core.package_identification:_identify(src/custom_interfaces) by extensions ['ros']
[0.698s] Level 1:colcon.colcon_core.package_identification:_identify(src/custom_interfaces) by extension 'ros'
[0.700s] DEBUG:colcon.colcon_core.package_identification:Package 'src/custom_interfaces' with type 'ros.ament_cmake' and name 'custom_interfaces'
[0.700s] Level 1:colcon.colcon_core.package_identification:_identify(src/fleet_interfaces) by extensions ['ignore', 'ignore_ament_install']
[0.700s] Level 1:colcon.colcon_core.package_identification:_identify(src/fleet_interfaces) by extension 'ignore'
[0.700s] Level 1:colcon.colcon_core.package_identification:_identify(src/fleet_interfaces) by extension 'ignore_ament_install'
[0.700s] Level 1:colcon.colcon_core.package_identification:_identify(src/fleet_interfaces) by extensions ['colcon_pkg']
[0.700s] Level 1:colcon.colcon_core.package_identification:_identify(src/fleet_interfaces) by extension 'colcon_pkg'
[0.700s] Level 1:colcon.colcon_core.package_identification:_identify(src/fleet_interfaces) by extensions ['colcon_meta']
[0.700s] Level 1:colcon.colcon_core.package_identification:_identify(src/fleet_interfaces) by extension 'colcon_meta'
[0.700s] Level 1:colcon.colcon_core.package_identification:_identify(src/fleet_interfaces) by extensions ['ros']
[0.700s] Level 1:colcon.colcon_core.package_identification:_identify(src/fleet_interfaces) by extension 'ros'
[0.701s] DEBUG:colcon.colcon_core.package_identification:Package 'src/fleet_interfaces' with type 'ros.ament_cmake' and name 'fleet_interfaces'
[0.701s] Level 1:colcon.colcon_core.package_identification:_identify(src/fleet_manager) by extensions ['ignore', 'ignore_ament_install']
[0.701s] Level 1:colcon.colcon_core.package_identification:_identify(src/fleet_manager) by extension 'ignore'
[0.702s] Level 1:colcon.colcon_core.package_identification:_identify(src/fleet_manager) by extension 'ignore_ament_install'
[0.702s] Level 1:colcon.colcon_core.package_identification:_identify(src/fleet_manager) by extensions ['colcon_pkg']
[0.702s] Level 1:colcon.colcon_core.package_identification:_identify(src/fleet_manager) by extension 'colcon_pkg'
[0.702s] Level 1:colcon.colcon_core.package_identification:_identify(src/fleet_manager) by extensions ['colcon_meta']
[0.702s] Level 1:colcon.colcon_core.package_identification:_identify(src/fleet_manager) by extension 'colcon_meta'
[0.702s] Level 1:colcon.colcon_core.package_identification:_identify(src/fleet_manager) by extensions ['ros']
[0.702s] Level 1:colcon.colcon_core.package_identification:_identify(src/fleet_manager) by extension 'ros'
[0.703s] DEBUG:colcon.colcon_core.package_identification:Package 'src/fleet_manager' with type 'ros.ament_python' and name 'fleet_manager'
[0.703s] Level 1:colcon.colcon_core.package_identification:_identify(src/simple_interfaces) by extensions ['ignore', 'ignore_ament_install']
[0.703s] Level 1:colcon.colcon_core.package_identification:_identify(src/simple_interfaces) by extension 'ignore'
[0.703s] Level 1:colcon.colcon_core.package_identification:_identify(src/simple_interfaces) by extension 'ignore_ament_install'
[0.703s] Level 1:colcon.colcon_core.package_identification:_identify(src/simple_interfaces) by extensions ['colcon_pkg']
[0.703s] Level 1:colcon.colcon_core.package_identification:_identify(src/simple_interfaces) by extension 'colcon_pkg'
[0.703s] Level 1:colcon.colcon_core.package_identification:_identify(src/simple_interfaces) by extensions ['colcon_meta']
[0.703s] Level 1:colcon.colcon_core.package_identification:_identify(src/simple_interfaces) by extension 'colcon_meta'
[0.703s] Level 1:colcon.colcon_core.package_identification:_identify(src/simple_interfaces) by extensions ['ros']
[0.703s] Level 1:colcon.colcon_core.package_identification:_identify(src/simple_interfaces) by extension 'ros'
[0.704s] DEBUG:colcon.colcon_core.package_identification:Package 'src/simple_interfaces' with type 'ros.ament_cmake' and name 'simple_interfaces'
[0.704s] Level 1:colcon.colcon_core.package_identification:_identify(src/simple_params) by extensions ['ignore', 'ignore_ament_install']
[0.704s] Level 1:colcon.colcon_core.package_identification:_identify(src/simple_params) by extension 'ignore'
[0.704s] Level 1:colcon.colcon_core.package_identification:_identify(src/simple_params) by extension 'ignore_ament_install'
[0.704s] Level 1:colcon.colcon_core.package_identification:_identify(src/simple_params) by extensions ['colcon_pkg']
[0.704s] Level 1:colcon.colcon_core.package_identification:_identify(src/simple_params) by extension 'colcon_pkg'
[0.704s] Level 1:colcon.colcon_core.package_identification:_identify(src/simple_params) by extensions ['colcon_meta']
[0.704s] Level 1:colcon.colcon_core.package_identification:_identify(src/simple_params) by extension 'colcon_meta'
[0.704s] Level 1:colcon.colcon_core.package_identification:_identify(src/simple_params) by extensions ['ros']
[0.704s] Level 1:colcon.colcon_core.package_identification:_identify(src/simple_params) by extension 'ros'
[0.705s] DEBUG:colcon.colcon_core.package_identification:Package 'src/simple_params' with type 'ros.ament_python' and name 'simple_params'
[0.705s] Level 1:colcon.colcon_core.package_discovery:discover_packages(recursive) using defaults
[0.705s] Level 1:colcon.colcon_core.package_discovery:discover_packages(ignore) discover
[0.705s] Level 1:colcon.colcon_core.package_discovery:discover_packages(ignore) using defaults
[0.705s] Level 1:colcon.colcon_core.package_discovery:discover_packages(path) discover
[0.705s] Level 1:colcon.colcon_core.package_discovery:discover_packages(path) using defaults
[0.744s] INFO:colcon.colcon_core.package_selection:Skipping not selected package 'fleet_interfaces' in 'src/fleet_interfaces'
[0.745s] INFO:colcon.colcon_core.package_selection:Skipping not selected package 'simple_interfaces' in 'src/simple_interfaces'
[0.745s] INFO:colcon.colcon_core.package_selection:Skipping not selected package 'emergency_lab3' in 'exercice1_lab3_ws/src/emergency_lab3'
[0.745s] INFO:colcon.colcon_core.package_selection:Skipping not selected package 'fleet_manager' in 'src/fleet_manager'
[0.745s] INFO:colcon.colcon_core.package_selection:Skipping not selected package 'simple_params' in 'src/simple_params'
[0.746s] Level 1:colcon.colcon_core.package_discovery:discover_packages(prefix_path) check parameters
[0.746s] Level 1:colcon.colcon_core.package_discovery:discover_packages(prefix_path) discover
[0.756s] DEBUG:colcon.colcon_installed_package_information.package_discovery:Found 351 installed packages in /opt/ros/humble
[0.758s] Level 1:colcon.colcon_core.package_discovery:discover_packages(prefix_path) using defaults
[0.915s] Level 5:colcon.colcon_core.verb:set package 'custom_interfaces' build argument 'cmake_args' from command line to 'None'
[0.915s] Level 5:colcon.colcon_core.verb:set package 'custom_interfaces' build argument 'cmake_target' from command line to 'None'
[0.915s] Level 5:colcon.colcon_core.verb:set package 'custom_interfaces' build argument 'cmake_target_skip_unavailable' from command line to 'False'
[0.915s] Level 5:colcon.colcon_core.verb:set package 'custom_interfaces' build argument 'cmake_clean_cache' from command line to 'False'
[0.915s] Level 5:colcon.colcon_core.verb:set package 'custom_interfaces' build argument 'cmake_clean_first' from command line to 'False'
[0.915s] Level 5:colcon.colcon_core.verb:set package 'custom_interfaces' build argument 'cmake_force_configure' from command line to 'False'
[0.916s] Level 5:colcon.colcon_core.verb:set package 'custom_interfaces' build argument 'ament_cmake_args' from command line to 'None'
[0.916s] Level 5:colcon.colcon_core.verb:set package 'custom_interfaces' build argument 'catkin_cmake_args' from command line to 'None'
[0.916s] Level 5:colcon.colcon_core.verb:set package 'custom_interfaces' build argument 'catkin_skip_building_tests' from command line to 'False'
[0.916s] DEBUG:colcon.colcon_core.verb:Building package 'custom_interfaces' with the following arguments: {'ament_cmake_args': None, 'build_base': '/home/farah/ros2_ws/build/custom_interfaces', 'catkin_cmake_args': None, 'catkin_skip_building_tests': False, 'cmake_args': None, 'cmake_clean_cache': False, 'cmake_clean_first': False, 'cmake_force_configure': False, 'cmake_target': None, 'cmake_target_skip_unavailable': False, 'install_base': '/home/farah/ros2_ws/install/custom_interfaces', 'merge_install': False, 'path': '/home/farah/ros2_ws/src/custom_interfaces', 'symlink_install': False, 'test_result_base': None}
[0.916s] INFO:colcon.colcon_core.executor:Executing jobs using 'parallel' executor
[0.917s] DEBUG:colcon.colcon_parallel_executor.executor.parallel:run_until_complete
[0.917s] INFO:colcon.colcon_ros.task.ament_cmake.build:Building ROS package in '/home/farah/ros2_ws/src/custom_interfaces' with build type 'ament_cmake'
[0.917s] INFO:colcon.colcon_cmake.task.cmake.build:Building CMake package in '/home/farah/ros2_ws/src/custom_interfaces'
[0.925s] INFO:colcon.colcon_core.plugin_system:Skipping extension 'colcon_core.shell.bat': Not used on non-Windows systems
[0.925s] INFO:colcon.colcon_core.shell:Skip shell extension 'powershell' for command environment: Not usable outside of PowerShell
[0.925s] DEBUG:colcon.colcon_core.shell:Skip shell extension 'dsv' for command environment
[0.937s] DEBUG:colcon.colcon_core.event_handler.log_command:Invoking command in '/home/farah/ros2_ws/build/custom_interfaces': CMAKE_PREFIX_PATH=/opt/ros/humble /usr/bin/cmake /home/farah/ros2_ws/src/custom_interfaces -DCMAKE_INSTALL_PREFIX=/home/farah/ros2_ws/install/custom_interfaces
[4.264s] DEBUG:colcon.colcon_core.event_handler.log_command:Invoked command in '/home/farah/ros2_ws/build/custom_interfaces' returned '0': CMAKE_PREFIX_PATH=/opt/ros/humble /usr/bin/cmake /home/farah/ros2_ws/src/custom_interfaces -DCMAKE_INSTALL_PREFIX=/home/farah/ros2_ws/install/custom_interfaces
[4.265s] DEBUG:colcon.colcon_core.event_handler.log_command:Invoking command in '/home/farah/ros2_ws/build/custom_interfaces': CMAKE_PREFIX_PATH=/opt/ros/humble /usr/bin/cmake --build /home/farah/ros2_ws/build/custom_interfaces -- -j2 -l2
[17.871s] DEBUG:colcon.colcon_core.event_handler.log_command:Invoked command in '/home/farah/ros2_ws/build/custom_interfaces' returned '0': CMAKE_PREFIX_PATH=/opt/ros/humble /usr/bin/cmake --build /home/farah/ros2_ws/build/custom_interfaces -- -j2 -l2
[17.894s] DEBUG:colcon.colcon_core.event_handler.log_command:Invoking command in '/home/farah/ros2_ws/build/custom_interfaces': CMAKE_PREFIX_PATH=/opt/ros/humble /usr/bin/cmake --install /home/farah/ros2_ws/build/custom_interfaces
[18.055s] Level 1:colcon.colcon_core.environment:create_environment_scripts_only(custom_interfaces)
[18.057s] DEBUG:colcon.colcon_core.event_handler.log_command:Invoked command in '/home/farah/ros2_ws/build/custom_interfaces' returned '0': CMAKE_PREFIX_PATH=/opt/ros/humble /usr/bin/cmake --install /home/farah/ros2_ws/build/custom_interfaces
[18.077s] Level 1:colcon.colcon_core.environment:checking '/home/farah/ros2_ws/install/custom_interfaces' for CMake module files
[18.078s] Level 1:colcon.colcon_core.environment:checking '/home/farah/ros2_ws/install/custom_interfaces' for CMake config files
[18.078s] Level 1:colcon.colcon_core.shell:create_environment_hook('custom_interfaces', 'cmake_prefix_path')
[18.078s] INFO:colcon.colcon_core.shell:Creating environment hook '/home/farah/ros2_ws/install/custom_interfaces/share/custom_interfaces/hook/cmake_prefix_path.ps1'
[18.083s] INFO:colcon.colcon_core.shell:Creating environment descriptor '/home/farah/ros2_ws/install/custom_interfaces/share/custom_interfaces/hook/cmake_prefix_path.dsv'
[18.084s] INFO:colcon.colcon_core.shell:Creating environment hook '/home/farah/ros2_ws/install/custom_interfaces/share/custom_interfaces/hook/cmake_prefix_path.sh'
[18.087s] Level 1:colcon.colcon_core.environment:checking '/home/farah/ros2_ws/install/custom_interfaces/lib'
[18.088s] Level 1:colcon.colcon_core.shell:create_environment_hook('custom_interfaces', 'ld_library_path_lib')
[18.088s] INFO:colcon.colcon_core.shell:Creating environment hook '/home/farah/ros2_ws/install/custom_interfaces/share/custom_interfaces/hook/ld_library_path_lib.ps1'
[18.089s] INFO:colcon.colcon_core.shell:Creating environment descriptor '/home/farah/ros2_ws/install/custom_interfaces/share/custom_interfaces/hook/ld_library_path_lib.dsv'
[18.090s] INFO:colcon.colcon_core.shell:Creating environment hook '/home/farah/ros2_ws/install/custom_interfaces/share/custom_interfaces/hook/ld_library_path_lib.sh'
[18.091s] Level 1:colcon.colcon_core.environment:checking '/home/farah/ros2_ws/install/custom_interfaces/bin'
[18.092s] Level 1:colcon.colcon_core.environment:checking '/home/farah/ros2_ws/install/custom_interfaces/lib/pkgconfig/custom_interfaces.pc'
[18.093s] Level 1:colcon.colcon_core.environment:checking '/home/farah/ros2_ws/install/custom_interfaces/lib/python3.10/site-packages'
[18.094s] Level 1:colcon.colcon_core.environment:checking '/home/farah/ros2_ws/install/custom_interfaces/bin'
[18.094s] INFO:colcon.colcon_core.shell:Creating package script '/home/farah/ros2_ws/install/custom_interfaces/share/custom_interfaces/package.ps1'
[18.099s] INFO:colcon.colcon_core.shell:Creating package descriptor '/home/farah/ros2_ws/install/custom_interfaces/share/custom_interfaces/package.dsv'
[18.100s] INFO:colcon.colcon_core.shell:Creating package script '/home/farah/ros2_ws/install/custom_interfaces/share/custom_interfaces/package.sh'
[18.102s] INFO:colcon.colcon_core.shell:Creating package script '/home/farah/ros2_ws/install/custom_interfaces/share/custom_interfaces/package.bash'
[18.104s] INFO:colcon.colcon_core.shell:Creating package script '/home/farah/ros2_ws/install/custom_interfaces/share/custom_interfaces/package.zsh'
[18.107s] Level 1:colcon.colcon_core.environment:create_file_with_runtime_dependencies(/home/farah/ros2_ws/install/custom_interfaces/share/colcon-core/packages/custom_interfaces)
[18.109s] Level 1:colcon.colcon_core.environment:create_environment_scripts_only(custom_interfaces)
[18.109s] Level 1:colcon.colcon_core.environment:checking '/home/farah/ros2_ws/install/custom_interfaces' for CMake module files
[18.111s] Level 1:colcon.colcon_core.environment:checking '/home/farah/ros2_ws/install/custom_interfaces' for CMake config files
[18.111s] Level 1:colcon.colcon_core.shell:create_environment_hook('custom_interfaces', 'cmake_prefix_path')
[18.112s] INFO:colcon.colcon_core.shell:Creating environment hook '/home/farah/ros2_ws/install/custom_interfaces/share/custom_interfaces/hook/cmake_prefix_path.ps1'
[18.113s] INFO:colcon.colcon_core.shell:Creating environment descriptor '/home/farah/ros2_ws/install/custom_interfaces/share/custom_interfaces/hook/cmake_prefix_path.dsv'
[18.113s] INFO:colcon.colcon_core.shell:Creating environment hook '/home/farah/ros2_ws/install/custom_interfaces/share/custom_interfaces/hook/cmake_prefix_path.sh'
[18.115s] Level 1:colcon.colcon_core.environment:checking '/home/farah/ros2_ws/install/custom_interfaces/lib'
[18.115s] Level 1:colcon.colcon_core.shell:create_environment_hook('custom_interfaces', 'ld_library_path_lib')
[18.116s] INFO:colcon.colcon_core.shell:Creating environment hook '/home/farah/ros2_ws/install/custom_interfaces/share/custom_interfaces/hook/ld_library_path_lib.ps1'
[18.116s] INFO:colcon.colcon_core.shell:Creating environment descriptor '/home/farah/ros2_ws/install/custom_interfaces/share/custom_interfaces/hook/ld_library_path_lib.dsv'
[18.117s] INFO:colcon.colcon_core.shell:Creating environment hook '/home/farah/ros2_ws/install/custom_interfaces/share/custom_interfaces/hook/ld_library_path_lib.sh'
[18.118s] Level 1:colcon.colcon_core.environment:checking '/home/farah/ros2_ws/install/custom_interfaces/bin'
[18.118s] Level 1:colcon.colcon_core.environment:checking '/home/farah/ros2_ws/install/custom_interfaces/lib/pkgconfig/custom_interfaces.pc'
[18.119s] Level 1:colcon.colcon_core.environment:checking '/home/farah/ros2_ws/install/custom_interfaces/lib/python3.10/site-packages'
[18.119s] Level 1:colcon.colcon_core.environment:checking '/home/farah/ros2_ws/install/custom_interfaces/bin'
[18.120s] INFO:colcon.colcon_core.shell:Creating package script '/home/farah/ros2_ws/install/custom_interfaces/share/custom_interfaces/package.ps1'
[18.121s] INFO:colcon.colcon_core.shell:Creating package descriptor '/home/farah/ros2_ws/install/custom_interfaces/share/custom_interfaces/package.dsv'
[18.122s] INFO:colcon.colcon_core.shell:Creating package script '/home/farah/ros2_ws/install/custom_interfaces/share/custom_interfaces/package.sh'
[18.123s] INFO:colcon.colcon_core.shell:Creating package script '/home/farah/ros2_ws/install/custom_interfaces/share/custom_interfaces/package.bash'
[18.124s] INFO:colcon.colcon_core.shell:Creating package script '/home/farah/ros2_ws/install/custom_interfaces/share/custom_interfaces/package.zsh'
[18.125s] Level 1:colcon.colcon_core.environment:create_file_with_runtime_dependencies(/home/farah/ros2_ws/install/custom_interfaces/share/colcon-core/packages/custom_interfaces)
[18.126s] DEBUG:colcon.colcon_parallel_executor.executor.parallel:closing loop
[18.126s] DEBUG:colcon.colcon_parallel_executor.executor.parallel:loop closed
[18.127s] DEBUG:colcon.colcon_parallel_executor.executor.parallel:run_until_complete finished with '0'
[18.127s] DEBUG:colcon.colcon_core.event_reactor:joining thread
[18.138s] INFO:colcon.colcon_core.plugin_system:Skipping extension 'colcon_notification.desktop_notification.terminal_notifier': Not used on non-Darwin systems
[18.139s] INFO:colcon.colcon_core.plugin_system:Skipping extension 'colcon_notification.desktop_notification.win32': Not used on non-Windows systems
[18.139s] INFO:colcon.colcon_notification.desktop_notification:Sending desktop notification using 'notify2'
[18.187s] DEBUG:colcon.colcon_core.event_reactor:joined thread
[18.188s] INFO:colcon.colcon_core.shell:Creating prefix script '/home/farah/ros2_ws/install/local_setup.ps1'
[18.192s] INFO:colcon.colcon_core.shell:Creating prefix util module '/home/farah/ros2_ws/install/_local_setup_util_ps1.py'
[18.198s] INFO:colcon.colcon_core.shell:Creating prefix chain script '/home/farah/ros2_ws/install/setup.ps1'
[18.201s] INFO:colcon.colcon_core.shell:Creating prefix script '/home/farah/ros2_ws/install/local_setup.sh'
[18.203s] INFO:colcon.colcon_core.shell:Creating prefix util module '/home/farah/ros2_ws/install/_local_setup_util_sh.py'
[18.204s] INFO:colcon.colcon_core.shell:Creating prefix chain script '/home/farah/ros2_ws/install/setup.sh'
[18.211s] INFO:colcon.colcon_core.shell:Creating prefix script '/home/farah/ros2_ws/install/local_setup.bash'
[18.213s] INFO:colcon.colcon_core.shell:Creating prefix chain script '/home/farah/ros2_ws/install/setup.bash'
[18.217s] INFO:colcon.colcon_core.shell:Creating prefix script '/home/farah/ros2_ws/install/local_setup.zsh'
[18.219s] INFO:colcon.colcon_core.shell:Creating prefix chain script '/home/farah/ros2_ws/install/setup.zsh'
