[  1%] Built target fleet_interfaces__cpp
[ 12%] Built target fleet_interfaces__rosidl_generator_c
[ 23%] Built target fleet_interfaces__rosidl_typesupport_cpp
[ 23%] Built target ament_cmake_python_copy_fleet_interfaces
[ 34%] Built target fleet_interfaces__rosidl_typesupport_fastrtps_c
[ 45%] Built target fleet_interfaces__rosidl_typesupport_introspection_c
[ 56%] Built target fleet_interfaces__rosidl_typesupport_c
[ 67%] Built target fleet_interfaces__rosidl_typesupport_fastrtps_cpp
[ 78%] Built target fleet_interfaces__rosidl_typesupport_introspection_cpp
[ 78%] Built target fleet_interfaces
[ 80%] Built target fleet_interfaces__py
[ 89%] Built target fleet_interfaces__rosidl_generator_py
[ 92%] Built target fleet_interfaces__rosidl_typesupport_fastrtps_c__pyext
[ 96%] Built target fleet_interfaces__rosidl_typesupport_introspection_c__pyext
running egg_info
writing fleet_interfaces.egg-info/PKG-INFO
writing dependency_links to fleet_interfaces.egg-info/dependency_links.txt
[100%] Built target fleet_interfaces__rosidl_typesupport_c__pyext
writing top-level names to fleet_interfaces.egg-info/top_level.txt
reading manifest file 'fleet_interfaces.egg-info/SOURCES.txt'
writing manifest file 'fleet_interfaces.egg-info/SOURCES.txt'
[100%] Built target ament_cmake_python_build_fleet_interfaces_egg
-- Install configuration: ""
-- Up-to-date: /home/farah/ros2_ws/install/fleet_interfaces/share/ament_index/resource_index/rosidl_interfaces/fleet_interfaces
-- Up-to-date: /home/farah/ros2_ws/install/fleet_interfaces/include/fleet_interfaces/fleet_interfaces
-- Up-to-date: /home/farah/ros2_ws/install/fleet_interfaces/include/fleet_interfaces/fleet_interfaces/srv
-- Up-to-date: /home/farah/ros2_ws/install/fleet_interfaces/include/fleet_interfaces/fleet_interfaces/srv/assign_task.h
-- Up-to-date: /home/farah/ros2_ws/install/fleet_interfaces/include/fleet_interfaces/fleet_interfaces/srv/get_fleet_status.h
-- Up-to-date: /home/farah/ros2_ws/install/fleet_interfaces/include/fleet_interfaces/fleet_interfaces/srv/detail
-- Up-to-date: /home/farah/ros2_ws/install/fleet_interfaces/include/fleet_interfaces/fleet_interfaces/srv/detail/assign_task__functions.h
-- Up-to-date: /home/farah/ros2_ws/install/fleet_interfaces/include/fleet_interfaces/fleet_interfaces/srv/detail/assign_task__struct.h
-- Up-to-date: /home/farah/ros2_ws/install/fleet_interfaces/include/fleet_interfaces/fleet_interfaces/srv/detail/get_fleet_status__struct.h
-- Up-to-date: /home/farah/ros2_ws/install/fleet_interfaces/include/fleet_interfaces/fleet_interfaces/srv/detail/get_fleet_status__functions.h
-- Up-to-date: /home/farah/ros2_ws/install/fleet_interfaces/include/fleet_interfaces/fleet_interfaces/srv/detail/assign_task__functions.c
-- Up-to-date: /home/farah/ros2_ws/install/fleet_interfaces/include/fleet_interfaces/fleet_interfaces/srv/detail/get_fleet_status__type_support.h
-- Up-to-date: /home/farah/ros2_ws/install/fleet_interfaces/include/fleet_interfaces/fleet_interfaces/srv/detail/get_fleet_status__functions.c
-- Up-to-date: /home/farah/ros2_ws/install/fleet_interfaces/include/fleet_interfaces/fleet_interfaces/srv/detail/assign_task__type_support.h
-- Up-to-date: /home/farah/ros2_ws/install/fleet_interfaces/include/fleet_interfaces/fleet_interfaces/msg
-- Up-to-date: /home/farah/ros2_ws/install/fleet_interfaces/include/fleet_interfaces/fleet_interfaces/msg/robot_status.h
-- Up-to-date: /home/farah/ros2_ws/install/fleet_interfaces/include/fleet_interfaces/fleet_interfaces/msg/detail
-- Up-to-date: /home/farah/ros2_ws/install/fleet_interfaces/include/fleet_interfaces/fleet_interfaces/msg/detail/fleet_command__functions.h
-- Up-to-date: /home/farah/ros2_ws/install/fleet_interfaces/include/fleet_interfaces/fleet_interfaces/msg/detail/robot_status__type_support.h
-- Up-to-date: /home/farah/ros2_ws/install/fleet_interfaces/include/fleet_interfaces/fleet_interfaces/msg/detail/robot_status__functions.h
-- Up-to-date: /home/farah/ros2_ws/install/fleet_interfaces/include/fleet_interfaces/fleet_interfaces/msg/detail/fleet_command__type_support.h
-- Up-to-date: /home/farah/ros2_ws/install/fleet_interfaces/include/fleet_interfaces/fleet_interfaces/msg/detail/robot_status__struct.h
-- Up-to-date: /home/farah/ros2_ws/install/fleet_interfaces/include/fleet_interfaces/fleet_interfaces/msg/detail/fleet_command__struct.h
-- Up-to-date: /home/farah/ros2_ws/install/fleet_interfaces/include/fleet_interfaces/fleet_interfaces/msg/detail/robot_status__functions.c
-- Up-to-date: /home/farah/ros2_ws/install/fleet_interfaces/include/fleet_interfaces/fleet_interfaces/msg/detail/fleet_command__functions.c
-- Up-to-date: /home/farah/ros2_ws/install/fleet_interfaces/include/fleet_interfaces/fleet_interfaces/msg/fleet_command.h
-- Up-to-date: /home/farah/ros2_ws/install/fleet_interfaces/include/fleet_interfaces/fleet_interfaces/msg/rosidl_generator_c__visibility_control.h
-- Up-to-date: /home/farah/ros2_ws/install/fleet_interfaces/share/fleet_interfaces/environment/library_path.sh
-- Up-to-date: /home/farah/ros2_ws/install/fleet_interfaces/share/fleet_interfaces/environment/library_path.dsv
-- Up-to-date: /home/farah/ros2_ws/install/fleet_interfaces/lib/libfleet_interfaces__rosidl_generator_c.so
-- Up-to-date: /home/farah/ros2_ws/install/fleet_interfaces/include/fleet_interfaces/fleet_interfaces
-- Up-to-date: /home/farah/ros2_ws/install/fleet_interfaces/include/fleet_interfaces/fleet_interfaces/srv
-- Up-to-date: /home/farah/ros2_ws/install/fleet_interfaces/include/fleet_interfaces/fleet_interfaces/srv/detail
-- Up-to-date: /home/farah/ros2_ws/install/fleet_interfaces/include/fleet_interfaces/fleet_interfaces/srv/detail/assign_task__rosidl_typesupport_fastrtps_c.h
-- Up-to-date: /home/farah/ros2_ws/install/fleet_interfaces/include/fleet_interfaces/fleet_interfaces/srv/detail/get_fleet_status__rosidl_typesupport_fastrtps_c.h
-- Up-to-date: /home/farah/ros2_ws/install/fleet_interfaces/include/fleet_interfaces/fleet_interfaces/msg
-- Up-to-date: /home/farah/ros2_ws/install/fleet_interfaces/include/fleet_interfaces/fleet_interfaces/msg/detail
-- Up-to-date: /home/farah/ros2_ws/install/fleet_interfaces/include/fleet_interfaces/fleet_interfaces/msg/detail/robot_status__rosidl_typesupport_fastrtps_c.h
-- Up-to-date: /home/farah/ros2_ws/install/fleet_interfaces/include/fleet_interfaces/fleet_interfaces/msg/detail/fleet_command__rosidl_typesupport_fastrtps_c.h
-- Up-to-date: /home/farah/ros2_ws/install/fleet_interfaces/include/fleet_interfaces/fleet_interfaces/msg/rosidl_typesupport_fastrtps_c__visibility_control.h
-- Up-to-date: /home/farah/ros2_ws/install/fleet_interfaces/lib/libfleet_interfaces__rosidl_typesupport_fastrtps_c.so
-- Up-to-date: /home/farah/ros2_ws/install/fleet_interfaces/include/fleet_interfaces/fleet_interfaces
-- Up-to-date: /home/farah/ros2_ws/install/fleet_interfaces/include/fleet_interfaces/fleet_interfaces/srv
-- Up-to-date: /home/farah/ros2_ws/install/fleet_interfaces/include/fleet_interfaces/fleet_interfaces/srv/detail
-- Up-to-date: /home/farah/ros2_ws/install/fleet_interfaces/include/fleet_interfaces/fleet_interfaces/srv/detail/get_fleet_status__type_support.c
-- Up-to-date: /home/farah/ros2_ws/install/fleet_interfaces/include/fleet_interfaces/fleet_interfaces/srv/detail/assign_task__type_support.c
-- Up-to-date: /home/farah/ros2_ws/install/fleet_interfaces/include/fleet_interfaces/fleet_interfaces/srv/detail/get_fleet_status__rosidl_typesupport_introspection_c.h
-- Up-to-date: /home/farah/ros2_ws/install/fleet_interfaces/include/fleet_interfaces/fleet_interfaces/srv/detail/assign_task__rosidl_typesupport_introspection_c.h
-- Up-to-date: /home/farah/ros2_ws/install/fleet_interfaces/include/fleet_interfaces/fleet_interfaces/msg
-- Up-to-date: /home/farah/ros2_ws/install/fleet_interfaces/include/fleet_interfaces/fleet_interfaces/msg/detail
-- Up-to-date: /home/farah/ros2_ws/install/fleet_interfaces/include/fleet_interfaces/fleet_interfaces/msg/detail/fleet_command__type_support.c
-- Up-to-date: /home/farah/ros2_ws/install/fleet_interfaces/include/fleet_interfaces/fleet_interfaces/msg/detail/fleet_command__rosidl_typesupport_introspection_c.h
-- Up-to-date: /home/farah/ros2_ws/install/fleet_interfaces/include/fleet_interfaces/fleet_interfaces/msg/detail/robot_status__rosidl_typesupport_introspection_c.h
-- Up-to-date: /home/farah/ros2_ws/install/fleet_interfaces/include/fleet_interfaces/fleet_interfaces/msg/detail/robot_status__type_support.c
-- Up-to-date: /home/farah/ros2_ws/install/fleet_interfaces/include/fleet_interfaces/fleet_interfaces/msg/rosidl_typesupport_introspection_c__visibility_control.h
-- Up-to-date: /home/farah/ros2_ws/install/fleet_interfaces/lib/libfleet_interfaces__rosidl_typesupport_introspection_c.so
-- Up-to-date: /home/farah/ros2_ws/install/fleet_interfaces/lib/libfleet_interfaces__rosidl_typesupport_c.so
-- Up-to-date: /home/farah/ros2_ws/install/fleet_interfaces/include/fleet_interfaces/fleet_interfaces
-- Up-to-date: /home/farah/ros2_ws/install/fleet_interfaces/include/fleet_interfaces/fleet_interfaces/srv
-- Up-to-date: /home/farah/ros2_ws/install/fleet_interfaces/include/fleet_interfaces/fleet_interfaces/srv/assign_task.hpp
-- Up-to-date: /home/farah/ros2_ws/install/fleet_interfaces/include/fleet_interfaces/fleet_interfaces/srv/detail
-- Up-to-date: /home/farah/ros2_ws/install/fleet_interfaces/include/fleet_interfaces/fleet_interfaces/srv/detail/get_fleet_status__traits.hpp
-- Up-to-date: /home/farah/ros2_ws/install/fleet_interfaces/include/fleet_interfaces/fleet_interfaces/srv/detail/assign_task__traits.hpp
-- Up-to-date: /home/farah/ros2_ws/install/fleet_interfaces/include/fleet_interfaces/fleet_interfaces/srv/detail/get_fleet_status__struct.hpp
-- Up-to-date: /home/farah/ros2_ws/install/fleet_interfaces/include/fleet_interfaces/fleet_interfaces/srv/detail/assign_task__builder.hpp
-- Up-to-date: /home/farah/ros2_ws/install/fleet_interfaces/include/fleet_interfaces/fleet_interfaces/srv/detail/assign_task__struct.hpp
-- Up-to-date: /home/farah/ros2_ws/install/fleet_interfaces/include/fleet_interfaces/fleet_interfaces/srv/detail/get_fleet_status__builder.hpp
-- Up-to-date: /home/farah/ros2_ws/install/fleet_interfaces/include/fleet_interfaces/fleet_interfaces/srv/detail/assign_task__type_support.hpp
-- Up-to-date: /home/farah/ros2_ws/install/fleet_interfaces/include/fleet_interfaces/fleet_interfaces/srv/detail/get_fleet_status__type_support.hpp
-- Up-to-date: /home/farah/ros2_ws/install/fleet_interfaces/include/fleet_interfaces/fleet_interfaces/srv/get_fleet_status.hpp
-- Up-to-date: /home/farah/ros2_ws/install/fleet_interfaces/include/fleet_interfaces/fleet_interfaces/msg
-- Up-to-date: /home/farah/ros2_ws/install/fleet_interfaces/include/fleet_interfaces/fleet_interfaces/msg/robot_status.hpp
-- Up-to-date: /home/farah/ros2_ws/install/fleet_interfaces/include/fleet_interfaces/fleet_interfaces/msg/fleet_command.hpp
-- Up-to-date: /home/farah/ros2_ws/install/fleet_interfaces/include/fleet_interfaces/fleet_interfaces/msg/detail
-- Up-to-date: /home/farah/ros2_ws/install/fleet_interfaces/include/fleet_interfaces/fleet_interfaces/msg/detail/fleet_command__builder.hpp
-- Up-to-date: /home/farah/ros2_ws/install/fleet_interfaces/include/fleet_interfaces/fleet_interfaces/msg/detail/fleet_command__type_support.hpp
-- Up-to-date: /home/farah/ros2_ws/install/fleet_interfaces/include/fleet_interfaces/fleet_interfaces/msg/detail/robot_status__struct.hpp
-- Up-to-date: /home/farah/ros2_ws/install/fleet_interfaces/include/fleet_interfaces/fleet_interfaces/msg/detail/robot_status__traits.hpp
-- Up-to-date: /home/farah/ros2_ws/install/fleet_interfaces/include/fleet_interfaces/fleet_interfaces/msg/detail/robot_status__builder.hpp
-- Up-to-date: /home/farah/ros2_ws/install/fleet_interfaces/include/fleet_interfaces/fleet_interfaces/msg/detail/fleet_command__traits.hpp
-- Up-to-date: /home/farah/ros2_ws/install/fleet_interfaces/include/fleet_interfaces/fleet_interfaces/msg/detail/fleet_command__struct.hpp
-- Up-to-date: /home/farah/ros2_ws/install/fleet_interfaces/include/fleet_interfaces/fleet_interfaces/msg/detail/robot_status__type_support.hpp
-- Up-to-date: /home/farah/ros2_ws/install/fleet_interfaces/include/fleet_interfaces/fleet_interfaces/msg/rosidl_generator_cpp__visibility_control.hpp
-- Up-to-date: /home/farah/ros2_ws/install/fleet_interfaces/include/fleet_interfaces/fleet_interfaces
-- Up-to-date: /home/farah/ros2_ws/install/fleet_interfaces/include/fleet_interfaces/fleet_interfaces/srv
-- Up-to-date: /home/farah/ros2_ws/install/fleet_interfaces/include/fleet_interfaces/fleet_interfaces/srv/detail
-- Up-to-date: /home/farah/ros2_ws/install/fleet_interfaces/include/fleet_interfaces/fleet_interfaces/srv/detail/dds_fastrtps
-- Up-to-date: /home/farah/ros2_ws/install/fleet_interfaces/include/fleet_interfaces/fleet_interfaces/srv/detail/assign_task__rosidl_typesupport_fastrtps_cpp.hpp
-- Up-to-date: /home/farah/ros2_ws/install/fleet_interfaces/include/fleet_interfaces/fleet_interfaces/srv/detail/get_fleet_status__rosidl_typesupport_fastrtps_cpp.hpp
-- Up-to-date: /home/farah/ros2_ws/install/fleet_interfaces/include/fleet_interfaces/fleet_interfaces/msg
-- Up-to-date: /home/farah/ros2_ws/install/fleet_interfaces/include/fleet_interfaces/fleet_interfaces/msg/detail
-- Up-to-date: /home/farah/ros2_ws/install/fleet_interfaces/include/fleet_interfaces/fleet_interfaces/msg/detail/robot_status__rosidl_typesupport_fastrtps_cpp.hpp
-- Up-to-date: /home/farah/ros2_ws/install/fleet_interfaces/include/fleet_interfaces/fleet_interfaces/msg/detail/dds_fastrtps
-- Up-to-date: /home/farah/ros2_ws/install/fleet_interfaces/include/fleet_interfaces/fleet_interfaces/msg/detail/fleet_command__rosidl_typesupport_fastrtps_cpp.hpp
-- Up-to-date: /home/farah/ros2_ws/install/fleet_interfaces/include/fleet_interfaces/fleet_interfaces/msg/rosidl_typesupport_fastrtps_cpp__visibility_control.h
-- Up-to-date: /home/farah/ros2_ws/install/fleet_interfaces/lib/libfleet_interfaces__rosidl_typesupport_fastrtps_cpp.so
-- Up-to-date: /home/farah/ros2_ws/install/fleet_interfaces/include/fleet_interfaces/fleet_interfaces
-- Up-to-date: /home/farah/ros2_ws/install/fleet_interfaces/include/fleet_interfaces/fleet_interfaces/srv
-- Up-to-date: /home/farah/ros2_ws/install/fleet_interfaces/include/fleet_interfaces/fleet_interfaces/srv/detail
-- Up-to-date: /home/farah/ros2_ws/install/fleet_interfaces/include/fleet_interfaces/fleet_interfaces/srv/detail/get_fleet_status__type_support.cpp
-- Up-to-date: /home/farah/ros2_ws/install/fleet_interfaces/include/fleet_interfaces/fleet_interfaces/srv/detail/get_fleet_status__rosidl_typesupport_introspection_cpp.hpp
-- Up-to-date: /home/farah/ros2_ws/install/fleet_interfaces/include/fleet_interfaces/fleet_interfaces/srv/detail/assign_task__rosidl_typesupport_introspection_cpp.hpp
-- Up-to-date: /home/farah/ros2_ws/install/fleet_interfaces/include/fleet_interfaces/fleet_interfaces/srv/detail/assign_task__type_support.cpp
-- Up-to-date: /home/farah/ros2_ws/install/fleet_interfaces/include/fleet_interfaces/fleet_interfaces/msg
-- Up-to-date: /home/farah/ros2_ws/install/fleet_interfaces/include/fleet_interfaces/fleet_interfaces/msg/detail
-- Up-to-date: /home/farah/ros2_ws/install/fleet_interfaces/include/fleet_interfaces/fleet_interfaces/msg/detail/fleet_command__rosidl_typesupport_introspection_cpp.hpp
-- Up-to-date: /home/farah/ros2_ws/install/fleet_interfaces/include/fleet_interfaces/fleet_interfaces/msg/detail/robot_status__type_support.cpp
-- Up-to-date: /home/farah/ros2_ws/install/fleet_interfaces/include/fleet_interfaces/fleet_interfaces/msg/detail/fleet_command__type_support.cpp
-- Up-to-date: /home/farah/ros2_ws/install/fleet_interfaces/include/fleet_interfaces/fleet_interfaces/msg/detail/robot_status__rosidl_typesupport_introspection_cpp.hpp
-- Up-to-date: /home/farah/ros2_ws/install/fleet_interfaces/lib/libfleet_interfaces__rosidl_typesupport_introspection_cpp.so
-- Up-to-date: /home/farah/ros2_ws/install/fleet_interfaces/lib/libfleet_interfaces__rosidl_typesupport_cpp.so
-- Up-to-date: /home/farah/ros2_ws/install/fleet_interfaces/share/fleet_interfaces/environment/pythonpath.sh
-- Up-to-date: /home/farah/ros2_ws/install/fleet_interfaces/share/fleet_interfaces/environment/pythonpath.dsv
-- Up-to-date: /home/farah/ros2_ws/install/fleet_interfaces/local/lib/python3.10/dist-packages/fleet_interfaces-1.0.0-py3.10.egg-info
-- Installing: /home/farah/ros2_ws/install/fleet_interfaces/local/lib/python3.10/dist-packages/fleet_interfaces-1.0.0-py3.10.egg-info/top_level.txt
-- Installing: /home/farah/ros2_ws/install/fleet_interfaces/local/lib/python3.10/dist-packages/fleet_interfaces-1.0.0-py3.10.egg-info/SOURCES.txt
-- Installing: /home/farah/ros2_ws/install/fleet_interfaces/local/lib/python3.10/dist-packages/fleet_interfaces-1.0.0-py3.10.egg-info/PKG-INFO
-- Installing: /home/farah/ros2_ws/install/fleet_interfaces/local/lib/python3.10/dist-packages/fleet_interfaces-1.0.0-py3.10.egg-info/dependency_links.txt
-- Up-to-date: /home/farah/ros2_ws/install/fleet_interfaces/local/lib/python3.10/dist-packages/fleet_interfaces
-- Up-to-date: /home/farah/ros2_ws/install/fleet_interfaces/local/lib/python3.10/dist-packages/fleet_interfaces/_fleet_interfaces_s.ep.rosidl_typesupport_introspection_c.c
-- Up-to-date: /home/farah/ros2_ws/install/fleet_interfaces/local/lib/python3.10/dist-packages/fleet_interfaces/srv
-- Up-to-date: /home/farah/ros2_ws/install/fleet_interfaces/local/lib/python3.10/dist-packages/fleet_interfaces/srv/__init__.py
-- Up-to-date: /home/farah/ros2_ws/install/fleet_interfaces/local/lib/python3.10/dist-packages/fleet_interfaces/srv/_get_fleet_status_s.c
-- Up-to-date: /home/farah/ros2_ws/install/fleet_interfaces/local/lib/python3.10/dist-packages/fleet_interfaces/srv/_assign_task.py
-- Up-to-date: /home/farah/ros2_ws/install/fleet_interfaces/local/lib/python3.10/dist-packages/fleet_interfaces/srv/_assign_task_s.c
-- Up-to-date: /home/farah/ros2_ws/install/fleet_interfaces/local/lib/python3.10/dist-packages/fleet_interfaces/srv/_get_fleet_status.py
-- Up-to-date: /home/farah/ros2_ws/install/fleet_interfaces/local/lib/python3.10/dist-packages/fleet_interfaces/__init__.py
-- Up-to-date: /home/farah/ros2_ws/install/fleet_interfaces/local/lib/python3.10/dist-packages/fleet_interfaces/msg
-- Up-to-date: /home/farah/ros2_ws/install/fleet_interfaces/local/lib/python3.10/dist-packages/fleet_interfaces/msg/__init__.py
-- Up-to-date: /home/farah/ros2_ws/install/fleet_interfaces/local/lib/python3.10/dist-packages/fleet_interfaces/msg/_fleet_command_s.c
-- Up-to-date: /home/farah/ros2_ws/install/fleet_interfaces/local/lib/python3.10/dist-packages/fleet_interfaces/msg/_robot_status.py
-- Up-to-date: /home/farah/ros2_ws/install/fleet_interfaces/local/lib/python3.10/dist-packages/fleet_interfaces/msg/_robot_status_s.c
-- Up-to-date: /home/farah/ros2_ws/install/fleet_interfaces/local/lib/python3.10/dist-packages/fleet_interfaces/msg/_fleet_command.py
-- Up-to-date: /home/farah/ros2_ws/install/fleet_interfaces/local/lib/python3.10/dist-packages/fleet_interfaces/fleet_interfaces_s__rosidl_typesupport_introspection_c.cpython-310-x86_64-linux-gnu.so
-- Up-to-date: /home/farah/ros2_ws/install/fleet_interfaces/local/lib/python3.10/dist-packages/fleet_interfaces/fleet_interfaces_s__rosidl_typesupport_c.cpython-310-x86_64-linux-gnu.so
-- Up-to-date: /home/farah/ros2_ws/install/fleet_interfaces/local/lib/python3.10/dist-packages/fleet_interfaces/libfleet_interfaces__rosidl_generator_py.so
-- Up-to-date: /home/farah/ros2_ws/install/fleet_interfaces/local/lib/python3.10/dist-packages/fleet_interfaces/fleet_interfaces_s__rosidl_typesupport_fastrtps_c.cpython-310-x86_64-linux-gnu.so
-- Up-to-date: /home/farah/ros2_ws/install/fleet_interfaces/local/lib/python3.10/dist-packages/fleet_interfaces/_fleet_interfaces_s.ep.rosidl_typesupport_c.c
-- Up-to-date: /home/farah/ros2_ws/install/fleet_interfaces/local/lib/python3.10/dist-packages/fleet_interfaces/_fleet_interfaces_s.ep.rosidl_typesupport_fastrtps_c.c
Listing '/home/farah/ros2_ws/install/fleet_interfaces/local/lib/python3.10/dist-packages/fleet_interfaces'...
Listing '/home/farah/ros2_ws/install/fleet_interfaces/local/lib/python3.10/dist-packages/fleet_interfaces/msg'...
Listing '/home/farah/ros2_ws/install/fleet_interfaces/local/lib/python3.10/dist-packages/fleet_interfaces/srv'...
-- Up-to-date: /home/farah/ros2_ws/install/fleet_interfaces/local/lib/python3.10/dist-packages/fleet_interfaces/fleet_interfaces_s__rosidl_typesupport_fastrtps_c.cpython-310-x86_64-linux-gnu.so
-- Up-to-date: /home/farah/ros2_ws/install/fleet_interfaces/local/lib/python3.10/dist-packages/fleet_interfaces/fleet_interfaces_s__rosidl_typesupport_introspection_c.cpython-310-x86_64-linux-gnu.so
-- Up-to-date: /home/farah/ros2_ws/install/fleet_interfaces/local/lib/python3.10/dist-packages/fleet_interfaces/fleet_interfaces_s__rosidl_typesupport_c.cpython-310-x86_64-linux-gnu.so
-- Up-to-date: /home/farah/ros2_ws/install/fleet_interfaces/lib/libfleet_interfaces__rosidl_generator_py.so
-- Up-to-date: /home/farah/ros2_ws/install/fleet_interfaces/share/fleet_interfaces/msg/RobotStatus.idl
-- Up-to-date: /home/farah/ros2_ws/install/fleet_interfaces/share/fleet_interfaces/msg/FleetCommand.idl
-- Up-to-date: /home/farah/ros2_ws/install/fleet_interfaces/share/fleet_interfaces/srv/AssignTask.idl
-- Up-to-date: /home/farah/ros2_ws/install/fleet_interfaces/share/fleet_interfaces/srv/GetFleetStatus.idl
-- Up-to-date: /home/farah/ros2_ws/install/fleet_interfaces/share/fleet_interfaces/msg/RobotStatus.msg
-- Up-to-date: /home/farah/ros2_ws/install/fleet_interfaces/share/fleet_interfaces/msg/FleetCommand.msg
-- Up-to-date: /home/farah/ros2_ws/install/fleet_interfaces/share/fleet_interfaces/srv/AssignTask.srv
-- Up-to-date: /home/farah/ros2_ws/install/fleet_interfaces/share/fleet_interfaces/srv/AssignTask_Request.msg
-- Up-to-date: /home/farah/ros2_ws/install/fleet_interfaces/share/fleet_interfaces/srv/AssignTask_Response.msg
-- Up-to-date: /home/farah/ros2_ws/install/fleet_interfaces/share/fleet_interfaces/srv/GetFleetStatus.srv
-- Up-to-date: /home/farah/ros2_ws/install/fleet_interfaces/share/fleet_interfaces/srv/GetFleetStatus_Request.msg
-- Up-to-date: /home/farah/ros2_ws/install/fleet_interfaces/share/fleet_interfaces/srv/GetFleetStatus_Response.msg
-- Up-to-date: /home/farah/ros2_ws/install/fleet_interfaces/share/ament_index/resource_index/package_run_dependencies/fleet_interfaces
-- Up-to-date: /home/farah/ros2_ws/install/fleet_interfaces/share/ament_index/resource_index/parent_prefix_path/fleet_interfaces
-- Up-to-date: /home/farah/ros2_ws/install/fleet_interfaces/share/fleet_interfaces/environment/ament_prefix_path.sh
-- Up-to-date: /home/farah/ros2_ws/install/fleet_interfaces/share/fleet_interfaces/environment/ament_prefix_path.dsv
-- Up-to-date: /home/farah/ros2_ws/install/fleet_interfaces/share/fleet_interfaces/environment/path.sh
-- Up-to-date: /home/farah/ros2_ws/install/fleet_interfaces/share/fleet_interfaces/environment/path.dsv
-- Up-to-date: /home/farah/ros2_ws/install/fleet_interfaces/share/fleet_interfaces/local_setup.bash
-- Up-to-date: /home/farah/ros2_ws/install/fleet_interfaces/share/fleet_interfaces/local_setup.sh
-- Up-to-date: /home/farah/ros2_ws/install/fleet_interfaces/share/fleet_interfaces/local_setup.zsh
-- Up-to-date: /home/farah/ros2_ws/install/fleet_interfaces/share/fleet_interfaces/local_setup.dsv
-- Installing: /home/farah/ros2_ws/install/fleet_interfaces/share/fleet_interfaces/package.dsv
-- Up-to-date: /home/farah/ros2_ws/install/fleet_interfaces/share/ament_index/resource_index/packages/fleet_interfaces
-- Up-to-date: /home/farah/ros2_ws/install/fleet_interfaces/share/fleet_interfaces/cmake/export_fleet_interfaces__rosidl_generator_cExport.cmake
-- Up-to-date: /home/farah/ros2_ws/install/fleet_interfaces/share/fleet_interfaces/cmake/export_fleet_interfaces__rosidl_generator_cExport-noconfig.cmake
-- Up-to-date: /home/farah/ros2_ws/install/fleet_interfaces/share/fleet_interfaces/cmake/export_fleet_interfaces__rosidl_typesupport_fastrtps_cExport.cmake
-- Up-to-date: /home/farah/ros2_ws/install/fleet_interfaces/share/fleet_interfaces/cmake/export_fleet_interfaces__rosidl_typesupport_fastrtps_cExport-noconfig.cmake
-- Up-to-date: /home/farah/ros2_ws/install/fleet_interfaces/share/fleet_interfaces/cmake/fleet_interfaces__rosidl_typesupport_introspection_cExport.cmake
-- Up-to-date: /home/farah/ros2_ws/install/fleet_interfaces/share/fleet_interfaces/cmake/fleet_interfaces__rosidl_typesupport_introspection_cExport-noconfig.cmake
-- Up-to-date: /home/farah/ros2_ws/install/fleet_interfaces/share/fleet_interfaces/cmake/fleet_interfaces__rosidl_typesupport_cExport.cmake
-- Up-to-date: /home/farah/ros2_ws/install/fleet_interfaces/share/fleet_interfaces/cmake/fleet_interfaces__rosidl_typesupport_cExport-noconfig.cmake
-- Up-to-date: /home/farah/ros2_ws/install/fleet_interfaces/share/fleet_interfaces/cmake/export_fleet_interfaces__rosidl_generator_cppExport.cmake
-- Up-to-date: /home/farah/ros2_ws/install/fleet_interfaces/share/fleet_interfaces/cmake/export_fleet_interfaces__rosidl_typesupport_fastrtps_cppExport.cmake
-- Up-to-date: /home/farah/ros2_ws/install/fleet_interfaces/share/fleet_interfaces/cmake/export_fleet_interfaces__rosidl_typesupport_fastrtps_cppExport-noconfig.cmake
-- Up-to-date: /home/farah/ros2_ws/install/fleet_interfaces/share/fleet_interfaces/cmake/fleet_interfaces__rosidl_typesupport_introspection_cppExport.cmake
-- Up-to-date: /home/farah/ros2_ws/install/fleet_interfaces/share/fleet_interfaces/cmake/fleet_interfaces__rosidl_typesupport_introspection_cppExport-noconfig.cmake
-- Up-to-date: /home/farah/ros2_ws/install/fleet_interfaces/share/fleet_interfaces/cmake/fleet_interfaces__rosidl_typesupport_cppExport.cmake
-- Up-to-date: /home/farah/ros2_ws/install/fleet_interfaces/share/fleet_interfaces/cmake/fleet_interfaces__rosidl_typesupport_cppExport-noconfig.cmake
-- Up-to-date: /home/farah/ros2_ws/install/fleet_interfaces/share/fleet_interfaces/cmake/export_fleet_interfaces__rosidl_generator_pyExport.cmake
-- Up-to-date: /home/farah/ros2_ws/install/fleet_interfaces/share/fleet_interfaces/cmake/export_fleet_interfaces__rosidl_generator_pyExport-noconfig.cmake
-- Up-to-date: /home/farah/ros2_ws/install/fleet_interfaces/share/fleet_interfaces/cmake/rosidl_cmake-extras.cmake
-- Up-to-date: /home/farah/ros2_ws/install/fleet_interfaces/share/fleet_interfaces/cmake/ament_cmake_export_dependencies-extras.cmake
-- Up-to-date: /home/farah/ros2_ws/install/fleet_interfaces/share/fleet_interfaces/cmake/ament_cmake_export_include_directories-extras.cmake
-- Up-to-date: /home/farah/ros2_ws/install/fleet_interfaces/share/fleet_interfaces/cmake/ament_cmake_export_libraries-extras.cmake
-- Up-to-date: /home/farah/ros2_ws/install/fleet_interfaces/share/fleet_interfaces/cmake/ament_cmake_export_targets-extras.cmake
-- Up-to-date: /home/farah/ros2_ws/install/fleet_interfaces/share/fleet_interfaces/cmake/rosidl_cmake_export_typesupport_targets-extras.cmake
-- Up-to-date: /home/farah/ros2_ws/install/fleet_interfaces/share/fleet_interfaces/cmake/rosidl_cmake_export_typesupport_libraries-extras.cmake
-- Up-to-date: /home/farah/ros2_ws/install/fleet_interfaces/share/fleet_interfaces/cmake/fleet_interfacesConfig.cmake
-- Up-to-date: /home/farah/ros2_ws/install/fleet_interfaces/share/fleet_interfaces/cmake/fleet_interfacesConfig-version.cmake
-- Up-to-date: /home/farah/ros2_ws/install/fleet_interfaces/share/fleet_interfaces/package.xml
