[0.306s] DEBUG:colcon:Command line arguments: ['/usr/bin/colcon', 'build', '--packages-select', 'fleet_interfaces', 'fleet_manager']
[0.306s] DEBUG:colcon:Parsed command line arguments: Namespace(log_base=None, log_level=None, verb_name='build', build_base='build', install_base='install', merge_install=False, symlink_install=False, test_result_base=None, continue_on_error=False, executor='parallel', parallel_workers=2, event_handlers=None, ignore_user_meta=False, metas=['./colcon.meta'], base_paths=['.'], packages_ignore=None, packages_ignore_regex=None, paths=None, packages_up_to=None, packages_up_to_regex=None, packages_above=None, packages_above_and_dependencies=None, packages_above_depth=None, packages_select_by_dep=None, packages_skip_by_dep=None, packages_skip_up_to=None, packages_select_build_failed=False, packages_skip_build_finished=False, packages_select_test_failures=False, packages_skip_test_passed=False, packages_select=['fleet_interfaces', 'fleet_manager'], packages_skip=None, packages_select_regex=None, packages_skip_regex=None, packages_start=None, packages_end=None, allow_overriding=[], cmake_args=None, cmake_target=None, cmake_target_skip_unavailable=False, cmake_clean_cache=False, cmake_clean_first=False, cmake_force_configure=False, ament_cmake_args=None, catkin_cmake_args=None, catkin_skip_building_tests=False, mixin_files=None, mixin=None, verb_parser=<colcon_mixin.mixin.mixin_argument.MixinArgumentDecorator object at 0x7be379055bd0>, verb_extension=<colcon_core.verb.build.BuildVerb object at 0x7be3790556f0>, main=<bound method BuildVerb.main of <colcon_core.verb.build.BuildVerb object at 0x7be3790556f0>>, mixin_verb=('build',))
[0.786s] Level 1:colcon.colcon_core.package_discovery:discover_packages(colcon_meta) check parameters
[0.786s] Level 1:colcon.colcon_core.package_discovery:discover_packages(recursive) check parameters
[0.786s] Level 1:colcon.colcon_core.package_discovery:discover_packages(ignore) check parameters
[0.786s] Level 1:colcon.colcon_core.package_discovery:discover_packages(path) check parameters
[0.786s] Level 1:colcon.colcon_core.package_discovery:discover_packages(colcon_meta) discover
[0.786s] Level 1:colcon.colcon_core.package_discovery:discover_packages(recursive) discover
[0.787s] INFO:colcon.colcon_core.package_discovery:Crawling recursively for packages in '/home/farah/ros2_ws'
[0.787s] Level 1:colcon.colcon_core.package_identification:_identify(.) by extensions ['ignore', 'ignore_ament_install']
[0.787s] Level 1:colcon.colcon_core.package_identification:_identify(.) by extension 'ignore'
[0.787s] Level 1:colcon.colcon_core.package_identification:_identify(.) by extension 'ignore_ament_install'
[0.788s] Level 1:colcon.colcon_core.package_identification:_identify(.) by extensions ['colcon_pkg']
[0.788s] Level 1:colcon.colcon_core.package_identification:_identify(.) by extension 'colcon_pkg'
[0.788s] Level 1:colcon.colcon_core.package_identification:_identify(.) by extensions ['colcon_meta']
[0.788s] Level 1:colcon.colcon_core.package_identification:_identify(.) by extension 'colcon_meta'
[0.788s] Level 1:colcon.colcon_core.package_identification:_identify(.) by extensions ['ros']
[0.788s] Level 1:colcon.colcon_core.package_identification:_identify(.) by extension 'ros'
[0.817s] Level 1:colcon.colcon_core.package_identification:_identify(.) by extensions ['cmake', 'python']
[0.817s] Level 1:colcon.colcon_core.package_identification:_identify(.) by extension 'cmake'
[0.817s] Level 1:colcon.colcon_core.package_identification:_identify(.) by extension 'python'
[0.818s] Level 1:colcon.colcon_core.package_identification:_identify(.) by extensions ['python_setup_py']
[0.818s] Level 1:colcon.colcon_core.package_identification:_identify(.) by extension 'python_setup_py'
[0.818s] Level 1:colcon.colcon_core.package_identification:_identify(build) by extensions ['ignore', 'ignore_ament_install']
[0.818s] Level 1:colcon.colcon_core.package_identification:_identify(build) by extension 'ignore'
[0.818s] Level 1:colcon.colcon_core.package_identification:_identify(build) ignored
[0.819s] Level 1:colcon.colcon_core.package_identification:_identify(install) by extensions ['ignore', 'ignore_ament_install']
[0.819s] Level 1:colcon.colcon_core.package_identification:_identify(install) by extension 'ignore'
[0.819s] Level 1:colcon.colcon_core.package_identification:_identify(install) ignored
[0.819s] Level 1:colcon.colcon_core.package_identification:_identify(log) by extensions ['ignore', 'ignore_ament_install']
[0.819s] Level 1:colcon.colcon_core.package_identification:_identify(log) by extension 'ignore'
[0.820s] Level 1:colcon.colcon_core.package_identification:_identify(log) ignored
[0.820s] Level 1:colcon.colcon_core.package_identification:_identify(src) by extensions ['ignore', 'ignore_ament_install']
[0.820s] Level 1:colcon.colcon_core.package_identification:_identify(src) by extension 'ignore'
[0.820s] Level 1:colcon.colcon_core.package_identification:_identify(src) by extension 'ignore_ament_install'
[0.820s] Level 1:colcon.colcon_core.package_identification:_identify(src) by extensions ['colcon_pkg']
[0.820s] Level 1:colcon.colcon_core.package_identification:_identify(src) by extension 'colcon_pkg'
[0.821s] Level 1:colcon.colcon_core.package_identification:_identify(src) by extensions ['colcon_meta']
[0.821s] Level 1:colcon.colcon_core.package_identification:_identify(src) by extension 'colcon_meta'
[0.821s] Level 1:colcon.colcon_core.package_identification:_identify(src) by extensions ['ros']
[0.821s] Level 1:colcon.colcon_core.package_identification:_identify(src) by extension 'ros'
[0.821s] Level 1:colcon.colcon_core.package_identification:_identify(src) by extensions ['cmake', 'python']
[0.821s] Level 1:colcon.colcon_core.package_identification:_identify(src) by extension 'cmake'
[0.821s] Level 1:colcon.colcon_core.package_identification:_identify(src) by extension 'python'
[0.822s] Level 1:colcon.colcon_core.package_identification:_identify(src) by extensions ['python_setup_py']
[0.822s] Level 1:colcon.colcon_core.package_identification:_identify(src) by extension 'python_setup_py'
[0.822s] Level 1:colcon.colcon_core.package_identification:_identify(src/fleet_interfaces) by extensions ['ignore', 'ignore_ament_install']
[0.822s] Level 1:colcon.colcon_core.package_identification:_identify(src/fleet_interfaces) by extension 'ignore'
[0.822s] Level 1:colcon.colcon_core.package_identification:_identify(src/fleet_interfaces) by extension 'ignore_ament_install'
[0.822s] Level 1:colcon.colcon_core.package_identification:_identify(src/fleet_interfaces) by extensions ['colcon_pkg']
[0.823s] Level 1:colcon.colcon_core.package_identification:_identify(src/fleet_interfaces) by extension 'colcon_pkg'
[0.823s] Level 1:colcon.colcon_core.package_identification:_identify(src/fleet_interfaces) by extensions ['colcon_meta']
[0.823s] Level 1:colcon.colcon_core.package_identification:_identify(src/fleet_interfaces) by extension 'colcon_meta'
[0.823s] Level 1:colcon.colcon_core.package_identification:_identify(src/fleet_interfaces) by extensions ['ros']
[0.823s] Level 1:colcon.colcon_core.package_identification:_identify(src/fleet_interfaces) by extension 'ros'
[0.828s] DEBUG:colcon.colcon_core.package_identification:Package 'src/fleet_interfaces' with type 'ros.ament_cmake' and name 'fleet_interfaces'
[0.828s] Level 1:colcon.colcon_core.package_identification:_identify(src/fleet_manager) by extensions ['ignore', 'ignore_ament_install']
[0.829s] Level 1:colcon.colcon_core.package_identification:_identify(src/fleet_manager) by extension 'ignore'
[0.829s] Level 1:colcon.colcon_core.package_identification:_identify(src/fleet_manager) by extension 'ignore_ament_install'
[0.829s] Level 1:colcon.colcon_core.package_identification:_identify(src/fleet_manager) by extensions ['colcon_pkg']
[0.829s] Level 1:colcon.colcon_core.package_identification:_identify(src/fleet_manager) by extension 'colcon_pkg'
[0.829s] Level 1:colcon.colcon_core.package_identification:_identify(src/fleet_manager) by extensions ['colcon_meta']
[0.829s] Level 1:colcon.colcon_core.package_identification:_identify(src/fleet_manager) by extension 'colcon_meta'
[0.830s] Level 1:colcon.colcon_core.package_identification:_identify(src/fleet_manager) by extensions ['ros']
[0.830s] Level 1:colcon.colcon_core.package_identification:_identify(src/fleet_manager) by extension 'ros'
[0.831s] DEBUG:colcon.colcon_core.package_identification:Package 'src/fleet_manager' with type 'ros.ament_python' and name 'fleet_manager'
[0.832s] Level 1:colcon.colcon_core.package_identification:_identify(src/simple_interfaces) by extensions ['ignore', 'ignore_ament_install']
[0.832s] Level 1:colcon.colcon_core.package_identification:_identify(src/simple_interfaces) by extension 'ignore'
[0.832s] Level 1:colcon.colcon_core.package_identification:_identify(src/simple_interfaces) by extension 'ignore_ament_install'
[0.832s] Level 1:colcon.colcon_core.package_identification:_identify(src/simple_interfaces) by extensions ['colcon_pkg']
[0.832s] Level 1:colcon.colcon_core.package_identification:_identify(src/simple_interfaces) by extension 'colcon_pkg'
[0.832s] Level 1:colcon.colcon_core.package_identification:_identify(src/simple_interfaces) by extensions ['colcon_meta']
[0.833s] Level 1:colcon.colcon_core.package_identification:_identify(src/simple_interfaces) by extension 'colcon_meta'
[0.833s] Level 1:colcon.colcon_core.package_identification:_identify(src/simple_interfaces) by extensions ['ros']
[0.833s] Level 1:colcon.colcon_core.package_identification:_identify(src/simple_interfaces) by extension 'ros'
[0.834s] DEBUG:colcon.colcon_core.package_identification:Package 'src/simple_interfaces' with type 'ros.ament_cmake' and name 'simple_interfaces'
[0.834s] Level 1:colcon.colcon_core.package_identification:_identify(src/simple_params) by extensions ['ignore', 'ignore_ament_install']
[0.834s] Level 1:colcon.colcon_core.package_identification:_identify(src/simple_params) by extension 'ignore'
[0.835s] Level 1:colcon.colcon_core.package_identification:_identify(src/simple_params) by extension 'ignore_ament_install'
[0.835s] Level 1:colcon.colcon_core.package_identification:_identify(src/simple_params) by extensions ['colcon_pkg']
[0.835s] Level 1:colcon.colcon_core.package_identification:_identify(src/simple_params) by extension 'colcon_pkg'
[0.835s] Level 1:colcon.colcon_core.package_identification:_identify(src/simple_params) by extensions ['colcon_meta']
[0.835s] Level 1:colcon.colcon_core.package_identification:_identify(src/simple_params) by extension 'colcon_meta'
[0.835s] Level 1:colcon.colcon_core.package_identification:_identify(src/simple_params) by extensions ['ros']
[0.835s] Level 1:colcon.colcon_core.package_identification:_identify(src/simple_params) by extension 'ros'
[0.837s] DEBUG:colcon.colcon_core.package_identification:Package 'src/simple_params' with type 'ros.ament_python' and name 'simple_params'
[0.837s] Level 1:colcon.colcon_core.package_discovery:discover_packages(recursive) using defaults
[0.837s] Level 1:colcon.colcon_core.package_discovery:discover_packages(ignore) discover
[0.837s] Level 1:colcon.colcon_core.package_discovery:discover_packages(ignore) using defaults
[0.837s] Level 1:colcon.colcon_core.package_discovery:discover_packages(path) discover
[0.837s] Level 1:colcon.colcon_core.package_discovery:discover_packages(path) using defaults
[0.899s] INFO:colcon.colcon_core.package_selection:Skipping not selected package 'simple_interfaces' in 'src/simple_interfaces'
[0.900s] INFO:colcon.colcon_core.package_selection:Skipping not selected package 'simple_params' in 'src/simple_params'
[0.900s] Level 1:colcon.colcon_core.package_discovery:discover_packages(prefix_path) check parameters
[0.901s] Level 1:colcon.colcon_core.package_discovery:discover_packages(prefix_path) discover
[0.916s] DEBUG:colcon.colcon_installed_package_information.package_discovery:Found 351 installed packages in /opt/ros/humble
[0.920s] Level 1:colcon.colcon_core.package_discovery:discover_packages(prefix_path) using defaults
[1.071s] Level 5:colcon.colcon_core.verb:set package 'fleet_interfaces' build argument 'cmake_args' from command line to 'None'
[1.071s] Level 5:colcon.colcon_core.verb:set package 'fleet_interfaces' build argument 'cmake_target' from command line to 'None'
[1.071s] Level 5:colcon.colcon_core.verb:set package 'fleet_interfaces' build argument 'cmake_target_skip_unavailable' from command line to 'False'
[1.071s] Level 5:colcon.colcon_core.verb:set package 'fleet_interfaces' build argument 'cmake_clean_cache' from command line to 'False'
[1.072s] Level 5:colcon.colcon_core.verb:set package 'fleet_interfaces' build argument 'cmake_clean_first' from command line to 'False'
[1.072s] Level 5:colcon.colcon_core.verb:set package 'fleet_interfaces' build argument 'cmake_force_configure' from command line to 'False'
[1.072s] Level 5:colcon.colcon_core.verb:set package 'fleet_interfaces' build argument 'ament_cmake_args' from command line to 'None'
[1.072s] Level 5:colcon.colcon_core.verb:set package 'fleet_interfaces' build argument 'catkin_cmake_args' from command line to 'None'
[1.072s] Level 5:colcon.colcon_core.verb:set package 'fleet_interfaces' build argument 'catkin_skip_building_tests' from command line to 'False'
[1.072s] DEBUG:colcon.colcon_core.verb:Building package 'fleet_interfaces' with the following arguments: {'ament_cmake_args': None, 'build_base': '/home/farah/ros2_ws/build/fleet_interfaces', 'catkin_cmake_args': None, 'catkin_skip_building_tests': False, 'cmake_args': None, 'cmake_clean_cache': False, 'cmake_clean_first': False, 'cmake_force_configure': False, 'cmake_target': None, 'cmake_target_skip_unavailable': False, 'install_base': '/home/farah/ros2_ws/install/fleet_interfaces', 'merge_install': False, 'path': '/home/farah/ros2_ws/src/fleet_interfaces', 'symlink_install': False, 'test_result_base': None}
[1.073s] Level 5:colcon.colcon_core.verb:set package 'fleet_manager' build argument 'cmake_args' from command line to 'None'
[1.073s] Level 5:colcon.colcon_core.verb:set package 'fleet_manager' build argument 'cmake_target' from command line to 'None'
[1.073s] Level 5:colcon.colcon_core.verb:set package 'fleet_manager' build argument 'cmake_target_skip_unavailable' from command line to 'False'
[1.073s] Level 5:colcon.colcon_core.verb:set package 'fleet_manager' build argument 'cmake_clean_cache' from command line to 'False'
[1.073s] Level 5:colcon.colcon_core.verb:set package 'fleet_manager' build argument 'cmake_clean_first' from command line to 'False'
[1.073s] Level 5:colcon.colcon_core.verb:set package 'fleet_manager' build argument 'cmake_force_configure' from command line to 'False'
[1.073s] Level 5:colcon.colcon_core.verb:set package 'fleet_manager' build argument 'ament_cmake_args' from command line to 'None'
[1.073s] Level 5:colcon.colcon_core.verb:set package 'fleet_manager' build argument 'catkin_cmake_args' from command line to 'None'
[1.074s] Level 5:colcon.colcon_core.verb:set package 'fleet_manager' build argument 'catkin_skip_building_tests' from command line to 'False'
[1.074s] DEBUG:colcon.colcon_core.verb:Building package 'fleet_manager' with the following arguments: {'ament_cmake_args': None, 'build_base': '/home/farah/ros2_ws/build/fleet_manager', 'catkin_cmake_args': None, 'catkin_skip_building_tests': False, 'cmake_args': None, 'cmake_clean_cache': False, 'cmake_clean_first': False, 'cmake_force_configure': False, 'cmake_target': None, 'cmake_target_skip_unavailable': False, 'install_base': '/home/farah/ros2_ws/install/fleet_manager', 'merge_install': False, 'path': '/home/farah/ros2_ws/src/fleet_manager', 'symlink_install': False, 'test_result_base': None}
[1.074s] INFO:colcon.colcon_core.executor:Executing jobs using 'parallel' executor
[1.078s] DEBUG:colcon.colcon_parallel_executor.executor.parallel:run_until_complete
[1.078s] INFO:colcon.colcon_ros.task.ament_cmake.build:Building ROS package in '/home/farah/ros2_ws/src/fleet_interfaces' with build type 'ament_cmake'
[1.079s] INFO:colcon.colcon_cmake.task.cmake.build:Building CMake package in '/home/farah/ros2_ws/src/fleet_interfaces'
[1.090s] INFO:colcon.colcon_core.plugin_system:Skipping extension 'colcon_core.shell.bat': Not used on non-Windows systems
[1.090s] INFO:colcon.colcon_core.shell:Skip shell extension 'powershell' for command environment: Not usable outside of PowerShell
[1.091s] DEBUG:colcon.colcon_core.shell:Skip shell extension 'dsv' for command environment
[1.204s] DEBUG:colcon.colcon_core.event_handler.log_command:Invoking command in '/home/farah/ros2_ws/build/fleet_interfaces': CMAKE_PREFIX_PATH=/opt/ros/humble /usr/bin/cmake --build /home/farah/ros2_ws/build/fleet_interfaces -- -j2 -l2
[6.054s] DEBUG:colcon.colcon_core.event_handler.log_command:Invoked command in '/home/farah/ros2_ws/build/fleet_interfaces' returned '0': CMAKE_PREFIX_PATH=/opt/ros/humble /usr/bin/cmake --build /home/farah/ros2_ws/build/fleet_interfaces -- -j2 -l2
[6.133s] DEBUG:colcon.colcon_core.event_handler.log_command:Invoking command in '/home/farah/ros2_ws/build/fleet_interfaces': CMAKE_PREFIX_PATH=/opt/ros/humble /usr/bin/cmake --install /home/farah/ros2_ws/build/fleet_interfaces
[6.856s] Level 1:colcon.colcon_core.environment:create_environment_scripts_only(fleet_interfaces)
[6.861s] DEBUG:colcon.colcon_core.event_handler.log_command:Invoked command in '/home/farah/ros2_ws/build/fleet_interfaces' returned '0': CMAKE_PREFIX_PATH=/opt/ros/humble /usr/bin/cmake --install /home/farah/ros2_ws/build/fleet_interfaces
[6.877s] Level 1:colcon.colcon_core.environment:checking '/home/farah/ros2_ws/install/fleet_interfaces' for CMake module files
[6.883s] Level 1:colcon.colcon_core.environment:checking '/home/farah/ros2_ws/install/fleet_interfaces' for CMake config files
[6.887s] Level 1:colcon.colcon_core.shell:create_environment_hook('fleet_interfaces', 'cmake_prefix_path')
[6.888s] INFO:colcon.colcon_core.shell:Creating environment hook '/home/farah/ros2_ws/install/fleet_interfaces/share/fleet_interfaces/hook/cmake_prefix_path.ps1'
[6.891s] INFO:colcon.colcon_core.shell:Creating environment descriptor '/home/farah/ros2_ws/install/fleet_interfaces/share/fleet_interfaces/hook/cmake_prefix_path.dsv'
[6.894s] INFO:colcon.colcon_core.shell:Creating environment hook '/home/farah/ros2_ws/install/fleet_interfaces/share/fleet_interfaces/hook/cmake_prefix_path.sh'
[6.897s] Level 1:colcon.colcon_core.environment:checking '/home/farah/ros2_ws/install/fleet_interfaces/lib'
[6.898s] Level 1:colcon.colcon_core.shell:create_environment_hook('fleet_interfaces', 'ld_library_path_lib')
[6.898s] INFO:colcon.colcon_core.shell:Creating environment hook '/home/farah/ros2_ws/install/fleet_interfaces/share/fleet_interfaces/hook/ld_library_path_lib.ps1'
[6.901s] INFO:colcon.colcon_core.shell:Creating environment descriptor '/home/farah/ros2_ws/install/fleet_interfaces/share/fleet_interfaces/hook/ld_library_path_lib.dsv'
[6.903s] INFO:colcon.colcon_core.shell:Creating environment hook '/home/farah/ros2_ws/install/fleet_interfaces/share/fleet_interfaces/hook/ld_library_path_lib.sh'
[6.906s] Level 1:colcon.colcon_core.environment:checking '/home/farah/ros2_ws/install/fleet_interfaces/bin'
[6.907s] Level 1:colcon.colcon_core.environment:checking '/home/farah/ros2_ws/install/fleet_interfaces/lib/pkgconfig/fleet_interfaces.pc'
[6.908s] Level 1:colcon.colcon_core.environment:checking '/home/farah/ros2_ws/install/fleet_interfaces/lib/python3.10/site-packages'
[6.909s] Level 1:colcon.colcon_core.environment:checking '/home/farah/ros2_ws/install/fleet_interfaces/bin'
[6.910s] INFO:colcon.colcon_core.shell:Creating package script '/home/farah/ros2_ws/install/fleet_interfaces/share/fleet_interfaces/package.ps1'
[6.913s] INFO:colcon.colcon_core.shell:Creating package descriptor '/home/farah/ros2_ws/install/fleet_interfaces/share/fleet_interfaces/package.dsv'
[6.915s] INFO:colcon.colcon_core.shell:Creating package script '/home/farah/ros2_ws/install/fleet_interfaces/share/fleet_interfaces/package.sh'
[6.919s] INFO:colcon.colcon_core.shell:Creating package script '/home/farah/ros2_ws/install/fleet_interfaces/share/fleet_interfaces/package.bash'
[6.921s] INFO:colcon.colcon_core.shell:Creating package script '/home/farah/ros2_ws/install/fleet_interfaces/share/fleet_interfaces/package.zsh'
[6.924s] Level 1:colcon.colcon_core.environment:create_file_with_runtime_dependencies(/home/farah/ros2_ws/install/fleet_interfaces/share/colcon-core/packages/fleet_interfaces)
[6.929s] Level 1:colcon.colcon_core.environment:create_environment_scripts_only(fleet_interfaces)
[6.930s] Level 1:colcon.colcon_core.environment:checking '/home/farah/ros2_ws/install/fleet_interfaces' for CMake module files
[6.934s] Level 1:colcon.colcon_core.environment:checking '/home/farah/ros2_ws/install/fleet_interfaces' for CMake config files
[6.937s] Level 1:colcon.colcon_core.shell:create_environment_hook('fleet_interfaces', 'cmake_prefix_path')
[6.937s] INFO:colcon.colcon_core.shell:Creating environment hook '/home/farah/ros2_ws/install/fleet_interfaces/share/fleet_interfaces/hook/cmake_prefix_path.ps1'
[6.939s] INFO:colcon.colcon_core.shell:Creating environment descriptor '/home/farah/ros2_ws/install/fleet_interfaces/share/fleet_interfaces/hook/cmake_prefix_path.dsv'
[6.940s] INFO:colcon.colcon_core.shell:Creating environment hook '/home/farah/ros2_ws/install/fleet_interfaces/share/fleet_interfaces/hook/cmake_prefix_path.sh'
[6.943s] Level 1:colcon.colcon_core.environment:checking '/home/farah/ros2_ws/install/fleet_interfaces/lib'
[6.943s] Level 1:colcon.colcon_core.shell:create_environment_hook('fleet_interfaces', 'ld_library_path_lib')
[6.944s] INFO:colcon.colcon_core.shell:Creating environment hook '/home/farah/ros2_ws/install/fleet_interfaces/share/fleet_interfaces/hook/ld_library_path_lib.ps1'
[6.945s] INFO:colcon.colcon_core.shell:Creating environment descriptor '/home/farah/ros2_ws/install/fleet_interfaces/share/fleet_interfaces/hook/ld_library_path_lib.dsv'
[6.948s] INFO:colcon.colcon_core.shell:Creating environment hook '/home/farah/ros2_ws/install/fleet_interfaces/share/fleet_interfaces/hook/ld_library_path_lib.sh'
[6.950s] Level 1:colcon.colcon_core.environment:checking '/home/farah/ros2_ws/install/fleet_interfaces/bin'
[6.950s] Level 1:colcon.colcon_core.environment:checking '/home/farah/ros2_ws/install/fleet_interfaces/lib/pkgconfig/fleet_interfaces.pc'
[6.951s] Level 1:colcon.colcon_core.environment:checking '/home/farah/ros2_ws/install/fleet_interfaces/lib/python3.10/site-packages'
[6.951s] Level 1:colcon.colcon_core.environment:checking '/home/farah/ros2_ws/install/fleet_interfaces/bin'
[6.952s] INFO:colcon.colcon_core.shell:Creating package script '/home/farah/ros2_ws/install/fleet_interfaces/share/fleet_interfaces/package.ps1'
[6.954s] INFO:colcon.colcon_core.shell:Creating package descriptor '/home/farah/ros2_ws/install/fleet_interfaces/share/fleet_interfaces/package.dsv'
[6.956s] INFO:colcon.colcon_core.shell:Creating package script '/home/farah/ros2_ws/install/fleet_interfaces/share/fleet_interfaces/package.sh'
[6.958s] INFO:colcon.colcon_core.shell:Creating package script '/home/farah/ros2_ws/install/fleet_interfaces/share/fleet_interfaces/package.bash'
[6.959s] INFO:colcon.colcon_core.shell:Creating package script '/home/farah/ros2_ws/install/fleet_interfaces/share/fleet_interfaces/package.zsh'
[6.961s] Level 1:colcon.colcon_core.environment:create_file_with_runtime_dependencies(/home/farah/ros2_ws/install/fleet_interfaces/share/colcon-core/packages/fleet_interfaces)
[6.964s] INFO:colcon.colcon_ros.task.ament_python.build:Building ROS package in '/home/farah/ros2_ws/src/fleet_manager' with build type 'ament_python'
[6.964s] Level 1:colcon.colcon_core.shell:create_environment_hook('fleet_manager', 'ament_prefix_path')
[6.965s] INFO:colcon.colcon_core.shell:Creating environment hook '/home/farah/ros2_ws/install/fleet_manager/share/fleet_manager/hook/ament_prefix_path.ps1'
[6.970s] INFO:colcon.colcon_core.shell:Creating environment descriptor '/home/farah/ros2_ws/install/fleet_manager/share/fleet_manager/hook/ament_prefix_path.dsv'
[6.973s] INFO:colcon.colcon_core.shell:Creating environment hook '/home/farah/ros2_ws/install/fleet_manager/share/fleet_manager/hook/ament_prefix_path.sh'
[6.977s] INFO:colcon.colcon_core.shell:Skip shell extension 'powershell' for command environment: Not usable outside of PowerShell
[6.978s] DEBUG:colcon.colcon_core.shell:Skip shell extension 'dsv' for command environment
[8.353s] INFO:colcon.colcon_core.task.python.build:Building Python package in '/home/farah/ros2_ws/src/fleet_manager'
[8.354s] INFO:colcon.colcon_core.shell:Skip shell extension 'powershell' for command environment: Not usable outside of PowerShell
[8.354s] DEBUG:colcon.colcon_core.shell:Skip shell extension 'dsv' for command environment
[10.000s] DEBUG:colcon.colcon_core.event_handler.log_command:Invoking command in '/home/farah/ros2_ws/build/fleet_manager': AMENT_PREFIX_PATH=/home/farah/ros2_ws/install/fleet_interfaces:${AMENT_PREFIX_PATH} CMAKE_PREFIX_PATH=/home/farah/ros2_ws/install/fleet_interfaces LD_LIBRARY_PATH=/home/farah/ros2_ws/install/fleet_interfaces/lib:${LD_LIBRARY_PATH} PYTHONPATH=/home/farah/ros2_ws/build/fleet_manager/prefix_override:/usr/lib/python3/dist-packages/colcon_core/task/python/colcon_distutils_commands:/home/farah/ros2_ws/install/fleet_manager/lib/python3.10/site-packages:/home/farah/ros2_ws/install/fleet_interfaces/local/lib/python3.10/dist-packages:${PYTHONPATH} /usr/bin/python3 -W ignore:setup.py install is deprecated -W ignore:easy_install command is deprecated setup.py develop --uninstall --editable --build-directory /home/farah/ros2_ws/build/fleet_manager/build
[11.824s] DEBUG:colcon.colcon_core.event_handler.log_command:Invoked command in '/home/farah/ros2_ws/build/fleet_manager' returned '0': AMENT_PREFIX_PATH=/home/farah/ros2_ws/install/fleet_interfaces:${AMENT_PREFIX_PATH} CMAKE_PREFIX_PATH=/home/farah/ros2_ws/install/fleet_interfaces LD_LIBRARY_PATH=/home/farah/ros2_ws/install/fleet_interfaces/lib:${LD_LIBRARY_PATH} PYTHONPATH=/home/farah/ros2_ws/build/fleet_manager/prefix_override:/usr/lib/python3/dist-packages/colcon_core/task/python/colcon_distutils_commands:/home/farah/ros2_ws/install/fleet_manager/lib/python3.10/site-packages:/home/farah/ros2_ws/install/fleet_interfaces/local/lib/python3.10/dist-packages:${PYTHONPATH} /usr/bin/python3 -W ignore:setup.py install is deprecated -W ignore:easy_install command is deprecated setup.py develop --uninstall --editable --build-directory /home/farah/ros2_ws/build/fleet_manager/build
[11.827s] DEBUG:colcon.colcon_core.event_handler.log_command:Invoking command in '/home/farah/ros2_ws/src/fleet_manager': AMENT_PREFIX_PATH=/home/farah/ros2_ws/install/fleet_interfaces:${AMENT_PREFIX_PATH} CMAKE_PREFIX_PATH=/home/farah/ros2_ws/install/fleet_interfaces LD_LIBRARY_PATH=/home/farah/ros2_ws/install/fleet_interfaces/lib:${LD_LIBRARY_PATH} PYTHONPATH=/home/farah/ros2_ws/build/fleet_manager/prefix_override:/usr/lib/python3/dist-packages/colcon_core/task/python/colcon_distutils_commands:/home/farah/ros2_ws/install/fleet_manager/lib/python3.10/site-packages:/home/farah/ros2_ws/install/fleet_interfaces/local/lib/python3.10/dist-packages:${PYTHONPATH} /usr/bin/python3 -W ignore:setup.py install is deprecated -W ignore:easy_install command is deprecated setup.py egg_info --egg-base ../../build/fleet_manager build --build-base /home/farah/ros2_ws/build/fleet_manager/build install --record /home/farah/ros2_ws/build/fleet_manager/install.log --single-version-externally-managed install_data --force
[13.134s] Level 1:colcon.colcon_core.environment:checking '/home/farah/ros2_ws/install/fleet_manager' for CMake module files
[13.141s] DEBUG:colcon.colcon_core.event_handler.log_command:Invoked command in '/home/farah/ros2_ws/src/fleet_manager' returned '0': AMENT_PREFIX_PATH=/home/farah/ros2_ws/install/fleet_interfaces:${AMENT_PREFIX_PATH} CMAKE_PREFIX_PATH=/home/farah/ros2_ws/install/fleet_interfaces LD_LIBRARY_PATH=/home/farah/ros2_ws/install/fleet_interfaces/lib:${LD_LIBRARY_PATH} PYTHONPATH=/home/farah/ros2_ws/build/fleet_manager/prefix_override:/usr/lib/python3/dist-packages/colcon_core/task/python/colcon_distutils_commands:/home/farah/ros2_ws/install/fleet_manager/lib/python3.10/site-packages:/home/farah/ros2_ws/install/fleet_interfaces/local/lib/python3.10/dist-packages:${PYTHONPATH} /usr/bin/python3 -W ignore:setup.py install is deprecated -W ignore:easy_install command is deprecated setup.py egg_info --egg-base ../../build/fleet_manager build --build-base /home/farah/ros2_ws/build/fleet_manager/build install --record /home/farah/ros2_ws/build/fleet_manager/install.log --single-version-externally-managed install_data --force
[13.148s] Level 1:colcon.colcon_core.environment:checking '/home/farah/ros2_ws/install/fleet_manager' for CMake config files
[13.155s] Level 1:colcon.colcon_core.environment:checking '/home/farah/ros2_ws/install/fleet_manager/lib'
[13.156s] Level 1:colcon.colcon_core.environment:checking '/home/farah/ros2_ws/install/fleet_manager/bin'
[13.156s] Level 1:colcon.colcon_core.environment:checking '/home/farah/ros2_ws/install/fleet_manager/lib/pkgconfig/fleet_manager.pc'
[13.157s] Level 1:colcon.colcon_core.environment:checking '/home/farah/ros2_ws/install/fleet_manager/lib/python3.10/site-packages'
[13.158s] Level 1:colcon.colcon_core.shell:create_environment_hook('fleet_manager', 'pythonpath')
[13.158s] INFO:colcon.colcon_core.shell:Creating environment hook '/home/farah/ros2_ws/install/fleet_manager/share/fleet_manager/hook/pythonpath.ps1'
[13.161s] INFO:colcon.colcon_core.shell:Creating environment descriptor '/home/farah/ros2_ws/install/fleet_manager/share/fleet_manager/hook/pythonpath.dsv'
[13.163s] INFO:colcon.colcon_core.shell:Creating environment hook '/home/farah/ros2_ws/install/fleet_manager/share/fleet_manager/hook/pythonpath.sh'
[13.167s] Level 1:colcon.colcon_core.environment:checking '/home/farah/ros2_ws/install/fleet_manager/bin'
[13.167s] Level 1:colcon.colcon_core.environment:create_environment_scripts_only(fleet_manager)
[13.168s] INFO:colcon.colcon_core.shell:Creating package script '/home/farah/ros2_ws/install/fleet_manager/share/fleet_manager/package.ps1'
[13.170s] INFO:colcon.colcon_core.shell:Creating package descriptor '/home/farah/ros2_ws/install/fleet_manager/share/fleet_manager/package.dsv'
[13.172s] INFO:colcon.colcon_core.shell:Creating package script '/home/farah/ros2_ws/install/fleet_manager/share/fleet_manager/package.sh'
[13.173s] INFO:colcon.colcon_core.shell:Creating package script '/home/farah/ros2_ws/install/fleet_manager/share/fleet_manager/package.bash'
[13.175s] INFO:colcon.colcon_core.shell:Creating package script '/home/farah/ros2_ws/install/fleet_manager/share/fleet_manager/package.zsh'
[13.176s] Level 1:colcon.colcon_core.environment:create_file_with_runtime_dependencies(/home/farah/ros2_ws/install/fleet_manager/share/colcon-core/packages/fleet_manager)
[13.181s] DEBUG:colcon.colcon_parallel_executor.executor.parallel:closing loop
[13.181s] DEBUG:colcon.colcon_parallel_executor.executor.parallel:loop closed
[13.181s] DEBUG:colcon.colcon_parallel_executor.executor.parallel:run_until_complete finished with '0'
[13.182s] DEBUG:colcon.colcon_core.event_reactor:joining thread
[13.231s] INFO:colcon.colcon_core.plugin_system:Skipping extension 'colcon_notification.desktop_notification.terminal_notifier': Not used on non-Darwin systems
[13.231s] INFO:colcon.colcon_core.plugin_system:Skipping extension 'colcon_notification.desktop_notification.win32': Not used on non-Windows systems
[13.231s] INFO:colcon.colcon_notification.desktop_notification:Sending desktop notification using 'notify2'
[13.296s] DEBUG:colcon.colcon_core.event_reactor:joined thread
[13.297s] INFO:colcon.colcon_core.shell:Creating prefix script '/home/farah/ros2_ws/install/local_setup.ps1'
[13.302s] INFO:colcon.colcon_core.shell:Creating prefix util module '/home/farah/ros2_ws/install/_local_setup_util_ps1.py'
[13.312s] INFO:colcon.colcon_core.shell:Creating prefix chain script '/home/farah/ros2_ws/install/setup.ps1'
[13.320s] INFO:colcon.colcon_core.shell:Creating prefix script '/home/farah/ros2_ws/install/local_setup.sh'
[13.328s] INFO:colcon.colcon_core.shell:Creating prefix util module '/home/farah/ros2_ws/install/_local_setup_util_sh.py'
[13.337s] INFO:colcon.colcon_core.shell:Creating prefix chain script '/home/farah/ros2_ws/install/setup.sh'
[13.345s] INFO:colcon.colcon_core.shell:Creating prefix script '/home/farah/ros2_ws/install/local_setup.bash'
[13.349s] INFO:colcon.colcon_core.shell:Creating prefix chain script '/home/farah/ros2_ws/install/setup.bash'
[13.355s] INFO:colcon.colcon_core.shell:Creating prefix script '/home/farah/ros2_ws/install/local_setup.zsh'
[13.359s] INFO:colcon.colcon_core.shell:Creating prefix chain script '/home/farah/ros2_ws/install/setup.zsh'
