[0.019s] Invoking command in '/home/farah/ros2_ws/build/custom_interfaces': CMAKE_PREFIX_PATH=/opt/ros/humble /usr/bin/cmake /home/farah/ros2_ws/src/custom_interfaces -DCMAKE_INSTALL_PREFIX=/home/farah/ros2_ws/install/custom_interfaces
[0.381s] -- The C compiler identification is GNU 11.4.0
[0.569s] -- The CXX compiler identification is GNU 11.4.0
[0.598s] -- Detecting C compiler ABI info
[0.760s] -- Detecting C compiler ABI info - done
[0.772s] -- Check for working C compiler: /usr/bin/cc - skipped
[0.774s] -- Detecting C compile features
[0.777s] -- Detecting C compile features - done
[0.789s] -- Detecting CXX compiler ABI info
[0.935s] -- Detecting CXX compiler ABI info - done
[0.946s] -- Check for working CXX compiler: /usr/bin/c++ - skipped
[0.946s] -- Detecting CXX compile features
[0.946s] -- Detecting CXX compile features - done
[0.987s] -- Found ament_cmake: 1.3.12 (/opt/ros/humble/share/ament_cmake/cmake)
[1.222s] -- Found Python3: /usr/bin/python3 (found version "3.10.12") found components: Interpreter 
[1.436s] -- Found rosidl_default_generators: 1.2.0 (/opt/ros/humble/share/rosidl_default_generators/cmake)
[1.457s] -- Using all available rosidl_typesupport_c: rosidl_typesupport_fastrtps_c;rosidl_typesupport_introspection_c
[1.484s] -- Found rosidl_adapter: 3.1.7 (/opt/ros/humble/share/rosidl_adapter/cmake)
[1.601s] -- Using all available rosidl_typesupport_cpp: rosidl_typesupport_fastrtps_cpp;rosidl_typesupport_introspection_cpp
[1.699s] -- Found action_msgs: 1.2.2 (/opt/ros/humble/share/action_msgs/cmake)
[2.209s] -- Found ament_cmake_ros: 0.10.0 (/opt/ros/humble/share/ament_cmake_ros/cmake)
[2.535s] -- Using all available rosidl_typesupport_c: rosidl_typesupport_fastrtps_c;rosidl_typesupport_introspection_c
[2.955s] -- Using all available rosidl_typesupport_cpp: rosidl_typesupport_fastrtps_cpp;rosidl_typesupport_introspection_cpp
[3.001s] -- Found PythonInterp: /usr/bin/python3 (found suitable version "3.10.12", minimum required is "3.6") 
[3.007s] -- Found python_cmake_module: 0.10.0 (/opt/ros/humble/share/python_cmake_module/cmake)
[3.049s] -- Found PythonLibs: /usr/lib/x86_64-linux-gnu/libpython3.10.so (found suitable version "3.10.12", minimum required is "3.5") 
[3.049s] -- Using PYTHON_EXECUTABLE: /usr/bin/python3
[3.049s] -- Using PYTHON_INCLUDE_DIRS: /usr/include/python3.10
[3.050s] -- Using PYTHON_LIBRARIES: /usr/lib/x86_64-linux-gnu/libpython3.10.so
[3.095s] -- Found PythonExtra: .so  
[3.219s] -- Configuring done
[3.310s] -- Generating done
[3.331s] -- Build files have been written to: /home/farah/ros2_ws/build/custom_interfaces
[3.346s] Invoked command in '/home/farah/ros2_ws/build/custom_interfaces' returned '0': CMAKE_PREFIX_PATH=/opt/ros/humble /usr/bin/cmake /home/farah/ros2_ws/src/custom_interfaces -DCMAKE_INSTALL_PREFIX=/home/farah/ros2_ws/install/custom_interfaces
[3.346s] Invoking command in '/home/farah/ros2_ws/build/custom_interfaces': CMAKE_PREFIX_PATH=/opt/ros/humble /usr/bin/cmake --build /home/farah/ros2_ws/build/custom_interfaces -- -j2 -l2
[3.447s] [  3%] [34m[1mGenerating C code for ROS interfaces[0m
[3.484s] [  6%] [34m[1mGenerating C++ code for ROS interfaces[0m
[4.786s] [  6%] Built target custom_interfaces__cpp
[4.877s] [  6%] Built target ament_cmake_python_copy_custom_interfaces
[4.908s] [  9%] [34m[1mGenerating C++ type support dispatch for ROS interfaces[0m
[5.119s] [ 12%] [32mBuilding C object CMakeFiles/custom_interfaces__rosidl_generator_c.dir/rosidl_generator_c/custom_interfaces/action/detail/charge_battery__functions.c.o[0m
[5.538s] [ 16%] [32m[1mLinking C shared library libcustom_interfaces__rosidl_generator_c.so[0m
[5.662s] [ 16%] Built target custom_interfaces__rosidl_generator_c
[5.699s] [ 19%] [34m[1mGenerating C++ type support for eProsima Fast-RTPS[0m
[5.974s] [ 22%] [32mBuilding CXX object CMakeFiles/custom_interfaces__rosidl_typesupport_cpp.dir/rosidl_typesupport_cpp/custom_interfaces/action/charge_battery__type_support.cpp.o[0m
[6.945s] [ 25%] [32mBuilding CXX object CMakeFiles/custom_interfaces__rosidl_typesupport_fastrtps_cpp.dir/rosidl_typesupport_fastrtps_cpp/custom_interfaces/action/detail/dds_fastrtps/charge_battery__type_support.cpp.o[0m
[7.401s] [ 29%] [32m[1mLinking CXX shared library libcustom_interfaces__rosidl_typesupport_cpp.so[0m
[7.512s] [ 29%] Built target custom_interfaces__rosidl_typesupport_cpp
[7.536s] [ 32%] [34m[1mGenerating C++ introspection for ROS interfaces[0m
[8.405s] [ 35%] [32m[1mLinking CXX shared library libcustom_interfaces__rosidl_typesupport_fastrtps_cpp.so[0m
[8.617s] [ 38%] [32mBuilding CXX object CMakeFiles/custom_interfaces__rosidl_typesupport_introspection_cpp.dir/rosidl_typesupport_introspection_cpp/custom_interfaces/action/detail/charge_battery__type_support.cpp.o[0m
[8.692s] [ 38%] Built target custom_interfaces__rosidl_typesupport_fastrtps_cpp
[9.284s] running egg_info
[9.285s] creating custom_interfaces.egg-info
[9.286s] writing custom_interfaces.egg-info/PKG-INFO
[9.287s] writing dependency_links to custom_interfaces.egg-info/dependency_links.txt
[9.289s] writing top-level names to custom_interfaces.egg-info/top_level.txt
[9.293s] writing manifest file 'custom_interfaces.egg-info/SOURCES.txt'
[9.301s] reading manifest file 'custom_interfaces.egg-info/SOURCES.txt'
[9.308s] writing manifest file 'custom_interfaces.egg-info/SOURCES.txt'
[9.405s] [ 38%] Built target ament_cmake_python_build_custom_interfaces_egg
[9.429s] [ 41%] [34m[1mGenerating C type support for eProsima Fast-RTPS[0m
[10.433s] [ 45%] [32m[1mLinking CXX shared library libcustom_interfaces__rosidl_typesupport_introspection_cpp.so[0m
[10.571s] [ 48%] [32mBuilding CXX object CMakeFiles/custom_interfaces__rosidl_typesupport_fastrtps_c.dir/rosidl_typesupport_fastrtps_c/custom_interfaces/action/detail/charge_battery__type_support_c.cpp.o[0m
[10.772s] [ 48%] Built target custom_interfaces__rosidl_typesupport_introspection_cpp
[11.318s] [ 51%] [32m[1mLinking CXX shared library libcustom_interfaces__rosidl_typesupport_fastrtps_c.so[0m
[11.549s] [ 51%] Built target custom_interfaces__rosidl_typesupport_fastrtps_c
[11.610s] [ 54%] [34m[1mGenerating C introspection for ROS interfaces[0m
[12.743s] [ 58%] [32mBuilding C object CMakeFiles/custom_interfaces__rosidl_typesupport_introspection_c.dir/rosidl_typesupport_introspection_c/custom_interfaces/action/detail/charge_battery__type_support.c.o[0m
[12.870s] [ 61%] [32m[1mLinking C shared library libcustom_interfaces__rosidl_typesupport_introspection_c.so[0m
[12.951s] [ 61%] Built target custom_interfaces__rosidl_typesupport_introspection_c
[12.982s] [ 64%] [34m[1mGenerating C type support dispatch for ROS interfaces[0m
[13.535s] [ 67%] [32mBuilding CXX object CMakeFiles/custom_interfaces__rosidl_typesupport_c.dir/rosidl_typesupport_c/custom_interfaces/action/charge_battery__type_support.cpp.o[0m
[13.620s] [ 70%] [32m[1mLinking CXX shared library libcustom_interfaces__rosidl_typesupport_c.so[0m
[13.701s] [ 70%] Built target custom_interfaces__rosidl_typesupport_c
[13.740s] [ 70%] Built target custom_interfaces
[13.782s] [ 74%] [34m[1mGenerating Python code for ROS interfaces[0m
[15.224s] [ 74%] Built target custom_interfaces__py
[15.282s] [ 77%] [32mBuilding C object CMakeFiles/custom_interfaces__rosidl_generator_py.dir/rosidl_generator_py/custom_interfaces/action/_charge_battery_s.c.o[0m
[15.681s] [ 80%] [32m[1mLinking C shared library rosidl_generator_py/custom_interfaces/libcustom_interfaces__rosidl_generator_py.so[0m
[15.777s] [ 80%] Built target custom_interfaces__rosidl_generator_py
[15.813s] [ 83%] [32mBuilding C object CMakeFiles/custom_interfaces__rosidl_typesupport_fastrtps_c__pyext.dir/rosidl_generator_py/custom_interfaces/_custom_interfaces_s.ep.rosidl_typesupport_fastrtps_c.c.o[0m
[16.033s] [ 87%] [32m[1mLinking C shared library rosidl_generator_py/custom_interfaces/custom_interfaces_s__rosidl_typesupport_fastrtps_c.cpython-310-x86_64-linux-gnu.so[0m
[16.125s] [ 87%] Built target custom_interfaces__rosidl_typesupport_fastrtps_c__pyext
[16.179s] [ 90%] [32mBuilding C object CMakeFiles/custom_interfaces__rosidl_typesupport_introspection_c__pyext.dir/rosidl_generator_py/custom_interfaces/_custom_interfaces_s.ep.rosidl_typesupport_introspection_c.c.o[0m
[16.421s] [ 93%] [32m[1mLinking C shared library rosidl_generator_py/custom_interfaces/custom_interfaces_s__rosidl_typesupport_introspection_c.cpython-310-x86_64-linux-gnu.so[0m
[16.535s] [ 93%] Built target custom_interfaces__rosidl_typesupport_introspection_c__pyext
[16.611s] [ 96%] [32mBuilding C object CMakeFiles/custom_interfaces__rosidl_typesupport_c__pyext.dir/rosidl_generator_py/custom_interfaces/_custom_interfaces_s.ep.rosidl_typesupport_c.c.o[0m
[16.854s] [100%] [32m[1mLinking C shared library rosidl_generator_py/custom_interfaces/custom_interfaces_s__rosidl_typesupport_c.cpython-310-x86_64-linux-gnu.so[0m
[16.929s] [100%] Built target custom_interfaces__rosidl_typesupport_c__pyext
[16.952s] Invoked command in '/home/farah/ros2_ws/build/custom_interfaces' returned '0': CMAKE_PREFIX_PATH=/opt/ros/humble /usr/bin/cmake --build /home/farah/ros2_ws/build/custom_interfaces -- -j2 -l2
[16.976s] Invoking command in '/home/farah/ros2_ws/build/custom_interfaces': CMAKE_PREFIX_PATH=/opt/ros/humble /usr/bin/cmake --install /home/farah/ros2_ws/build/custom_interfaces
[16.994s] -- Install configuration: ""
[16.995s] -- Installing: /home/farah/ros2_ws/install/custom_interfaces/share/ament_index/resource_index/rosidl_interfaces/custom_interfaces
[16.996s] -- Installing: /home/farah/ros2_ws/install/custom_interfaces/include/custom_interfaces/custom_interfaces
[16.996s] -- Installing: /home/farah/ros2_ws/install/custom_interfaces/include/custom_interfaces/custom_interfaces/action
[16.996s] -- Installing: /home/farah/ros2_ws/install/custom_interfaces/include/custom_interfaces/custom_interfaces/action/charge_battery.h
[16.996s] -- Installing: /home/farah/ros2_ws/install/custom_interfaces/include/custom_interfaces/custom_interfaces/action/detail
[16.996s] -- Installing: /home/farah/ros2_ws/install/custom_interfaces/include/custom_interfaces/custom_interfaces/action/detail/charge_battery__functions.c
[16.996s] -- Installing: /home/farah/ros2_ws/install/custom_interfaces/include/custom_interfaces/custom_interfaces/action/detail/charge_battery__struct.h
[16.996s] -- Installing: /home/farah/ros2_ws/install/custom_interfaces/include/custom_interfaces/custom_interfaces/action/detail/charge_battery__type_support.h
[16.996s] -- Installing: /home/farah/ros2_ws/install/custom_interfaces/include/custom_interfaces/custom_interfaces/action/detail/charge_battery__functions.h
[16.998s] -- Installing: /home/farah/ros2_ws/install/custom_interfaces/include/custom_interfaces/custom_interfaces/msg
[16.998s] -- Installing: /home/farah/ros2_ws/install/custom_interfaces/include/custom_interfaces/custom_interfaces/msg/rosidl_generator_c__visibility_control.h
[16.998s] -- Installing: /home/farah/ros2_ws/install/custom_interfaces/share/custom_interfaces/environment/library_path.sh
[16.998s] -- Installing: /home/farah/ros2_ws/install/custom_interfaces/share/custom_interfaces/environment/library_path.dsv
[16.998s] -- Installing: /home/farah/ros2_ws/install/custom_interfaces/lib/libcustom_interfaces__rosidl_generator_c.so
[17.001s] -- Set runtime path of "/home/farah/ros2_ws/install/custom_interfaces/lib/libcustom_interfaces__rosidl_generator_c.so" to ""
[17.001s] -- Up-to-date: /home/farah/ros2_ws/install/custom_interfaces/include/custom_interfaces/custom_interfaces
[17.001s] -- Up-to-date: /home/farah/ros2_ws/install/custom_interfaces/include/custom_interfaces/custom_interfaces/action
[17.001s] -- Up-to-date: /home/farah/ros2_ws/install/custom_interfaces/include/custom_interfaces/custom_interfaces/action/detail
[17.001s] -- Installing: /home/farah/ros2_ws/install/custom_interfaces/include/custom_interfaces/custom_interfaces/action/detail/charge_battery__rosidl_typesupport_fastrtps_c.h
[17.001s] -- Up-to-date: /home/farah/ros2_ws/install/custom_interfaces/include/custom_interfaces/custom_interfaces/msg
[17.001s] -- Installing: /home/farah/ros2_ws/install/custom_interfaces/include/custom_interfaces/custom_interfaces/msg/rosidl_typesupport_fastrtps_c__visibility_control.h
[17.001s] -- Installing: /home/farah/ros2_ws/install/custom_interfaces/lib/libcustom_interfaces__rosidl_typesupport_fastrtps_c.so
[17.001s] -- Set runtime path of "/home/farah/ros2_ws/install/custom_interfaces/lib/libcustom_interfaces__rosidl_typesupport_fastrtps_c.so" to ""
[17.002s] -- Up-to-date: /home/farah/ros2_ws/install/custom_interfaces/include/custom_interfaces/custom_interfaces
[17.002s] -- Up-to-date: /home/farah/ros2_ws/install/custom_interfaces/include/custom_interfaces/custom_interfaces/action
[17.002s] -- Up-to-date: /home/farah/ros2_ws/install/custom_interfaces/include/custom_interfaces/custom_interfaces/action/detail
[17.002s] -- Installing: /home/farah/ros2_ws/install/custom_interfaces/include/custom_interfaces/custom_interfaces/action/detail/charge_battery__rosidl_typesupport_introspection_c.h
[17.002s] -- Installing: /home/farah/ros2_ws/install/custom_interfaces/include/custom_interfaces/custom_interfaces/action/detail/charge_battery__type_support.c
[17.002s] -- Up-to-date: /home/farah/ros2_ws/install/custom_interfaces/include/custom_interfaces/custom_interfaces/msg
[17.002s] -- Installing: /home/farah/ros2_ws/install/custom_interfaces/include/custom_interfaces/custom_interfaces/msg/rosidl_typesupport_introspection_c__visibility_control.h
[17.002s] -- Installing: /home/farah/ros2_ws/install/custom_interfaces/lib/libcustom_interfaces__rosidl_typesupport_introspection_c.so
[17.004s] -- Set runtime path of "/home/farah/ros2_ws/install/custom_interfaces/lib/libcustom_interfaces__rosidl_typesupport_introspection_c.so" to ""
[17.004s] -- Installing: /home/farah/ros2_ws/install/custom_interfaces/lib/libcustom_interfaces__rosidl_typesupport_c.so
[17.004s] -- Set runtime path of "/home/farah/ros2_ws/install/custom_interfaces/lib/libcustom_interfaces__rosidl_typesupport_c.so" to ""
[17.005s] -- Up-to-date: /home/farah/ros2_ws/install/custom_interfaces/include/custom_interfaces/custom_interfaces
[17.007s] -- Up-to-date: /home/farah/ros2_ws/install/custom_interfaces/include/custom_interfaces/custom_interfaces/action
[17.007s] -- Installing: /home/farah/ros2_ws/install/custom_interfaces/include/custom_interfaces/custom_interfaces/action/charge_battery.hpp
[17.007s] -- Up-to-date: /home/farah/ros2_ws/install/custom_interfaces/include/custom_interfaces/custom_interfaces/action/detail
[17.007s] -- Installing: /home/farah/ros2_ws/install/custom_interfaces/include/custom_interfaces/custom_interfaces/action/detail/charge_battery__traits.hpp
[17.007s] -- Installing: /home/farah/ros2_ws/install/custom_interfaces/include/custom_interfaces/custom_interfaces/action/detail/charge_battery__builder.hpp
[17.008s] -- Installing: /home/farah/ros2_ws/install/custom_interfaces/include/custom_interfaces/custom_interfaces/action/detail/charge_battery__struct.hpp
[17.008s] -- Installing: /home/farah/ros2_ws/install/custom_interfaces/include/custom_interfaces/custom_interfaces/action/detail/charge_battery__type_support.hpp
[17.008s] -- Up-to-date: /home/farah/ros2_ws/install/custom_interfaces/include/custom_interfaces/custom_interfaces/msg
[17.008s] -- Installing: /home/farah/ros2_ws/install/custom_interfaces/include/custom_interfaces/custom_interfaces/msg/rosidl_generator_cpp__visibility_control.hpp
[17.008s] -- Up-to-date: /home/farah/ros2_ws/install/custom_interfaces/include/custom_interfaces/custom_interfaces
[17.008s] -- Up-to-date: /home/farah/ros2_ws/install/custom_interfaces/include/custom_interfaces/custom_interfaces/action
[17.008s] -- Up-to-date: /home/farah/ros2_ws/install/custom_interfaces/include/custom_interfaces/custom_interfaces/action/detail
[17.008s] -- Installing: /home/farah/ros2_ws/install/custom_interfaces/include/custom_interfaces/custom_interfaces/action/detail/dds_fastrtps
[17.008s] -- Installing: /home/farah/ros2_ws/install/custom_interfaces/include/custom_interfaces/custom_interfaces/action/detail/charge_battery__rosidl_typesupport_fastrtps_cpp.hpp
[17.008s] -- Up-to-date: /home/farah/ros2_ws/install/custom_interfaces/include/custom_interfaces/custom_interfaces/msg
[17.008s] -- Installing: /home/farah/ros2_ws/install/custom_interfaces/include/custom_interfaces/custom_interfaces/msg/rosidl_typesupport_fastrtps_cpp__visibility_control.h
[17.011s] -- Installing: /home/farah/ros2_ws/install/custom_interfaces/lib/libcustom_interfaces__rosidl_typesupport_fastrtps_cpp.so
[17.011s] -- Set runtime path of "/home/farah/ros2_ws/install/custom_interfaces/lib/libcustom_interfaces__rosidl_typesupport_fastrtps_cpp.so" to ""
[17.011s] -- Up-to-date: /home/farah/ros2_ws/install/custom_interfaces/include/custom_interfaces/custom_interfaces
[17.011s] -- Up-to-date: /home/farah/ros2_ws/install/custom_interfaces/include/custom_interfaces/custom_interfaces/action
[17.011s] -- Up-to-date: /home/farah/ros2_ws/install/custom_interfaces/include/custom_interfaces/custom_interfaces/action/detail
[17.014s] -- Installing: /home/farah/ros2_ws/install/custom_interfaces/include/custom_interfaces/custom_interfaces/action/detail/charge_battery__type_support.cpp
[17.014s] -- Installing: /home/farah/ros2_ws/install/custom_interfaces/include/custom_interfaces/custom_interfaces/action/detail/charge_battery__rosidl_typesupport_introspection_cpp.hpp
[17.014s] -- Installing: /home/farah/ros2_ws/install/custom_interfaces/lib/libcustom_interfaces__rosidl_typesupport_introspection_cpp.so
[17.014s] -- Set runtime path of "/home/farah/ros2_ws/install/custom_interfaces/lib/libcustom_interfaces__rosidl_typesupport_introspection_cpp.so" to ""
[17.014s] -- Installing: /home/farah/ros2_ws/install/custom_interfaces/lib/libcustom_interfaces__rosidl_typesupport_cpp.so
[17.014s] -- Set runtime path of "/home/farah/ros2_ws/install/custom_interfaces/lib/libcustom_interfaces__rosidl_typesupport_cpp.so" to ""
[17.014s] -- Installing: /home/farah/ros2_ws/install/custom_interfaces/share/custom_interfaces/environment/pythonpath.sh
[17.014s] -- Installing: /home/farah/ros2_ws/install/custom_interfaces/share/custom_interfaces/environment/pythonpath.dsv
[17.014s] -- Installing: /home/farah/ros2_ws/install/custom_interfaces/local/lib/python3.10/dist-packages/custom_interfaces-0.0.0-py3.10.egg-info
[17.014s] -- Installing: /home/farah/ros2_ws/install/custom_interfaces/local/lib/python3.10/dist-packages/custom_interfaces-0.0.0-py3.10.egg-info/top_level.txt
[17.014s] -- Installing: /home/farah/ros2_ws/install/custom_interfaces/local/lib/python3.10/dist-packages/custom_interfaces-0.0.0-py3.10.egg-info/SOURCES.txt
[17.015s] -- Installing: /home/farah/ros2_ws/install/custom_interfaces/local/lib/python3.10/dist-packages/custom_interfaces-0.0.0-py3.10.egg-info/PKG-INFO
[17.015s] -- Installing: /home/farah/ros2_ws/install/custom_interfaces/local/lib/python3.10/dist-packages/custom_interfaces-0.0.0-py3.10.egg-info/dependency_links.txt
[17.015s] -- Installing: /home/farah/ros2_ws/install/custom_interfaces/local/lib/python3.10/dist-packages/custom_interfaces
[17.015s] -- Installing: /home/farah/ros2_ws/install/custom_interfaces/local/lib/python3.10/dist-packages/custom_interfaces/__init__.py
[17.015s] -- Installing: /home/farah/ros2_ws/install/custom_interfaces/local/lib/python3.10/dist-packages/custom_interfaces/action
[17.015s] -- Installing: /home/farah/ros2_ws/install/custom_interfaces/local/lib/python3.10/dist-packages/custom_interfaces/action/__init__.py
[17.015s] -- Installing: /home/farah/ros2_ws/install/custom_interfaces/local/lib/python3.10/dist-packages/custom_interfaces/action/_charge_battery_s.c
[17.015s] -- Installing: /home/farah/ros2_ws/install/custom_interfaces/local/lib/python3.10/dist-packages/custom_interfaces/action/_charge_battery.py
[17.015s] -- Installing: /home/farah/ros2_ws/install/custom_interfaces/local/lib/python3.10/dist-packages/custom_interfaces/_custom_interfaces_s.ep.rosidl_typesupport_fastrtps_c.c
[17.015s] -- Installing: /home/farah/ros2_ws/install/custom_interfaces/local/lib/python3.10/dist-packages/custom_interfaces/_custom_interfaces_s.ep.rosidl_typesupport_introspection_c.c
[17.015s] -- Installing: /home/farah/ros2_ws/install/custom_interfaces/local/lib/python3.10/dist-packages/custom_interfaces/libcustom_interfaces__rosidl_generator_py.so
[17.015s] -- Installing: /home/farah/ros2_ws/install/custom_interfaces/local/lib/python3.10/dist-packages/custom_interfaces/custom_interfaces_s__rosidl_typesupport_introspection_c.cpython-310-x86_64-linux-gnu.so
[17.016s] -- Installing: /home/farah/ros2_ws/install/custom_interfaces/local/lib/python3.10/dist-packages/custom_interfaces/_custom_interfaces_s.ep.rosidl_typesupport_c.c
[17.017s] -- Installing: /home/farah/ros2_ws/install/custom_interfaces/local/lib/python3.10/dist-packages/custom_interfaces/custom_interfaces_s__rosidl_typesupport_fastrtps_c.cpython-310-x86_64-linux-gnu.so
[17.017s] -- Installing: /home/farah/ros2_ws/install/custom_interfaces/local/lib/python3.10/dist-packages/custom_interfaces/custom_interfaces_s__rosidl_typesupport_c.cpython-310-x86_64-linux-gnu.so
[17.101s] Listing '/home/farah/ros2_ws/install/custom_interfaces/local/lib/python3.10/dist-packages/custom_interfaces'...
[17.101s] Compiling '/home/farah/ros2_ws/install/custom_interfaces/local/lib/python3.10/dist-packages/custom_interfaces/__init__.py'...
[17.101s] Listing '/home/farah/ros2_ws/install/custom_interfaces/local/lib/python3.10/dist-packages/custom_interfaces/action'...
[17.101s] Compiling '/home/farah/ros2_ws/install/custom_interfaces/local/lib/python3.10/dist-packages/custom_interfaces/action/__init__.py'...
[17.101s] Compiling '/home/farah/ros2_ws/install/custom_interfaces/local/lib/python3.10/dist-packages/custom_interfaces/action/_charge_battery.py'...
[17.114s] -- Installing: /home/farah/ros2_ws/install/custom_interfaces/local/lib/python3.10/dist-packages/custom_interfaces/custom_interfaces_s__rosidl_typesupport_fastrtps_c.cpython-310-x86_64-linux-gnu.so
[17.114s] -- Set runtime path of "/home/farah/ros2_ws/install/custom_interfaces/local/lib/python3.10/dist-packages/custom_interfaces/custom_interfaces_s__rosidl_typesupport_fastrtps_c.cpython-310-x86_64-linux-gnu.so" to ""
[17.114s] -- Installing: /home/farah/ros2_ws/install/custom_interfaces/local/lib/python3.10/dist-packages/custom_interfaces/custom_interfaces_s__rosidl_typesupport_introspection_c.cpython-310-x86_64-linux-gnu.so
[17.114s] -- Set runtime path of "/home/farah/ros2_ws/install/custom_interfaces/local/lib/python3.10/dist-packages/custom_interfaces/custom_interfaces_s__rosidl_typesupport_introspection_c.cpython-310-x86_64-linux-gnu.so" to ""
[17.115s] -- Installing: /home/farah/ros2_ws/install/custom_interfaces/local/lib/python3.10/dist-packages/custom_interfaces/custom_interfaces_s__rosidl_typesupport_c.cpython-310-x86_64-linux-gnu.so
[17.115s] -- Set runtime path of "/home/farah/ros2_ws/install/custom_interfaces/local/lib/python3.10/dist-packages/custom_interfaces/custom_interfaces_s__rosidl_typesupport_c.cpython-310-x86_64-linux-gnu.so" to ""
[17.115s] -- Installing: /home/farah/ros2_ws/install/custom_interfaces/lib/libcustom_interfaces__rosidl_generator_py.so
[17.116s] -- Set runtime path of "/home/farah/ros2_ws/install/custom_interfaces/lib/libcustom_interfaces__rosidl_generator_py.so" to ""
[17.116s] -- Installing: /home/farah/ros2_ws/install/custom_interfaces/share/custom_interfaces/action/ChargeBattery.idl
[17.116s] -- Installing: /home/farah/ros2_ws/install/custom_interfaces/share/custom_interfaces/action/ChargeBattery.action
[17.116s] -- Installing: /home/farah/ros2_ws/install/custom_interfaces/share/ament_index/resource_index/package_run_dependencies/custom_interfaces
[17.117s] -- Installing: /home/farah/ros2_ws/install/custom_interfaces/share/ament_index/resource_index/parent_prefix_path/custom_interfaces
[17.119s] -- Installing: /home/farah/ros2_ws/install/custom_interfaces/share/custom_interfaces/environment/ament_prefix_path.sh
[17.119s] -- Installing: /home/farah/ros2_ws/install/custom_interfaces/share/custom_interfaces/environment/ament_prefix_path.dsv
[17.119s] -- Installing: /home/farah/ros2_ws/install/custom_interfaces/share/custom_interfaces/environment/path.sh
[17.119s] -- Installing: /home/farah/ros2_ws/install/custom_interfaces/share/custom_interfaces/environment/path.dsv
[17.119s] -- Installing: /home/farah/ros2_ws/install/custom_interfaces/share/custom_interfaces/local_setup.bash
[17.121s] -- Installing: /home/farah/ros2_ws/install/custom_interfaces/share/custom_interfaces/local_setup.sh
[17.121s] -- Installing: /home/farah/ros2_ws/install/custom_interfaces/share/custom_interfaces/local_setup.zsh
[17.121s] -- Installing: /home/farah/ros2_ws/install/custom_interfaces/share/custom_interfaces/local_setup.dsv
[17.122s] -- Installing: /home/farah/ros2_ws/install/custom_interfaces/share/custom_interfaces/package.dsv
[17.122s] -- Installing: /home/farah/ros2_ws/install/custom_interfaces/share/ament_index/resource_index/packages/custom_interfaces
[17.122s] -- Installing: /home/farah/ros2_ws/install/custom_interfaces/share/custom_interfaces/cmake/export_custom_interfaces__rosidl_generator_cExport.cmake
[17.123s] -- Installing: /home/farah/ros2_ws/install/custom_interfaces/share/custom_interfaces/cmake/export_custom_interfaces__rosidl_generator_cExport-noconfig.cmake
[17.123s] -- Installing: /home/farah/ros2_ws/install/custom_interfaces/share/custom_interfaces/cmake/export_custom_interfaces__rosidl_typesupport_fastrtps_cExport.cmake
[17.123s] -- Installing: /home/farah/ros2_ws/install/custom_interfaces/share/custom_interfaces/cmake/export_custom_interfaces__rosidl_typesupport_fastrtps_cExport-noconfig.cmake
[17.123s] -- Installing: /home/farah/ros2_ws/install/custom_interfaces/share/custom_interfaces/cmake/custom_interfaces__rosidl_typesupport_introspection_cExport.cmake
[17.124s] -- Installing: /home/farah/ros2_ws/install/custom_interfaces/share/custom_interfaces/cmake/custom_interfaces__rosidl_typesupport_introspection_cExport-noconfig.cmake
[17.124s] -- Installing: /home/farah/ros2_ws/install/custom_interfaces/share/custom_interfaces/cmake/custom_interfaces__rosidl_typesupport_cExport.cmake
[17.124s] -- Installing: /home/farah/ros2_ws/install/custom_interfaces/share/custom_interfaces/cmake/custom_interfaces__rosidl_typesupport_cExport-noconfig.cmake
[17.124s] -- Installing: /home/farah/ros2_ws/install/custom_interfaces/share/custom_interfaces/cmake/export_custom_interfaces__rosidl_generator_cppExport.cmake
[17.125s] -- Installing: /home/farah/ros2_ws/install/custom_interfaces/share/custom_interfaces/cmake/export_custom_interfaces__rosidl_typesupport_fastrtps_cppExport.cmake
[17.125s] -- Installing: /home/farah/ros2_ws/install/custom_interfaces/share/custom_interfaces/cmake/export_custom_interfaces__rosidl_typesupport_fastrtps_cppExport-noconfig.cmake
[17.125s] -- Installing: /home/farah/ros2_ws/install/custom_interfaces/share/custom_interfaces/cmake/custom_interfaces__rosidl_typesupport_introspection_cppExport.cmake
[17.125s] -- Installing: /home/farah/ros2_ws/install/custom_interfaces/share/custom_interfaces/cmake/custom_interfaces__rosidl_typesupport_introspection_cppExport-noconfig.cmake
[17.130s] -- Installing: /home/farah/ros2_ws/install/custom_interfaces/share/custom_interfaces/cmake/custom_interfaces__rosidl_typesupport_cppExport.cmake
[17.130s] -- Installing: /home/farah/ros2_ws/install/custom_interfaces/share/custom_interfaces/cmake/custom_interfaces__rosidl_typesupport_cppExport-noconfig.cmake
[17.130s] -- Installing: /home/farah/ros2_ws/install/custom_interfaces/share/custom_interfaces/cmake/export_custom_interfaces__rosidl_generator_pyExport.cmake
[17.130s] -- Installing: /home/farah/ros2_ws/install/custom_interfaces/share/custom_interfaces/cmake/export_custom_interfaces__rosidl_generator_pyExport-noconfig.cmake
[17.130s] -- Installing: /home/farah/ros2_ws/install/custom_interfaces/share/custom_interfaces/cmake/rosidl_cmake-extras.cmake
[17.130s] -- Installing: /home/farah/ros2_ws/install/custom_interfaces/share/custom_interfaces/cmake/ament_cmake_export_dependencies-extras.cmake
[17.131s] -- Installing: /home/farah/ros2_ws/install/custom_interfaces/share/custom_interfaces/cmake/ament_cmake_export_include_directories-extras.cmake
[17.131s] -- Installing: /home/farah/ros2_ws/install/custom_interfaces/share/custom_interfaces/cmake/ament_cmake_export_libraries-extras.cmake
[17.131s] -- Installing: /home/farah/ros2_ws/install/custom_interfaces/share/custom_interfaces/cmake/ament_cmake_export_targets-extras.cmake
[17.131s] -- Installing: /home/farah/ros2_ws/install/custom_interfaces/share/custom_interfaces/cmake/rosidl_cmake_export_typesupport_targets-extras.cmake
[17.131s] -- Installing: /home/farah/ros2_ws/install/custom_interfaces/share/custom_interfaces/cmake/rosidl_cmake_export_typesupport_libraries-extras.cmake
[17.131s] -- Installing: /home/farah/ros2_ws/install/custom_interfaces/share/custom_interfaces/cmake/custom_interfacesConfig.cmake
[17.132s] -- Installing: /home/farah/ros2_ws/install/custom_interfaces/share/custom_interfaces/cmake/custom_interfacesConfig-version.cmake
[17.132s] -- Installing: /home/farah/ros2_ws/install/custom_interfaces/share/custom_interfaces/package.xml
[17.139s] Invoked command in '/home/farah/ros2_ws/build/custom_interfaces' returned '0': CMAKE_PREFIX_PATH=/opt/ros/humble /usr/bin/cmake --install /home/farah/ros2_ws/build/custom_interfaces
