[0.171s] DEBUG:colcon:Command line arguments: ['/usr/bin/colcon', 'build', '--packages-select', 'robotics_sim_project']
[0.171s] DEBUG:colcon:Parsed command line arguments: Namespace(log_base=None, log_level=None, verb_name='build', build_base='build', install_base='install', merge_install=False, symlink_install=False, test_result_base=None, continue_on_error=False, executor='parallel', parallel_workers=2, event_handlers=None, ignore_user_meta=False, metas=['./colcon.meta'], base_paths=['.'], packages_ignore=None, packages_ignore_regex=None, paths=None, packages_up_to=None, packages_up_to_regex=None, packages_above=None, packages_above_and_dependencies=None, packages_above_depth=None, packages_select_by_dep=None, packages_skip_by_dep=None, packages_skip_up_to=None, packages_select_build_failed=False, packages_skip_build_finished=False, packages_select_test_failures=False, packages_skip_test_passed=False, packages_select=['robotics_sim_project'], packages_skip=None, packages_select_regex=None, packages_skip_regex=None, packages_start=None, packages_end=None, allow_overriding=[], cmake_args=None, cmake_target=None, cmake_target_skip_unavailable=False, cmake_clean_cache=False, cmake_clean_first=False, cmake_force_configure=False, ament_cmake_args=None, catkin_cmake_args=None, catkin_skip_building_tests=False, mixin_files=None, mixin=None, verb_parser=<colcon_mixin.mixin.mixin_argument.MixinArgumentDecorator object at 0x73685904b280>, verb_extension=<colcon_core.verb.build.BuildVerb object at 0x73685904ada0>, main=<bound method BuildVerb.main of <colcon_core.verb.build.BuildVerb object at 0x73685904ada0>>, mixin_verb=('build',))
[0.404s] Level 1:colcon.colcon_core.package_discovery:discover_packages(colcon_meta) check parameters
[0.404s] Level 1:colcon.colcon_core.package_discovery:discover_packages(recursive) check parameters
[0.404s] Level 1:colcon.colcon_core.package_discovery:discover_packages(ignore) check parameters
[0.404s] Level 1:colcon.colcon_core.package_discovery:discover_packages(path) check parameters
[0.404s] Level 1:colcon.colcon_core.package_discovery:discover_packages(colcon_meta) discover
[0.404s] Level 1:colcon.colcon_core.package_discovery:discover_packages(recursive) discover
[0.404s] INFO:colcon.colcon_core.package_discovery:Crawling recursively for packages in '/home/farah/ros2_ws'
[0.404s] Level 1:colcon.colcon_core.package_identification:_identify(.) by extensions ['ignore', 'ignore_ament_install']
[0.404s] Level 1:colcon.colcon_core.package_identification:_identify(.) by extension 'ignore'
[0.405s] Level 1:colcon.colcon_core.package_identification:_identify(.) by extension 'ignore_ament_install'
[0.405s] Level 1:colcon.colcon_core.package_identification:_identify(.) by extensions ['colcon_pkg']
[0.405s] Level 1:colcon.colcon_core.package_identification:_identify(.) by extension 'colcon_pkg'
[0.405s] Level 1:colcon.colcon_core.package_identification:_identify(.) by extensions ['colcon_meta']
[0.405s] Level 1:colcon.colcon_core.package_identification:_identify(.) by extension 'colcon_meta'
[0.405s] Level 1:colcon.colcon_core.package_identification:_identify(.) by extensions ['ros']
[0.405s] Level 1:colcon.colcon_core.package_identification:_identify(.) by extension 'ros'
[0.418s] Level 1:colcon.colcon_core.package_identification:_identify(.) by extensions ['cmake', 'python']
[0.418s] Level 1:colcon.colcon_core.package_identification:_identify(.) by extension 'cmake'
[0.418s] Level 1:colcon.colcon_core.package_identification:_identify(.) by extension 'python'
[0.418s] Level 1:colcon.colcon_core.package_identification:_identify(.) by extensions ['python_setup_py']
[0.418s] Level 1:colcon.colcon_core.package_identification:_identify(.) by extension 'python_setup_py'
[0.419s] Level 1:colcon.colcon_core.package_identification:_identify(build) by extensions ['ignore', 'ignore_ament_install']
[0.419s] Level 1:colcon.colcon_core.package_identification:_identify(build) by extension 'ignore'
[0.419s] Level 1:colcon.colcon_core.package_identification:_identify(build) ignored
[0.419s] Level 1:colcon.colcon_core.package_identification:_identify(exercice1_lab3_ws) by extensions ['ignore', 'ignore_ament_install']
[0.419s] Level 1:colcon.colcon_core.package_identification:_identify(exercice1_lab3_ws) by extension 'ignore'
[0.419s] Level 1:colcon.colcon_core.package_identification:_identify(exercice1_lab3_ws) by extension 'ignore_ament_install'
[0.419s] Level 1:colcon.colcon_core.package_identification:_identify(exercice1_lab3_ws) by extensions ['colcon_pkg']
[0.419s] Level 1:colcon.colcon_core.package_identification:_identify(exercice1_lab3_ws) by extension 'colcon_pkg'
[0.419s] Level 1:colcon.colcon_core.package_identification:_identify(exercice1_lab3_ws) by extensions ['colcon_meta']
[0.419s] Level 1:colcon.colcon_core.package_identification:_identify(exercice1_lab3_ws) by extension 'colcon_meta'
[0.419s] Level 1:colcon.colcon_core.package_identification:_identify(exercice1_lab3_ws) by extensions ['ros']
[0.419s] Level 1:colcon.colcon_core.package_identification:_identify(exercice1_lab3_ws) by extension 'ros'
[0.420s] Level 1:colcon.colcon_core.package_identification:_identify(exercice1_lab3_ws) by extensions ['cmake', 'python']
[0.420s] Level 1:colcon.colcon_core.package_identification:_identify(exercice1_lab3_ws) by extension 'cmake'
[0.420s] Level 1:colcon.colcon_core.package_identification:_identify(exercice1_lab3_ws) by extension 'python'
[0.420s] Level 1:colcon.colcon_core.package_identification:_identify(exercice1_lab3_ws) by extensions ['python_setup_py']
[0.420s] Level 1:colcon.colcon_core.package_identification:_identify(exercice1_lab3_ws) by extension 'python_setup_py'
[0.420s] Level 1:colcon.colcon_core.package_identification:_identify(exercice1_lab3_ws/build) by extensions ['ignore', 'ignore_ament_install']
[0.420s] Level 1:colcon.colcon_core.package_identification:_identify(exercice1_lab3_ws/build) by extension 'ignore'
[0.420s] Level 1:colcon.colcon_core.package_identification:_identify(exercice1_lab3_ws/build) ignored
[0.420s] Level 1:colcon.colcon_core.package_identification:_identify(exercice1_lab3_ws/install) by extensions ['ignore', 'ignore_ament_install']
[0.420s] Level 1:colcon.colcon_core.package_identification:_identify(exercice1_lab3_ws/install) by extension 'ignore'
[0.420s] Level 1:colcon.colcon_core.package_identification:_identify(exercice1_lab3_ws/install) ignored
[0.420s] Level 1:colcon.colcon_core.package_identification:_identify(exercice1_lab3_ws/log) by extensions ['ignore', 'ignore_ament_install']
[0.420s] Level 1:colcon.colcon_core.package_identification:_identify(exercice1_lab3_ws/log) by extension 'ignore'
[0.421s] Level 1:colcon.colcon_core.package_identification:_identify(exercice1_lab3_ws/log) ignored
[0.421s] Level 1:colcon.colcon_core.package_identification:_identify(exercice1_lab3_ws/src) by extensions ['ignore', 'ignore_ament_install']
[0.421s] Level 1:colcon.colcon_core.package_identification:_identify(exercice1_lab3_ws/src) by extension 'ignore'
[0.421s] Level 1:colcon.colcon_core.package_identification:_identify(exercice1_lab3_ws/src) by extension 'ignore_ament_install'
[0.421s] Level 1:colcon.colcon_core.package_identification:_identify(exercice1_lab3_ws/src) by extensions ['colcon_pkg']
[0.421s] Level 1:colcon.colcon_core.package_identification:_identify(exercice1_lab3_ws/src) by extension 'colcon_pkg'
[0.421s] Level 1:colcon.colcon_core.package_identification:_identify(exercice1_lab3_ws/src) by extensions ['colcon_meta']
[0.421s] Level 1:colcon.colcon_core.package_identification:_identify(exercice1_lab3_ws/src) by extension 'colcon_meta'
[0.421s] Level 1:colcon.colcon_core.package_identification:_identify(exercice1_lab3_ws/src) by extensions ['ros']
[0.421s] Level 1:colcon.colcon_core.package_identification:_identify(exercice1_lab3_ws/src) by extension 'ros'
[0.421s] Level 1:colcon.colcon_core.package_identification:_identify(exercice1_lab3_ws/src) by extensions ['cmake', 'python']
[0.421s] Level 1:colcon.colcon_core.package_identification:_identify(exercice1_lab3_ws/src) by extension 'cmake'
[0.421s] Level 1:colcon.colcon_core.package_identification:_identify(exercice1_lab3_ws/src) by extension 'python'
[0.421s] Level 1:colcon.colcon_core.package_identification:_identify(exercice1_lab3_ws/src) by extensions ['python_setup_py']
[0.421s] Level 1:colcon.colcon_core.package_identification:_identify(exercice1_lab3_ws/src) by extension 'python_setup_py'
[0.421s] Level 1:colcon.colcon_core.package_identification:_identify(exercice1_lab3_ws/src/emergency_lab3) by extensions ['ignore', 'ignore_ament_install']
[0.422s] Level 1:colcon.colcon_core.package_identification:_identify(exercice1_lab3_ws/src/emergency_lab3) by extension 'ignore'
[0.422s] Level 1:colcon.colcon_core.package_identification:_identify(exercice1_lab3_ws/src/emergency_lab3) by extension 'ignore_ament_install'
[0.422s] Level 1:colcon.colcon_core.package_identification:_identify(exercice1_lab3_ws/src/emergency_lab3) by extensions ['colcon_pkg']
[0.422s] Level 1:colcon.colcon_core.package_identification:_identify(exercice1_lab3_ws/src/emergency_lab3) by extension 'colcon_pkg'
[0.422s] Level 1:colcon.colcon_core.package_identification:_identify(exercice1_lab3_ws/src/emergency_lab3) by extensions ['colcon_meta']
[0.422s] Level 1:colcon.colcon_core.package_identification:_identify(exercice1_lab3_ws/src/emergency_lab3) by extension 'colcon_meta'
[0.422s] Level 1:colcon.colcon_core.package_identification:_identify(exercice1_lab3_ws/src/emergency_lab3) by extensions ['ros']
[0.422s] Level 1:colcon.colcon_core.package_identification:_identify(exercice1_lab3_ws/src/emergency_lab3) by extension 'ros'
[0.425s] DEBUG:colcon.colcon_core.package_identification:Package 'exercice1_lab3_ws/src/emergency_lab3' with type 'ros.ament_python' and name 'emergency_lab3'
[0.425s] Level 1:colcon.colcon_core.package_identification:_identify(install) by extensions ['ignore', 'ignore_ament_install']
[0.426s] Level 1:colcon.colcon_core.package_identification:_identify(install) by extension 'ignore'
[0.426s] Level 1:colcon.colcon_core.package_identification:_identify(install) ignored
[0.426s] Level 1:colcon.colcon_core.package_identification:_identify(log) by extensions ['ignore', 'ignore_ament_install']
[0.426s] Level 1:colcon.colcon_core.package_identification:_identify(log) by extension 'ignore'
[0.426s] Level 1:colcon.colcon_core.package_identification:_identify(log) ignored
[0.426s] Level 1:colcon.colcon_core.package_identification:_identify(src) by extensions ['ignore', 'ignore_ament_install']
[0.426s] Level 1:colcon.colcon_core.package_identification:_identify(src) by extension 'ignore'
[0.426s] Level 1:colcon.colcon_core.package_identification:_identify(src) by extension 'ignore_ament_install'
[0.426s] Level 1:colcon.colcon_core.package_identification:_identify(src) by extensions ['colcon_pkg']
[0.426s] Level 1:colcon.colcon_core.package_identification:_identify(src) by extension 'colcon_pkg'
[0.426s] Level 1:colcon.colcon_core.package_identification:_identify(src) by extensions ['colcon_meta']
[0.426s] Level 1:colcon.colcon_core.package_identification:_identify(src) by extension 'colcon_meta'
[0.426s] Level 1:colcon.colcon_core.package_identification:_identify(src) by extensions ['ros']
[0.426s] Level 1:colcon.colcon_core.package_identification:_identify(src) by extension 'ros'
[0.427s] Level 1:colcon.colcon_core.package_identification:_identify(src) by extensions ['cmake', 'python']
[0.427s] Level 1:colcon.colcon_core.package_identification:_identify(src) by extension 'cmake'
[0.427s] Level 1:colcon.colcon_core.package_identification:_identify(src) by extension 'python'
[0.427s] Level 1:colcon.colcon_core.package_identification:_identify(src) by extensions ['python_setup_py']
[0.427s] Level 1:colcon.colcon_core.package_identification:_identify(src) by extension 'python_setup_py'
[0.427s] Level 1:colcon.colcon_core.package_identification:_identify(src/custom_interfaces) by extensions ['ignore', 'ignore_ament_install']
[0.427s] Level 1:colcon.colcon_core.package_identification:_identify(src/custom_interfaces) by extension 'ignore'
[0.427s] Level 1:colcon.colcon_core.package_identification:_identify(src/custom_interfaces) by extension 'ignore_ament_install'
[0.427s] Level 1:colcon.colcon_core.package_identification:_identify(src/custom_interfaces) by extensions ['colcon_pkg']
[0.427s] Level 1:colcon.colcon_core.package_identification:_identify(src/custom_interfaces) by extension 'colcon_pkg'
[0.427s] Level 1:colcon.colcon_core.package_identification:_identify(src/custom_interfaces) by extensions ['colcon_meta']
[0.427s] Level 1:colcon.colcon_core.package_identification:_identify(src/custom_interfaces) by extension 'colcon_meta'
[0.427s] Level 1:colcon.colcon_core.package_identification:_identify(src/custom_interfaces) by extensions ['ros']
[0.427s] Level 1:colcon.colcon_core.package_identification:_identify(src/custom_interfaces) by extension 'ros'
[0.428s] DEBUG:colcon.colcon_core.package_identification:Package 'src/custom_interfaces' with type 'ros.ament_cmake' and name 'custom_interfaces'
[0.428s] Level 1:colcon.colcon_core.package_identification:_identify(src/fleet_interfaces) by extensions ['ignore', 'ignore_ament_install']
[0.428s] Level 1:colcon.colcon_core.package_identification:_identify(src/fleet_interfaces) by extension 'ignore'
[0.428s] Level 1:colcon.colcon_core.package_identification:_identify(src/fleet_interfaces) by extension 'ignore_ament_install'
[0.429s] Level 1:colcon.colcon_core.package_identification:_identify(src/fleet_interfaces) by extensions ['colcon_pkg']
[0.429s] Level 1:colcon.colcon_core.package_identification:_identify(src/fleet_interfaces) by extension 'colcon_pkg'
[0.429s] Level 1:colcon.colcon_core.package_identification:_identify(src/fleet_interfaces) by extensions ['colcon_meta']
[0.429s] Level 1:colcon.colcon_core.package_identification:_identify(src/fleet_interfaces) by extension 'colcon_meta'
[0.429s] Level 1:colcon.colcon_core.package_identification:_identify(src/fleet_interfaces) by extensions ['ros']
[0.429s] Level 1:colcon.colcon_core.package_identification:_identify(src/fleet_interfaces) by extension 'ros'
[0.430s] DEBUG:colcon.colcon_core.package_identification:Package 'src/fleet_interfaces' with type 'ros.ament_cmake' and name 'fleet_interfaces'
[0.430s] Level 1:colcon.colcon_core.package_identification:_identify(src/fleet_manager) by extensions ['ignore', 'ignore_ament_install']
[0.430s] Level 1:colcon.colcon_core.package_identification:_identify(src/fleet_manager) by extension 'ignore'
[0.430s] Level 1:colcon.colcon_core.package_identification:_identify(src/fleet_manager) by extension 'ignore_ament_install'
[0.430s] Level 1:colcon.colcon_core.package_identification:_identify(src/fleet_manager) by extensions ['colcon_pkg']
[0.430s] Level 1:colcon.colcon_core.package_identification:_identify(src/fleet_manager) by extension 'colcon_pkg'
[0.430s] Level 1:colcon.colcon_core.package_identification:_identify(src/fleet_manager) by extensions ['colcon_meta']
[0.430s] Level 1:colcon.colcon_core.package_identification:_identify(src/fleet_manager) by extension 'colcon_meta'
[0.430s] Level 1:colcon.colcon_core.package_identification:_identify(src/fleet_manager) by extensions ['ros']
[0.430s] Level 1:colcon.colcon_core.package_identification:_identify(src/fleet_manager) by extension 'ros'
[0.431s] DEBUG:colcon.colcon_core.package_identification:Package 'src/fleet_manager' with type 'ros.ament_python' and name 'fleet_manager'
[0.431s] Level 1:colcon.colcon_core.package_identification:_identify(src/robot_actions) by extensions ['ignore', 'ignore_ament_install']
[0.431s] Level 1:colcon.colcon_core.package_identification:_identify(src/robot_actions) by extension 'ignore'
[0.432s] Level 1:colcon.colcon_core.package_identification:_identify(src/robot_actions) by extension 'ignore_ament_install'
[0.432s] Level 1:colcon.colcon_core.package_identification:_identify(src/robot_actions) by extensions ['colcon_pkg']
[0.432s] Level 1:colcon.colcon_core.package_identification:_identify(src/robot_actions) by extension 'colcon_pkg'
[0.432s] Level 1:colcon.colcon_core.package_identification:_identify(src/robot_actions) by extensions ['colcon_meta']
[0.432s] Level 1:colcon.colcon_core.package_identification:_identify(src/robot_actions) by extension 'colcon_meta'
[0.432s] Level 1:colcon.colcon_core.package_identification:_identify(src/robot_actions) by extensions ['ros']
[0.432s] Level 1:colcon.colcon_core.package_identification:_identify(src/robot_actions) by extension 'ros'
[0.433s] DEBUG:colcon.colcon_core.package_identification:Package 'src/robot_actions' with type 'ros.ament_python' and name 'robot_actions'
[0.433s] Level 1:colcon.colcon_core.package_identification:_identify(src/robotics_sim_project) by extensions ['ignore', 'ignore_ament_install']
[0.433s] Level 1:colcon.colcon_core.package_identification:_identify(src/robotics_sim_project) by extension 'ignore'
[0.433s] Level 1:colcon.colcon_core.package_identification:_identify(src/robotics_sim_project) by extension 'ignore_ament_install'
[0.433s] Level 1:colcon.colcon_core.package_identification:_identify(src/robotics_sim_project) by extensions ['colcon_pkg']
[0.433s] Level 1:colcon.colcon_core.package_identification:_identify(src/robotics_sim_project) by extension 'colcon_pkg'
[0.433s] Level 1:colcon.colcon_core.package_identification:_identify(src/robotics_sim_project) by extensions ['colcon_meta']
[0.433s] Level 1:colcon.colcon_core.package_identification:_identify(src/robotics_sim_project) by extension 'colcon_meta'
[0.433s] Level 1:colcon.colcon_core.package_identification:_identify(src/robotics_sim_project) by extensions ['ros']
[0.433s] Level 1:colcon.colcon_core.package_identification:_identify(src/robotics_sim_project) by extension 'ros'
[0.434s] DEBUG:colcon.colcon_core.package_identification:Package 'src/robotics_sim_project' with type 'ros.ament_cmake' and name 'robotics_sim_project'
[0.434s] Level 1:colcon.colcon_core.package_identification:_identify(src/simple_interfaces) by extensions ['ignore', 'ignore_ament_install']
[0.434s] Level 1:colcon.colcon_core.package_identification:_identify(src/simple_interfaces) by extension 'ignore'
[0.434s] Level 1:colcon.colcon_core.package_identification:_identify(src/simple_interfaces) by extension 'ignore_ament_install'
[0.434s] Level 1:colcon.colcon_core.package_identification:_identify(src/simple_interfaces) by extensions ['colcon_pkg']
[0.435s] Level 1:colcon.colcon_core.package_identification:_identify(src/simple_interfaces) by extension 'colcon_pkg'
[0.435s] Level 1:colcon.colcon_core.package_identification:_identify(src/simple_interfaces) by extensions ['colcon_meta']
[0.435s] Level 1:colcon.colcon_core.package_identification:_identify(src/simple_interfaces) by extension 'colcon_meta'
[0.435s] Level 1:colcon.colcon_core.package_identification:_identify(src/simple_interfaces) by extensions ['ros']
[0.435s] Level 1:colcon.colcon_core.package_identification:_identify(src/simple_interfaces) by extension 'ros'
[0.435s] DEBUG:colcon.colcon_core.package_identification:Package 'src/simple_interfaces' with type 'ros.ament_cmake' and name 'simple_interfaces'
[0.436s] Level 1:colcon.colcon_core.package_identification:_identify(src/simple_params) by extensions ['ignore', 'ignore_ament_install']
[0.436s] Level 1:colcon.colcon_core.package_identification:_identify(src/simple_params) by extension 'ignore'
[0.436s] Level 1:colcon.colcon_core.package_identification:_identify(src/simple_params) by extension 'ignore_ament_install'
[0.436s] Level 1:colcon.colcon_core.package_identification:_identify(src/simple_params) by extensions ['colcon_pkg']
[0.436s] Level 1:colcon.colcon_core.package_identification:_identify(src/simple_params) by extension 'colcon_pkg'
[0.436s] Level 1:colcon.colcon_core.package_identification:_identify(src/simple_params) by extensions ['colcon_meta']
[0.436s] Level 1:colcon.colcon_core.package_identification:_identify(src/simple_params) by extension 'colcon_meta'
[0.436s] Level 1:colcon.colcon_core.package_identification:_identify(src/simple_params) by extensions ['ros']
[0.436s] Level 1:colcon.colcon_core.package_identification:_identify(src/simple_params) by extension 'ros'
[0.437s] DEBUG:colcon.colcon_core.package_identification:Package 'src/simple_params' with type 'ros.ament_python' and name 'simple_params'
[0.437s] Level 1:colcon.colcon_core.package_discovery:discover_packages(recursive) using defaults
[0.437s] Level 1:colcon.colcon_core.package_discovery:discover_packages(ignore) discover
[0.437s] Level 1:colcon.colcon_core.package_discovery:discover_packages(ignore) using defaults
[0.437s] Level 1:colcon.colcon_core.package_discovery:discover_packages(path) discover
[0.437s] Level 1:colcon.colcon_core.package_discovery:discover_packages(path) using defaults
[0.478s] INFO:colcon.colcon_core.package_selection:Skipping not selected package 'custom_interfaces' in 'src/custom_interfaces'
[0.478s] INFO:colcon.colcon_core.package_selection:Skipping not selected package 'fleet_interfaces' in 'src/fleet_interfaces'
[0.478s] INFO:colcon.colcon_core.package_selection:Skipping not selected package 'simple_interfaces' in 'src/simple_interfaces'
[0.478s] INFO:colcon.colcon_core.package_selection:Skipping not selected package 'emergency_lab3' in 'exercice1_lab3_ws/src/emergency_lab3'
[0.478s] INFO:colcon.colcon_core.package_selection:Skipping not selected package 'fleet_manager' in 'src/fleet_manager'
[0.478s] INFO:colcon.colcon_core.package_selection:Skipping not selected package 'robot_actions' in 'src/robot_actions'
[0.478s] INFO:colcon.colcon_core.package_selection:Skipping not selected package 'simple_params' in 'src/simple_params'
[0.478s] Level 1:colcon.colcon_core.package_discovery:discover_packages(prefix_path) check parameters
[0.478s] Level 1:colcon.colcon_core.package_discovery:discover_packages(prefix_path) discover
[0.481s] DEBUG:colcon.colcon_installed_package_information.package_discovery:Found 7 installed packages in /home/farah/ros2_ws/install
[0.483s] DEBUG:colcon.colcon_installed_package_information.package_discovery:Found 358 installed packages in /opt/ros/humble
[0.484s] Level 1:colcon.colcon_core.package_discovery:discover_packages(prefix_path) using defaults
[0.550s] Level 5:colcon.colcon_core.verb:set package 'robotics_sim_project' build argument 'cmake_args' from command line to 'None'
[0.550s] Level 5:colcon.colcon_core.verb:set package 'robotics_sim_project' build argument 'cmake_target' from command line to 'None'
[0.550s] Level 5:colcon.colcon_core.verb:set package 'robotics_sim_project' build argument 'cmake_target_skip_unavailable' from command line to 'False'
[0.550s] Level 5:colcon.colcon_core.verb:set package 'robotics_sim_project' build argument 'cmake_clean_cache' from command line to 'False'
[0.550s] Level 5:colcon.colcon_core.verb:set package 'robotics_sim_project' build argument 'cmake_clean_first' from command line to 'False'
[0.550s] Level 5:colcon.colcon_core.verb:set package 'robotics_sim_project' build argument 'cmake_force_configure' from command line to 'False'
[0.550s] Level 5:colcon.colcon_core.verb:set package 'robotics_sim_project' build argument 'ament_cmake_args' from command line to 'None'
[0.550s] Level 5:colcon.colcon_core.verb:set package 'robotics_sim_project' build argument 'catkin_cmake_args' from command line to 'None'
[0.550s] Level 5:colcon.colcon_core.verb:set package 'robotics_sim_project' build argument 'catkin_skip_building_tests' from command line to 'False'
[0.550s] DEBUG:colcon.colcon_core.verb:Building package 'robotics_sim_project' with the following arguments: {'ament_cmake_args': None, 'build_base': '/home/farah/ros2_ws/build/robotics_sim_project', 'catkin_cmake_args': None, 'catkin_skip_building_tests': False, 'cmake_args': None, 'cmake_clean_cache': False, 'cmake_clean_first': False, 'cmake_force_configure': False, 'cmake_target': None, 'cmake_target_skip_unavailable': False, 'install_base': '/home/farah/ros2_ws/install/robotics_sim_project', 'merge_install': False, 'path': '/home/farah/ros2_ws/src/robotics_sim_project', 'symlink_install': False, 'test_result_base': None}
[0.551s] INFO:colcon.colcon_core.executor:Executing jobs using 'parallel' executor
[0.552s] DEBUG:colcon.colcon_parallel_executor.executor.parallel:run_until_complete
[0.552s] INFO:colcon.colcon_ros.task.ament_cmake.build:Building ROS package in '/home/farah/ros2_ws/src/robotics_sim_project' with build type 'ament_cmake'
[0.552s] INFO:colcon.colcon_cmake.task.cmake.build:Building CMake package in '/home/farah/ros2_ws/src/robotics_sim_project'
[0.558s] INFO:colcon.colcon_core.plugin_system:Skipping extension 'colcon_core.shell.bat': Not used on non-Windows systems
[0.558s] INFO:colcon.colcon_core.shell:Skip shell extension 'powershell' for command environment: Not usable outside of PowerShell
[0.558s] DEBUG:colcon.colcon_core.shell:Skip shell extension 'dsv' for command environment
[0.585s] DEBUG:colcon.colcon_core.event_handler.log_command:Invoking command in '/home/farah/ros2_ws/build/robotics_sim_project': CMAKE_PREFIX_PATH=${CMAKE_PREFIX_PATH}:/home/farah/ros2_ws/install/simple_params:/home/farah/ros2_ws/install/robot_actions:/home/farah/ros2_ws/install/fleet_manager:/opt/ros/humble /usr/bin/cmake --build /home/farah/ros2_ws/build/robotics_sim_project -- -j2 -l2
[0.670s] DEBUG:colcon.colcon_core.event_handler.log_command:Invoked command in '/home/farah/ros2_ws/build/robotics_sim_project' returned '0': CMAKE_PREFIX_PATH=${CMAKE_PREFIX_PATH}:/home/farah/ros2_ws/install/simple_params:/home/farah/ros2_ws/install/robot_actions:/home/farah/ros2_ws/install/fleet_manager:/opt/ros/humble /usr/bin/cmake --build /home/farah/ros2_ws/build/robotics_sim_project -- -j2 -l2
[0.700s] DEBUG:colcon.colcon_core.event_handler.log_command:Invoking command in '/home/farah/ros2_ws/build/robotics_sim_project': CMAKE_PREFIX_PATH=${CMAKE_PREFIX_PATH}:/home/farah/ros2_ws/install/simple_params:/home/farah/ros2_ws/install/robot_actions:/home/farah/ros2_ws/install/fleet_manager:/opt/ros/humble /usr/bin/cmake --install /home/farah/ros2_ws/build/robotics_sim_project
[0.734s] Level 1:colcon.colcon_core.environment:create_environment_scripts_only(robotics_sim_project)
[0.735s] DEBUG:colcon.colcon_core.event_handler.log_command:Invoked command in '/home/farah/ros2_ws/build/robotics_sim_project' returned '0': CMAKE_PREFIX_PATH=${CMAKE_PREFIX_PATH}:/home/farah/ros2_ws/install/simple_params:/home/farah/ros2_ws/install/robot_actions:/home/farah/ros2_ws/install/fleet_manager:/opt/ros/humble /usr/bin/cmake --install /home/farah/ros2_ws/build/robotics_sim_project
[0.743s] Level 1:colcon.colcon_core.environment:checking '/home/farah/ros2_ws/install/robotics_sim_project' for CMake module files
[0.744s] Level 1:colcon.colcon_core.environment:checking '/home/farah/ros2_ws/install/robotics_sim_project' for CMake config files
[0.744s] Level 1:colcon.colcon_core.shell:create_environment_hook('robotics_sim_project', 'cmake_prefix_path')
[0.744s] INFO:colcon.colcon_core.shell:Creating environment hook '/home/farah/ros2_ws/install/robotics_sim_project/share/robotics_sim_project/hook/cmake_prefix_path.ps1'
[0.746s] INFO:colcon.colcon_core.shell:Creating environment descriptor '/home/farah/ros2_ws/install/robotics_sim_project/share/robotics_sim_project/hook/cmake_prefix_path.dsv'
[0.747s] INFO:colcon.colcon_core.shell:Creating environment hook '/home/farah/ros2_ws/install/robotics_sim_project/share/robotics_sim_project/hook/cmake_prefix_path.sh'
[0.749s] Level 1:colcon.colcon_core.environment:checking '/home/farah/ros2_ws/install/robotics_sim_project/bin'
[0.749s] Level 1:colcon.colcon_core.environment:checking '/home/farah/ros2_ws/install/robotics_sim_project/lib/pkgconfig/robotics_sim_project.pc'
[0.750s] Level 1:colcon.colcon_core.environment:checking '/home/farah/ros2_ws/install/robotics_sim_project/lib/python3.10/site-packages'
[0.751s] Level 1:colcon.colcon_core.environment:checking '/home/farah/ros2_ws/install/robotics_sim_project/bin'
[0.751s] INFO:colcon.colcon_core.shell:Creating package script '/home/farah/ros2_ws/install/robotics_sim_project/share/robotics_sim_project/package.ps1'
[0.755s] INFO:colcon.colcon_core.shell:Creating package descriptor '/home/farah/ros2_ws/install/robotics_sim_project/share/robotics_sim_project/package.dsv'
[0.756s] INFO:colcon.colcon_core.shell:Creating package script '/home/farah/ros2_ws/install/robotics_sim_project/share/robotics_sim_project/package.sh'
[0.758s] INFO:colcon.colcon_core.shell:Creating package script '/home/farah/ros2_ws/install/robotics_sim_project/share/robotics_sim_project/package.bash'
[0.761s] INFO:colcon.colcon_core.shell:Creating package script '/home/farah/ros2_ws/install/robotics_sim_project/share/robotics_sim_project/package.zsh'
[0.762s] Level 1:colcon.colcon_core.environment:create_file_with_runtime_dependencies(/home/farah/ros2_ws/install/robotics_sim_project/share/colcon-core/packages/robotics_sim_project)
[0.764s] Level 1:colcon.colcon_core.environment:create_environment_scripts_only(robotics_sim_project)
[0.764s] Level 1:colcon.colcon_core.environment:checking '/home/farah/ros2_ws/install/robotics_sim_project' for CMake module files
[0.765s] Level 1:colcon.colcon_core.environment:checking '/home/farah/ros2_ws/install/robotics_sim_project' for CMake config files
[0.765s] Level 1:colcon.colcon_core.shell:create_environment_hook('robotics_sim_project', 'cmake_prefix_path')
[0.765s] INFO:colcon.colcon_core.shell:Creating environment hook '/home/farah/ros2_ws/install/robotics_sim_project/share/robotics_sim_project/hook/cmake_prefix_path.ps1'
[0.766s] INFO:colcon.colcon_core.shell:Creating environment descriptor '/home/farah/ros2_ws/install/robotics_sim_project/share/robotics_sim_project/hook/cmake_prefix_path.dsv'
[0.767s] INFO:colcon.colcon_core.shell:Creating environment hook '/home/farah/ros2_ws/install/robotics_sim_project/share/robotics_sim_project/hook/cmake_prefix_path.sh'
[0.768s] Level 1:colcon.colcon_core.environment:checking '/home/farah/ros2_ws/install/robotics_sim_project/bin'
[0.768s] Level 1:colcon.colcon_core.environment:checking '/home/farah/ros2_ws/install/robotics_sim_project/lib/pkgconfig/robotics_sim_project.pc'
[0.769s] Level 1:colcon.colcon_core.environment:checking '/home/farah/ros2_ws/install/robotics_sim_project/lib/python3.10/site-packages'
[0.770s] Level 1:colcon.colcon_core.environment:checking '/home/farah/ros2_ws/install/robotics_sim_project/bin'
[0.770s] INFO:colcon.colcon_core.shell:Creating package script '/home/farah/ros2_ws/install/robotics_sim_project/share/robotics_sim_project/package.ps1'
[0.771s] INFO:colcon.colcon_core.shell:Creating package descriptor '/home/farah/ros2_ws/install/robotics_sim_project/share/robotics_sim_project/package.dsv'
[0.772s] INFO:colcon.colcon_core.shell:Creating package script '/home/farah/ros2_ws/install/robotics_sim_project/share/robotics_sim_project/package.sh'
[0.773s] INFO:colcon.colcon_core.shell:Creating package script '/home/farah/ros2_ws/install/robotics_sim_project/share/robotics_sim_project/package.bash'
[0.774s] INFO:colcon.colcon_core.shell:Creating package script '/home/farah/ros2_ws/install/robotics_sim_project/share/robotics_sim_project/package.zsh'
[0.776s] Level 1:colcon.colcon_core.environment:create_file_with_runtime_dependencies(/home/farah/ros2_ws/install/robotics_sim_project/share/colcon-core/packages/robotics_sim_project)
[0.776s] DEBUG:colcon.colcon_parallel_executor.executor.parallel:closing loop
[0.778s] DEBUG:colcon.colcon_parallel_executor.executor.parallel:loop closed
[0.778s] DEBUG:colcon.colcon_parallel_executor.executor.parallel:run_until_complete finished with '0'
[0.778s] DEBUG:colcon.colcon_core.event_reactor:joining thread
[0.798s] INFO:colcon.colcon_core.plugin_system:Skipping extension 'colcon_notification.desktop_notification.terminal_notifier': Not used on non-Darwin systems
[0.798s] INFO:colcon.colcon_core.plugin_system:Skipping extension 'colcon_notification.desktop_notification.win32': Not used on non-Windows systems
[0.798s] INFO:colcon.colcon_notification.desktop_notification:Sending desktop notification using 'notify2'
[0.835s] DEBUG:colcon.colcon_core.event_reactor:joined thread
[0.836s] INFO:colcon.colcon_core.shell:Creating prefix script '/home/farah/ros2_ws/install/local_setup.ps1'
[0.838s] INFO:colcon.colcon_core.shell:Creating prefix util module '/home/farah/ros2_ws/install/_local_setup_util_ps1.py'
[0.843s] INFO:colcon.colcon_core.shell:Creating prefix chain script '/home/farah/ros2_ws/install/setup.ps1'
[0.848s] INFO:colcon.colcon_core.shell:Creating prefix script '/home/farah/ros2_ws/install/local_setup.sh'
[0.868s] INFO:colcon.colcon_core.shell:Creating prefix util module '/home/farah/ros2_ws/install/_local_setup_util_sh.py'
[0.870s] INFO:colcon.colcon_core.shell:Creating prefix chain script '/home/farah/ros2_ws/install/setup.sh'
[0.874s] INFO:colcon.colcon_core.shell:Creating prefix script '/home/farah/ros2_ws/install/local_setup.bash'
[0.879s] INFO:colcon.colcon_core.shell:Creating prefix chain script '/home/farah/ros2_ws/install/setup.bash'
[0.883s] INFO:colcon.colcon_core.shell:Creating prefix script '/home/farah/ros2_ws/install/local_setup.zsh'
[0.889s] INFO:colcon.colcon_core.shell:Creating prefix chain script '/home/farah/ros2_ws/install/setup.zsh'
