[0.028s] Invoking command in '/home/farah/ros2_ws/build/robotics_sim_project': CMAKE_PREFIX_PATH=/opt/ros/humble /usr/bin/cmake /home/farah/ros2_ws/src/robotics_sim_project -DCMAKE_INSTALL_PREFIX=/home/farah/ros2_ws/install/robotics_sim_project
[0.496s] -- The C compiler identification is GNU 11.4.0
[0.694s] -- The CXX compiler identification is GNU 11.4.0
[0.721s] -- Detecting C compiler ABI info
[0.927s] -- Detecting C compiler ABI info - done
[0.935s] -- Check for working C compiler: /usr/bin/cc - skipped
[0.938s] -- Detecting C compile features
[0.939s] -- Detecting C compile features - done
[0.947s] -- Detecting CXX compiler ABI info
[1.086s] -- Detecting CXX compiler ABI info - done
[1.091s] -- Check for working CXX compiler: /usr/bin/c++ - skipped
[1.091s] -- Detecting CXX compile features
[1.092s] -- Detecting CXX compile features - done
[1.118s] -- Found ament_cmake: 1.3.12 (/opt/ros/humble/share/ament_cmake/cmake)
[1.339s] -- Found Python3: /usr/bin/python3 (found version "3.10.12") found components: Interpreter 
[1.622s] -- Configuring done
[1.627s] -- Generating done
[1.628s] -- Build files have been written to: /home/farah/ros2_ws/build/robotics_sim_project
[1.635s] Invoked command in '/home/farah/ros2_ws/build/robotics_sim_project' returned '0': CMAKE_PREFIX_PATH=/opt/ros/humble /usr/bin/cmake /home/farah/ros2_ws/src/robotics_sim_project -DCMAKE_INSTALL_PREFIX=/home/farah/ros2_ws/install/robotics_sim_project
[1.636s] Invoking command in '/home/farah/ros2_ws/build/robotics_sim_project': CMAKE_PREFIX_PATH=/opt/ros/humble /usr/bin/cmake --build /home/farah/ros2_ws/build/robotics_sim_project -- -j2 -l2
[1.704s] Invoked command in '/home/farah/ros2_ws/build/robotics_sim_project' returned '0': CMAKE_PREFIX_PATH=/opt/ros/humble /usr/bin/cmake --build /home/farah/ros2_ws/build/robotics_sim_project -- -j2 -l2
[1.718s] Invoking command in '/home/farah/ros2_ws/build/robotics_sim_project': CMAKE_PREFIX_PATH=/opt/ros/humble /usr/bin/cmake --install /home/farah/ros2_ws/build/robotics_sim_project
[1.728s] -- Install configuration: ""
[1.728s] -- Installing: /home/farah/ros2_ws/install/robotics_sim_project/share/robotics_sim_project//worlds
[1.729s] -- Installing: /home/farah/ros2_ws/install/robotics_sim_project/share/robotics_sim_project//worlds/simple_test_world.worl
[1.729s] -- Installing: /home/farah/ros2_ws/install/robotics_sim_project/share/robotics_sim_project//launch
[1.730s] -- Installing: /home/farah/ros2_ws/install/robotics_sim_project/share/robotics_sim_project//launch/rviz_display.launch.py
[1.730s] -- Installing: /home/farah/ros2_ws/install/robotics_sim_project/share/robotics_sim_project//urdf
[1.731s] -- Installing: /home/farah/ros2_ws/install/robotics_sim_project/share/robotics_sim_project//urdf/simple_arm.urdf
[1.731s] -- Installing: /home/farah/ros2_ws/install/robotics_sim_project/share/robotics_sim_project//urdf/common
[1.731s] -- Installing: /home/farah/ros2_ws/install/robotics_sim_project/share/robotics_sim_project//urdf/components
[1.731s] -- Installing: /home/farah/ros2_ws/install/robotics_sim_project/share/robotics_sim_project//meshes
[1.731s] -- Installing: /home/farah/ros2_ws/install/robotics_sim_project/share/ament_index/resource_index/package_run_dependencies/robotics_sim_project
[1.733s] -- Installing: /home/farah/ros2_ws/install/robotics_sim_project/share/ament_index/resource_index/parent_prefix_path/robotics_sim_project
[1.733s] -- Installing: /home/farah/ros2_ws/install/robotics_sim_project/share/robotics_sim_project/environment/ament_prefix_path.sh
[1.733s] -- Installing: /home/farah/ros2_ws/install/robotics_sim_project/share/robotics_sim_project/environment/ament_prefix_path.dsv
[1.733s] -- Installing: /home/farah/ros2_ws/install/robotics_sim_project/share/robotics_sim_project/environment/path.sh
[1.733s] -- Installing: /home/farah/ros2_ws/install/robotics_sim_project/share/robotics_sim_project/environment/path.dsv
[1.733s] -- Installing: /home/farah/ros2_ws/install/robotics_sim_project/share/robotics_sim_project/local_setup.bash
[1.733s] -- Installing: /home/farah/ros2_ws/install/robotics_sim_project/share/robotics_sim_project/local_setup.sh
[1.733s] -- Installing: /home/farah/ros2_ws/install/robotics_sim_project/share/robotics_sim_project/local_setup.zsh
[1.733s] -- Installing: /home/farah/ros2_ws/install/robotics_sim_project/share/robotics_sim_project/local_setup.dsv
[1.735s] -- Installing: /home/farah/ros2_ws/install/robotics_sim_project/share/robotics_sim_project/package.dsv
[1.735s] -- Installing: /home/farah/ros2_ws/install/robotics_sim_project/share/ament_index/resource_index/packages/robotics_sim_project
[1.735s] -- Installing: /home/farah/ros2_ws/install/robotics_sim_project/share/robotics_sim_project/cmake/robotics_sim_projectConfig.cmake
[1.735s] -- Installing: /home/farah/ros2_ws/install/robotics_sim_project/share/robotics_sim_project/cmake/robotics_sim_projectConfig-version.cmake
[1.735s] -- Installing: /home/farah/ros2_ws/install/robotics_sim_project/share/robotics_sim_project/package.xml
[1.739s] Invoked command in '/home/farah/ros2_ws/build/robotics_sim_project' returned '0': CMAKE_PREFIX_PATH=/opt/ros/humble /usr/bin/cmake --install /home/farah/ros2_ws/build/robotics_sim_project
