/home/farah/ros2_ws/install/robot_actions/lib/python3.10/site-packages/robot_actions/battery_charger_preempt.py
/home/farah/ros2_ws/install/robot_actions/lib/python3.10/site-packages/robot_actions/__init__.py
/home/farah/ros2_ws/install/robot_actions/lib/python3.10/site-packages/robot_actions/battery_charger.py
/home/farah/ros2_ws/install/robot_actions/lib/python3.10/site-packages/robot_actions/battery_charger_queue.py
/home/farah/ros2_ws/install/robot_actions/lib/python3.10/site-packages/robot_actions/battery_client.py
/home/farah/ros2_ws/install/robot_actions/lib/python3.10/site-packages/robot_actions/battery_charger_reject.py
/home/farah/ros2_ws/install/robot_actions/lib/python3.10/site-packages/robot_actions/__pycache__/battery_charger_preempt.cpython-310.pyc
/home/farah/ros2_ws/install/robot_actions/lib/python3.10/site-packages/robot_actions/__pycache__/__init__.cpython-310.pyc
/home/farah/ros2_ws/install/robot_actions/lib/python3.10/site-packages/robot_actions/__pycache__/battery_charger.cpython-310.pyc
/home/farah/ros2_ws/install/robot_actions/lib/python3.10/site-packages/robot_actions/__pycache__/battery_charger_queue.cpython-310.pyc
/home/farah/ros2_ws/install/robot_actions/lib/python3.10/site-packages/robot_actions/__pycache__/battery_client.cpython-310.pyc
/home/farah/ros2_ws/install/robot_actions/lib/python3.10/site-packages/robot_actions/__pycache__/battery_charger_reject.cpython-310.pyc
/home/farah/ros2_ws/install/robot_actions/share/ament_index/resource_index/packages/robot_actions
/home/farah/ros2_ws/install/robot_actions/share/robot_actions/package.xml
/home/farah/ros2_ws/install/robot_actions/lib/python3.10/site-packages/robot_actions-0.0.0-py3.10.egg-info/top_level.txt
/home/farah/ros2_ws/install/robot_actions/lib/python3.10/site-packages/robot_actions-0.0.0-py3.10.egg-info/zip-safe
/home/farah/ros2_ws/install/robot_actions/lib/python3.10/site-packages/robot_actions-0.0.0-py3.10.egg-info/SOURCES.txt
/home/farah/ros2_ws/install/robot_actions/lib/python3.10/site-packages/robot_actions-0.0.0-py3.10.egg-info/PKG-INFO
/home/farah/ros2_ws/install/robot_actions/lib/python3.10/site-packages/robot_actions-0.0.0-py3.10.egg-info/dependency_links.txt
/home/farah/ros2_ws/install/robot_actions/lib/python3.10/site-packages/robot_actions-0.0.0-py3.10.egg-info/entry_points.txt
/home/farah/ros2_ws/install/robot_actions/lib/python3.10/site-packages/robot_actions-0.0.0-py3.10.egg-info/requires.txt
/home/farah/ros2_ws/install/robot_actions/lib/robot_actions/battery_charger
/home/farah/ros2_ws/install/robot_actions/lib/robot_actions/battery_charger_preempt
/home/farah/ros2_ws/install/robot_actions/lib/robot_actions/battery_charger_queue
/home/farah/ros2_ws/install/robot_actions/lib/robot_actions/battery_charger_reject
/home/farah/ros2_ws/install/robot_actions/lib/robot_actions/battery_client
