[2.123s] DEBUG:colcon:Command line arguments: ['/usr/bin/colcon', 'list', '-p', '--base-paths', '/home/farah/exercice1_lab3_ws']
[2.124s] DEBUG:colcon:Parsed command line arguments: Namespace(log_base=None, log_level=None, verb_name='list', build_base='build', ignore_user_meta=False, metas=['./colcon.meta'], base_paths=['/home/farah/exercice1_lab3_ws'], packages_ignore=None, packages_ignore_regex=None, paths=None, packages_up_to=None, packages_up_to_regex=None, packages_above=None, packages_above_and_dependencies=None, packages_above_depth=None, packages_select_by_dep=None, packages_skip_by_dep=None, packages_skip_up_to=None, packages_select_build_failed=False, packages_skip_build_finished=False, packages_select_test_failures=False, packages_skip_test_passed=False, packages_select=None, packages_skip=None, packages_select_regex=None, packages_skip_regex=None, packages_start=None, packages_end=None, allow_overriding=[], topological_order=False, names_only=False, paths_only=True, topological_graph=False, topological_graph_dot=False, topological_graph_density=False, topological_graph_legend=False, topological_graph_dot_cluster=False, topological_graph_dot_include_skipped=False, mixin_files=None, mixin=None, verb_parser=<colcon_mixin.mixin.mixin_argument.MixinArgumentDecorator object at 0x79996004ee00>, verb_extension=<colcon_package_information.verb.list.ListVerb object at 0x79996004dd20>, main=<bound method ListVerb.main of <colcon_package_information.verb.list.ListVerb object at 0x79996004dd20>>, mixin_verb=('list',))
[6.734s] Level 1:colcon.colcon_core.package_discovery:discover_packages(colcon_meta) check parameters
[6.735s] Level 1:colcon.colcon_core.package_discovery:discover_packages(recursive) check parameters
[6.735s] Level 1:colcon.colcon_core.package_discovery:discover_packages(ignore) check parameters
[6.735s] Level 1:colcon.colcon_core.package_discovery:discover_packages(path) check parameters
[6.735s] Level 1:colcon.colcon_core.package_discovery:discover_packages(recursive) discover
[6.736s] INFO:colcon.colcon_core.package_discovery:Crawling recursively for packages in '/home/farah/exercice1_lab3_ws'
[6.737s] Level 1:colcon.colcon_core.package_identification:_identify(/home/farah/exercice1_lab3_ws) by extensions ['ignore', 'ignore_ament_install']
[6.737s] Level 1:colcon.colcon_core.package_identification:_identify(/home/farah/exercice1_lab3_ws) by extension 'ignore'
[6.737s] Level 1:colcon.colcon_core.package_identification:_identify(/home/farah/exercice1_lab3_ws) by extension 'ignore_ament_install'
[6.738s] Level 1:colcon.colcon_core.package_identification:_identify(/home/farah/exercice1_lab3_ws) by extensions ['colcon_pkg']
[6.738s] Level 1:colcon.colcon_core.package_identification:_identify(/home/farah/exercice1_lab3_ws) by extension 'colcon_pkg'
[6.738s] Level 1:colcon.colcon_core.package_identification:_identify(/home/farah/exercice1_lab3_ws) by extensions ['colcon_meta']
[6.739s] Level 1:colcon.colcon_core.package_identification:_identify(/home/farah/exercice1_lab3_ws) by extension 'colcon_meta'
[6.739s] Level 1:colcon.colcon_core.package_identification:_identify(/home/farah/exercice1_lab3_ws) by extensions ['ros']
[6.739s] Level 1:colcon.colcon_core.package_identification:_identify(/home/farah/exercice1_lab3_ws) by extension 'ros'
[6.882s] Level 1:colcon.colcon_core.package_identification:_identify(/home/farah/exercice1_lab3_ws) by extensions ['cmake', 'python']
[6.882s] Level 1:colcon.colcon_core.package_identification:_identify(/home/farah/exercice1_lab3_ws) by extension 'cmake'
[6.882s] Level 1:colcon.colcon_core.package_identification:_identify(/home/farah/exercice1_lab3_ws) by extension 'python'
[6.883s] Level 1:colcon.colcon_core.package_identification:_identify(/home/farah/exercice1_lab3_ws) by extensions ['python_setup_py']
[6.883s] Level 1:colcon.colcon_core.package_identification:_identify(/home/farah/exercice1_lab3_ws) by extension 'python_setup_py'
[6.883s] Level 1:colcon.colcon_core.package_identification:_identify(/home/farah/exercice1_lab3_ws/build) by extensions ['ignore', 'ignore_ament_install']
[6.884s] Level 1:colcon.colcon_core.package_identification:_identify(/home/farah/exercice1_lab3_ws/build) by extension 'ignore'
[6.884s] Level 1:colcon.colcon_core.package_identification:_identify(/home/farah/exercice1_lab3_ws/build) ignored
[6.885s] Level 1:colcon.colcon_core.package_identification:_identify(/home/farah/exercice1_lab3_ws/install) by extensions ['ignore', 'ignore_ament_install']
[6.885s] Level 1:colcon.colcon_core.package_identification:_identify(/home/farah/exercice1_lab3_ws/install) by extension 'ignore'
[6.885s] Level 1:colcon.colcon_core.package_identification:_identify(/home/farah/exercice1_lab3_ws/install) ignored
[6.888s] Level 1:colcon.colcon_core.package_identification:_identify(/home/farah/exercice1_lab3_ws/log) by extensions ['ignore', 'ignore_ament_install']
[6.889s] Level 1:colcon.colcon_core.package_identification:_identify(/home/farah/exercice1_lab3_ws/log) by extension 'ignore'
[6.889s] Level 1:colcon.colcon_core.package_identification:_identify(/home/farah/exercice1_lab3_ws/log) ignored
[6.890s] Level 1:colcon.colcon_core.package_identification:_identify(/home/farah/exercice1_lab3_ws/src) by extensions ['ignore', 'ignore_ament_install']
[6.890s] Level 1:colcon.colcon_core.package_identification:_identify(/home/farah/exercice1_lab3_ws/src) by extension 'ignore'
[6.893s] Level 1:colcon.colcon_core.package_identification:_identify(/home/farah/exercice1_lab3_ws/src) by extension 'ignore_ament_install'
[6.893s] Level 1:colcon.colcon_core.package_identification:_identify(/home/farah/exercice1_lab3_ws/src) by extensions ['colcon_pkg']
[6.893s] Level 1:colcon.colcon_core.package_identification:_identify(/home/farah/exercice1_lab3_ws/src) by extension 'colcon_pkg'
[6.894s] Level 1:colcon.colcon_core.package_identification:_identify(/home/farah/exercice1_lab3_ws/src) by extensions ['colcon_meta']
[6.894s] Level 1:colcon.colcon_core.package_identification:_identify(/home/farah/exercice1_lab3_ws/src) by extension 'colcon_meta'
[6.894s] Level 1:colcon.colcon_core.package_identification:_identify(/home/farah/exercice1_lab3_ws/src) by extensions ['ros']
[6.894s] Level 1:colcon.colcon_core.package_identification:_identify(/home/farah/exercice1_lab3_ws/src) by extension 'ros'
[6.906s] Level 1:colcon.colcon_core.package_identification:_identify(/home/farah/exercice1_lab3_ws/src) by extensions ['cmake', 'python']
[6.906s] Level 1:colcon.colcon_core.package_identification:_identify(/home/farah/exercice1_lab3_ws/src) by extension 'cmake'
[6.906s] Level 1:colcon.colcon_core.package_identification:_identify(/home/farah/exercice1_lab3_ws/src) by extension 'python'
[6.911s] Level 1:colcon.colcon_core.package_identification:_identify(/home/farah/exercice1_lab3_ws/src) by extensions ['python_setup_py']
[6.911s] Level 1:colcon.colcon_core.package_identification:_identify(/home/farah/exercice1_lab3_ws/src) by extension 'python_setup_py'
[6.914s] Level 1:colcon.colcon_core.package_identification:_identify(/home/farah/exercice1_lab3_ws/src/emergency_lab3) by extensions ['ignore', 'ignore_ament_install']
[6.914s] Level 1:colcon.colcon_core.package_identification:_identify(/home/farah/exercice1_lab3_ws/src/emergency_lab3) by extension 'ignore'
[6.915s] Level 1:colcon.colcon_core.package_identification:_identify(/home/farah/exercice1_lab3_ws/src/emergency_lab3) by extension 'ignore_ament_install'
[6.915s] Level 1:colcon.colcon_core.package_identification:_identify(/home/farah/exercice1_lab3_ws/src/emergency_lab3) by extensions ['colcon_pkg']
[6.915s] Level 1:colcon.colcon_core.package_identification:_identify(/home/farah/exercice1_lab3_ws/src/emergency_lab3) by extension 'colcon_pkg'
[6.917s] Level 1:colcon.colcon_core.package_identification:_identify(/home/farah/exercice1_lab3_ws/src/emergency_lab3) by extensions ['colcon_meta']
[6.918s] Level 1:colcon.colcon_core.package_identification:_identify(/home/farah/exercice1_lab3_ws/src/emergency_lab3) by extension 'colcon_meta'
[6.918s] Level 1:colcon.colcon_core.package_identification:_identify(/home/farah/exercice1_lab3_ws/src/emergency_lab3) by extensions ['ros']
[6.919s] Level 1:colcon.colcon_core.package_identification:_identify(/home/farah/exercice1_lab3_ws/src/emergency_lab3) by extension 'ros'
[6.959s] DEBUG:colcon.colcon_core.package_identification:Package '/home/farah/exercice1_lab3_ws/src/emergency_lab3' with type 'ros.ament_python' and name 'emergency_lab3'
[6.965s] Level 1:colcon.colcon_core.package_discovery:discover_packages(recursive) using defaults
