running develop
Removing /home/farah/ros2_ws/install/fleet_manager/lib/python3.10/site-packages/fleet-manager.egg-link (link to .)
running egg_info
writing ../../build/fleet_manager/fleet_manager.egg-info/PKG-INFO
writing dependency_links to ../../build/fleet_manager/fleet_manager.egg-info/dependency_links.txt
writing entry points to ../../build/fleet_manager/fleet_manager.egg-info/entry_points.txt
writing requirements to ../../build/fleet_manager/fleet_manager.egg-info/requires.txt
writing top-level names to ../../build/fleet_manager/fleet_manager.egg-info/top_level.txt
reading manifest file '../../build/fleet_manager/fleet_manager.egg-info/SOURCES.txt'
writing manifest file '../../build/fleet_manager/fleet_manager.egg-info/SOURCES.txt'
running build
running build_py
creating /home/farah/ros2_ws/build/fleet_manager/build
creating /home/farah/ros2_ws/build/fleet_manager/build/lib
creating /home/farah/ros2_ws/build/fleet_manager/build/lib/fleet_manager
copying fleet_manager/__init__.py -> /home/farah/ros2_ws/build/fleet_manager/build/lib/fleet_manager
copying fleet_manager/robot_simulator.py -> /home/farah/ros2_ws/build/fleet_manager/build/lib/fleet_manager
copying fleet_manager/fleet_monitor.py -> /home/farah/ros2_ws/build/fleet_manager/build/lib/fleet_manager
running install
running install_lib
creating /home/farah/ros2_ws/install/fleet_manager/lib/python3.10/site-packages/fleet_manager
copying /home/farah/ros2_ws/build/fleet_manager/build/lib/fleet_manager/__init__.py -> /home/farah/ros2_ws/install/fleet_manager/lib/python3.10/site-packages/fleet_manager
copying /home/farah/ros2_ws/build/fleet_manager/build/lib/fleet_manager/robot_simulator.py -> /home/farah/ros2_ws/install/fleet_manager/lib/python3.10/site-packages/fleet_manager
copying /home/farah/ros2_ws/build/fleet_manager/build/lib/fleet_manager/fleet_monitor.py -> /home/farah/ros2_ws/install/fleet_manager/lib/python3.10/site-packages/fleet_manager
byte-compiling /home/farah/ros2_ws/install/fleet_manager/lib/python3.10/site-packages/fleet_manager/__init__.py to __init__.cpython-310.pyc
byte-compiling /home/farah/ros2_ws/install/fleet_manager/lib/python3.10/site-packages/fleet_manager/robot_simulator.py to robot_simulator.cpython-310.pyc
byte-compiling /home/farah/ros2_ws/install/fleet_manager/lib/python3.10/site-packages/fleet_manager/fleet_monitor.py to fleet_monitor.cpython-310.pyc
running install_data
copying resource/fleet_manager -> /home/farah/ros2_ws/install/fleet_manager/share/ament_index/resource_index/packages
copying package.xml -> /home/farah/ros2_ws/install/fleet_manager/share/fleet_manager
copying launch/single_robot.launch.py -> /home/farah/ros2_ws/install/fleet_manager/share/fleet_manager/launch
copying launch/multi_robot_fleet.launch.py -> /home/farah/ros2_ws/install/fleet_manager/share/fleet_manager/launch
copying config/cleaner_robot.yaml -> /home/farah/ros2_ws/install/fleet_manager/share/fleet_manager/config
copying config/scout_robot.yaml -> /home/farah/ros2_ws/install/fleet_manager/share/fleet_manager/config
copying config/multi_robot_fleet.yaml -> /home/farah/ros2_ws/install/fleet_manager/share/fleet_manager/config
copying config/transporter_robot.yaml -> /home/farah/ros2_ws/install/fleet_manager/share/fleet_manager/config
copying config/fleet_monitor.yaml -> /home/farah/ros2_ws/install/fleet_manager/share/fleet_manager/config
running install_egg_info
Copying ../../build/fleet_manager/fleet_manager.egg-info to /home/farah/ros2_ws/install/fleet_manager/lib/python3.10/site-packages/fleet_manager-1.0.0-py3.10.egg-info
running install_scripts
Installing fleet_monitor script to /home/farah/ros2_ws/install/fleet_manager/lib/fleet_manager
Installing robot_simulator script to /home/farah/ros2_ws/install/fleet_manager/lib/fleet_manager
writing list of installed files to '/home/farah/ros2_ws/build/fleet_manager/install.log'
