/home/farah/ros2_ws/install/fleet_manager/lib/python3.10/site-packages/fleet_manager/__init__.py
/home/farah/ros2_ws/install/fleet_manager/lib/python3.10/site-packages/fleet_manager/robot_simulator.py
/home/farah/ros2_ws/install/fleet_manager/lib/python3.10/site-packages/fleet_manager/fleet_monitor.py
/home/farah/ros2_ws/install/fleet_manager/lib/python3.10/site-packages/fleet_manager/__pycache__/__init__.cpython-310.pyc
/home/farah/ros2_ws/install/fleet_manager/lib/python3.10/site-packages/fleet_manager/__pycache__/robot_simulator.cpython-310.pyc
/home/farah/ros2_ws/install/fleet_manager/lib/python3.10/site-packages/fleet_manager/__pycache__/fleet_monitor.cpython-310.pyc
/home/farah/ros2_ws/install/fleet_manager/share/ament_index/resource_index/packages/fleet_manager
/home/farah/ros2_ws/install/fleet_manager/share/fleet_manager/package.xml
/home/farah/ros2_ws/install/fleet_manager/share/fleet_manager/launch/single_robot.launch.py
/home/farah/ros2_ws/install/fleet_manager/share/fleet_manager/launch/multi_robot_fleet.launch.py
/home/farah/ros2_ws/install/fleet_manager/share/fleet_manager/config/cleaner_robot.yaml
/home/farah/ros2_ws/install/fleet_manager/share/fleet_manager/config/scout_robot.yaml
/home/farah/ros2_ws/install/fleet_manager/share/fleet_manager/config/multi_robot_fleet.yaml
/home/farah/ros2_ws/install/fleet_manager/share/fleet_manager/config/transporter_robot.yaml
/home/farah/ros2_ws/install/fleet_manager/share/fleet_manager/config/fleet_monitor.yaml
/home/farah/ros2_ws/install/fleet_manager/lib/python3.10/site-packages/fleet_manager-1.0.0-py3.10.egg-info/top_level.txt
/home/farah/ros2_ws/install/fleet_manager/lib/python3.10/site-packages/fleet_manager-1.0.0-py3.10.egg-info/zip-safe
/home/farah/ros2_ws/install/fleet_manager/lib/python3.10/site-packages/fleet_manager-1.0.0-py3.10.egg-info/SOURCES.txt
/home/farah/ros2_ws/install/fleet_manager/lib/python3.10/site-packages/fleet_manager-1.0.0-py3.10.egg-info/PKG-INFO
/home/farah/ros2_ws/install/fleet_manager/lib/python3.10/site-packages/fleet_manager-1.0.0-py3.10.egg-info/dependency_links.txt
/home/farah/ros2_ws/install/fleet_manager/lib/python3.10/site-packages/fleet_manager-1.0.0-py3.10.egg-info/entry_points.txt
/home/farah/ros2_ws/install/fleet_manager/lib/python3.10/site-packages/fleet_manager-1.0.0-py3.10.egg-info/requires.txt
/home/farah/ros2_ws/install/fleet_manager/lib/fleet_manager/fleet_monitor
/home/farah/ros2_ws/install/fleet_manager/lib/fleet_manager/robot_simulator
