[0.037s] Invoking command in '/home/farah/ros2_ws/build/robotics_sim_project': CMAKE_PREFIX_PATH=${CMAKE_PREFIX_PATH}:/home/farah/ros2_ws/install/simple_params:/home/farah/ros2_ws/install/robot_actions:/home/farah/ros2_ws/install/fleet_manager:/opt/ros/humble /usr/bin/cmake --build /home/farah/ros2_ws/build/robotics_sim_project -- -j2 -l2
[0.111s] Invoked command in '/home/farah/ros2_ws/build/robotics_sim_project' returned '0': CMAKE_PREFIX_PATH=${CMAKE_PREFIX_PATH}:/home/farah/ros2_ws/install/simple_params:/home/farah/ros2_ws/install/robot_actions:/home/farah/ros2_ws/install/fleet_manager:/opt/ros/humble /usr/bin/cmake --build /home/farah/ros2_ws/build/robotics_sim_project -- -j2 -l2
[0.131s] Invoking command in '/home/farah/ros2_ws/build/robotics_sim_project': CMAKE_PREFIX_PATH=${CMAKE_PREFIX_PATH}:/home/farah/ros2_ws/install/simple_params:/home/farah/ros2_ws/install/robot_actions:/home/farah/ros2_ws/install/fleet_manager:/opt/ros/humble /usr/bin/cmake --install /home/farah/ros2_ws/build/robotics_sim_project
[0.151s] -- Install configuration: ""
[0.151s] -- Up-to-date: /home/farah/ros2_ws/install/robotics_sim_project/share/robotics_sim_project//worlds
[0.151s] -- Up-to-date: /home/farah/ros2_ws/install/robotics_sim_project/share/robotics_sim_project//worlds/simple_test_world.worl
[0.151s] -- Up-to-date: /home/farah/ros2_ws/install/robotics_sim_project/share/robotics_sim_project//launch
[0.151s] -- Up-to-date: /home/farah/ros2_ws/install/robotics_sim_project/share/robotics_sim_project//launch/gazebo_simple_arm.launch.py
[0.151s] -- Installing: /home/farah/ros2_ws/install/robotics_sim_project/share/robotics_sim_project//launch/rviz_display.launch.py
[0.152s] -- Up-to-date: /home/farah/ros2_ws/install/robotics_sim_project/share/robotics_sim_project//urdf
[0.152s] -- Installing: /home/farah/ros2_ws/install/robotics_sim_project/share/robotics_sim_project//urdf/simple_arm.urdf.xacro
[0.153s] -- Up-to-date: /home/farah/ros2_ws/install/robotics_sim_project/share/robotics_sim_project//urdf/simple_arm.urdf
[0.153s] -- Up-to-date: /home/farah/ros2_ws/install/robotics_sim_project/share/robotics_sim_project//urdf/common
[0.153s] -- Installing: /home/farah/ros2_ws/install/robotics_sim_project/share/robotics_sim_project//urdf/common/materials.xacro
[0.153s] -- Installing: /home/farah/ros2_ws/install/robotics_sim_project/share/robotics_sim_project//urdf/common/inertias.xacro
[0.153s] -- Installing: /home/farah/ros2_ws/install/robotics_sim_project/share/robotics_sim_project//urdf/common/gazebo_materials.xacro
[0.153s] -- Installing: /home/farah/ros2_ws/install/robotics_sim_project/share/robotics_sim_project//urdf/common/properties.xacro
[0.153s] -- Up-to-date: /home/farah/ros2_ws/install/robotics_sim_project/share/robotics_sim_project//urdf/components
[0.153s] -- Up-to-date: /home/farah/ros2_ws/install/robotics_sim_project/share/robotics_sim_project//meshes
[0.153s] -- Up-to-date: /home/farah/ros2_ws/install/robotics_sim_project/share/ament_index/resource_index/package_run_dependencies/robotics_sim_project
[0.153s] -- Up-to-date: /home/farah/ros2_ws/install/robotics_sim_project/share/ament_index/resource_index/parent_prefix_path/robotics_sim_project
[0.153s] -- Up-to-date: /home/farah/ros2_ws/install/robotics_sim_project/share/robotics_sim_project/environment/ament_prefix_path.sh
[0.154s] -- Up-to-date: /home/farah/ros2_ws/install/robotics_sim_project/share/robotics_sim_project/environment/ament_prefix_path.dsv
[0.154s] -- Up-to-date: /home/farah/ros2_ws/install/robotics_sim_project/share/robotics_sim_project/environment/path.sh
[0.154s] -- Up-to-date: /home/farah/ros2_ws/install/robotics_sim_project/share/robotics_sim_project/environment/path.dsv
[0.154s] -- Up-to-date: /home/farah/ros2_ws/install/robotics_sim_project/share/robotics_sim_project/local_setup.bash
[0.154s] -- Up-to-date: /home/farah/ros2_ws/install/robotics_sim_project/share/robotics_sim_project/local_setup.sh
[0.154s] -- Up-to-date: /home/farah/ros2_ws/install/robotics_sim_project/share/robotics_sim_project/local_setup.zsh
[0.154s] -- Up-to-date: /home/farah/ros2_ws/install/robotics_sim_project/share/robotics_sim_project/local_setup.dsv
[0.154s] -- Installing: /home/farah/ros2_ws/install/robotics_sim_project/share/robotics_sim_project/package.dsv
[0.156s] -- Up-to-date: /home/farah/ros2_ws/install/robotics_sim_project/share/ament_index/resource_index/packages/robotics_sim_project
[0.156s] -- Up-to-date: /home/farah/ros2_ws/install/robotics_sim_project/share/robotics_sim_project/cmake/robotics_sim_projectConfig.cmake
[0.156s] -- Up-to-date: /home/farah/ros2_ws/install/robotics_sim_project/share/robotics_sim_project/cmake/robotics_sim_projectConfig-version.cmake
[0.156s] -- Up-to-date: /home/farah/ros2_ws/install/robotics_sim_project/share/robotics_sim_project/package.xml
[0.159s] Invoked command in '/home/farah/ros2_ws/build/robotics_sim_project' returned '0': CMAKE_PREFIX_PATH=${CMAKE_PREFIX_PATH}:/home/farah/ros2_ws/install/simple_params:/home/farah/ros2_ws/install/robot_actions:/home/farah/ros2_ws/install/fleet_manager:/opt/ros/humble /usr/bin/cmake --install /home/farah/ros2_ws/build/robotics_sim_project
