[0.047s] Invoking command in '/home/farah/ros2_ws/build/robotics_sim_project': CMAKE_PREFIX_PATH=${CMAKE_PREFIX_PATH}:/home/farah/ros2_ws/install/simple_params:/home/farah/ros2_ws/install/robot_actions:/home/farah/ros2_ws/install/fleet_manager:/opt/ros/humble /usr/bin/cmake --build /home/farah/ros2_ws/build/robotics_sim_project -- -j2 -l2
[0.301s] Invoked command in '/home/farah/ros2_ws/build/robotics_sim_project' returned '0': CMAKE_PREFIX_PATH=${CMAKE_PREFIX_PATH}:/home/farah/ros2_ws/install/simple_params:/home/farah/ros2_ws/install/robot_actions:/home/farah/ros2_ws/install/fleet_manager:/opt/ros/humble /usr/bin/cmake --build /home/farah/ros2_ws/build/robotics_sim_project -- -j2 -l2
[0.349s] Invoking command in '/home/farah/ros2_ws/build/robotics_sim_project': CMAKE_PREFIX_PATH=${CMAKE_PREFIX_PATH}:/home/farah/ros2_ws/install/simple_params:/home/farah/ros2_ws/install/robot_actions:/home/farah/ros2_ws/install/fleet_manager:/opt/ros/humble /usr/bin/cmake --install /home/farah/ros2_ws/build/robotics_sim_project
[0.413s] -- Install configuration: ""
[0.414s] -- Up-to-date: /home/farah/ros2_ws/install/robotics_sim_project/share/robotics_sim_project//worlds
[0.414s] -- Installing: /home/farah/ros2_ws/install/robotics_sim_project/share/robotics_sim_project//worlds/group_project_world.world
[0.418s] -- Up-to-date: /home/farah/ros2_ws/install/robotics_sim_project/share/robotics_sim_project//worlds/simple_test_world.worl
[0.419s] -- Up-to-date: /home/farah/ros2_ws/install/robotics_sim_project/share/robotics_sim_project//launch
[0.420s] -- Up-to-date: /home/farah/ros2_ws/install/robotics_sim_project/share/robotics_sim_project//launch/gazebo_simple_arm.launch.py
[0.420s] -- Up-to-date: /home/farah/ros2_ws/install/robotics_sim_project/share/robotics_sim_project//launch/rviz_display.launch.py
[0.420s] -- Up-to-date: /home/farah/ros2_ws/install/robotics_sim_project/share/robotics_sim_project//urdf
[0.420s] -- Up-to-date: /home/farah/ros2_ws/install/robotics_sim_project/share/robotics_sim_project//urdf/simple_arm.urdf.xacro
[0.420s] -- Up-to-date: /home/farah/ros2_ws/install/robotics_sim_project/share/robotics_sim_project//urdf/simple_arm.urdf
[0.420s] -- Up-to-date: /home/farah/ros2_ws/install/robotics_sim_project/share/robotics_sim_project//urdf/common
[0.421s] -- Up-to-date: /home/farah/ros2_ws/install/robotics_sim_project/share/robotics_sim_project//urdf/common/materials.xacro
[0.421s] -- Up-to-date: /home/farah/ros2_ws/install/robotics_sim_project/share/robotics_sim_project//urdf/common/inertias.xacro
[0.421s] -- Up-to-date: /home/farah/ros2_ws/install/robotics_sim_project/share/robotics_sim_project//urdf/common/gazebo_materials.xacro
[0.422s] -- Up-to-date: /home/farah/ros2_ws/install/robotics_sim_project/share/robotics_sim_project//urdf/common/properties.xacro
[0.424s] -- Up-to-date: /home/farah/ros2_ws/install/robotics_sim_project/share/robotics_sim_project//urdf/components
[0.429s] -- Up-to-date: /home/farah/ros2_ws/install/robotics_sim_project/share/robotics_sim_project//meshes
[0.434s] -- Up-to-date: /home/farah/ros2_ws/install/robotics_sim_project/share/ament_index/resource_index/package_run_dependencies/robotics_sim_project
[0.435s] -- Up-to-date: /home/farah/ros2_ws/install/robotics_sim_project/share/ament_index/resource_index/parent_prefix_path/robotics_sim_project
[0.435s] -- Up-to-date: /home/farah/ros2_ws/install/robotics_sim_project/share/robotics_sim_project/environment/ament_prefix_path.sh
[0.435s] -- Up-to-date: /home/farah/ros2_ws/install/robotics_sim_project/share/robotics_sim_project/environment/ament_prefix_path.dsv
[0.435s] -- Up-to-date: /home/farah/ros2_ws/install/robotics_sim_project/share/robotics_sim_project/environment/path.sh
[0.435s] -- Up-to-date: /home/farah/ros2_ws/install/robotics_sim_project/share/robotics_sim_project/environment/path.dsv
[0.435s] -- Up-to-date: /home/farah/ros2_ws/install/robotics_sim_project/share/robotics_sim_project/local_setup.bash
[0.435s] -- Up-to-date: /home/farah/ros2_ws/install/robotics_sim_project/share/robotics_sim_project/local_setup.sh
[0.435s] -- Up-to-date: /home/farah/ros2_ws/install/robotics_sim_project/share/robotics_sim_project/local_setup.zsh
[0.436s] -- Up-to-date: /home/farah/ros2_ws/install/robotics_sim_project/share/robotics_sim_project/local_setup.dsv
[0.436s] -- Installing: /home/farah/ros2_ws/install/robotics_sim_project/share/robotics_sim_project/package.dsv
[0.445s] -- Up-to-date: /home/farah/ros2_ws/install/robotics_sim_project/share/ament_index/resource_index/packages/robotics_sim_project
[0.445s] -- Up-to-date: /home/farah/ros2_ws/install/robotics_sim_project/share/robotics_sim_project/cmake/robotics_sim_projectConfig.cmake
[0.445s] -- Up-to-date: /home/farah/ros2_ws/install/robotics_sim_project/share/robotics_sim_project/cmake/robotics_sim_projectConfig-version.cmake
[0.445s] -- Up-to-date: /home/farah/ros2_ws/install/robotics_sim_project/share/robotics_sim_project/package.xml
[0.451s] Invoked command in '/home/farah/ros2_ws/build/robotics_sim_project' returned '0': CMAKE_PREFIX_PATH=${CMAKE_PREFIX_PATH}:/home/farah/ros2_ws/install/simple_params:/home/farah/ros2_ws/install/robot_actions:/home/farah/ros2_ws/install/fleet_manager:/opt/ros/humble /usr/bin/cmake --install /home/farah/ros2_ws/build/robotics_sim_project
