[0.173s] DEBUG:colcon:Command line arguments: ['/usr/bin/colcon', 'build', '--packages-select', 'robot_actions']
[0.174s] DEBUG:colcon:Parsed command line arguments: Namespace(log_base=None, log_level=None, verb_name='build', build_base='build', install_base='install', merge_install=False, symlink_install=False, test_result_base=None, continue_on_error=False, executor='parallel', parallel_workers=2, event_handlers=None, ignore_user_meta=False, metas=['./colcon.meta'], base_paths=['.'], packages_ignore=None, packages_ignore_regex=None, paths=None, packages_up_to=None, packages_up_to_regex=None, packages_above=None, packages_above_and_dependencies=None, packages_above_depth=None, packages_select_by_dep=None, packages_skip_by_dep=None, packages_skip_up_to=None, packages_select_build_failed=False, packages_skip_build_finished=False, packages_select_test_failures=False, packages_skip_test_passed=False, packages_select=['robot_actions'], packages_skip=None, packages_select_regex=None, packages_skip_regex=None, packages_start=None, packages_end=None, allow_overriding=[], cmake_args=None, cmake_target=None, cmake_target_skip_unavailable=False, cmake_clean_cache=False, cmake_clean_first=False, cmake_force_configure=False, ament_cmake_args=None, catkin_cmake_args=None, catkin_skip_building_tests=False, mixin_files=None, mixin=None, verb_parser=<colcon_mixin.mixin.mixin_argument.MixinArgumentDecorator object at 0x77b829566e90>, verb_extension=<colcon_core.verb.build.BuildVerb object at 0x77b8295669b0>, main=<bound method BuildVerb.main of <colcon_core.verb.build.BuildVerb object at 0x77b8295669b0>>, mixin_verb=('build',))
[0.377s] Level 1:colcon.colcon_core.package_discovery:discover_packages(colcon_meta) check parameters
[0.378s] Level 1:colcon.colcon_core.package_discovery:discover_packages(recursive) check parameters
[0.378s] Level 1:colcon.colcon_core.package_discovery:discover_packages(ignore) check parameters
[0.378s] Level 1:colcon.colcon_core.package_discovery:discover_packages(path) check parameters
[0.378s] Level 1:colcon.colcon_core.package_discovery:discover_packages(colcon_meta) discover
[0.378s] Level 1:colcon.colcon_core.package_discovery:discover_packages(recursive) discover
[0.378s] INFO:colcon.colcon_core.package_discovery:Crawling recursively for packages in '/home/farah/ros2_ws'
[0.379s] Level 1:colcon.colcon_core.package_identification:_identify(.) by extensions ['ignore', 'ignore_ament_install']
[0.379s] Level 1:colcon.colcon_core.package_identification:_identify(.) by extension 'ignore'
[0.379s] Level 1:colcon.colcon_core.package_identification:_identify(.) by extension 'ignore_ament_install'
[0.379s] Level 1:colcon.colcon_core.package_identification:_identify(.) by extensions ['colcon_pkg']
[0.379s] Level 1:colcon.colcon_core.package_identification:_identify(.) by extension 'colcon_pkg'
[0.380s] Level 1:colcon.colcon_core.package_identification:_identify(.) by extensions ['colcon_meta']
[0.380s] Level 1:colcon.colcon_core.package_identification:_identify(.) by extension 'colcon_meta'
[0.380s] Level 1:colcon.colcon_core.package_identification:_identify(.) by extensions ['ros']
[0.380s] Level 1:colcon.colcon_core.package_identification:_identify(.) by extension 'ros'
[0.399s] Level 1:colcon.colcon_core.package_identification:_identify(.) by extensions ['cmake', 'python']
[0.399s] Level 1:colcon.colcon_core.package_identification:_identify(.) by extension 'cmake'
[0.400s] Level 1:colcon.colcon_core.package_identification:_identify(.) by extension 'python'
[0.400s] Level 1:colcon.colcon_core.package_identification:_identify(.) by extensions ['python_setup_py']
[0.400s] Level 1:colcon.colcon_core.package_identification:_identify(.) by extension 'python_setup_py'
[0.400s] Level 1:colcon.colcon_core.package_identification:_identify(build) by extensions ['ignore', 'ignore_ament_install']
[0.400s] Level 1:colcon.colcon_core.package_identification:_identify(build) by extension 'ignore'
[0.401s] Level 1:colcon.colcon_core.package_identification:_identify(build) ignored
[0.401s] Level 1:colcon.colcon_core.package_identification:_identify(exercice1_lab3_ws) by extensions ['ignore', 'ignore_ament_install']
[0.401s] Level 1:colcon.colcon_core.package_identification:_identify(exercice1_lab3_ws) by extension 'ignore'
[0.401s] Level 1:colcon.colcon_core.package_identification:_identify(exercice1_lab3_ws) by extension 'ignore_ament_install'
[0.401s] Level 1:colcon.colcon_core.package_identification:_identify(exercice1_lab3_ws) by extensions ['colcon_pkg']
[0.401s] Level 1:colcon.colcon_core.package_identification:_identify(exercice1_lab3_ws) by extension 'colcon_pkg'
[0.401s] Level 1:colcon.colcon_core.package_identification:_identify(exercice1_lab3_ws) by extensions ['colcon_meta']
[0.401s] Level 1:colcon.colcon_core.package_identification:_identify(exercice1_lab3_ws) by extension 'colcon_meta'
[0.401s] Level 1:colcon.colcon_core.package_identification:_identify(exercice1_lab3_ws) by extensions ['ros']
[0.401s] Level 1:colcon.colcon_core.package_identification:_identify(exercice1_lab3_ws) by extension 'ros'
[0.401s] Level 1:colcon.colcon_core.package_identification:_identify(exercice1_lab3_ws) by extensions ['cmake', 'python']
[0.402s] Level 1:colcon.colcon_core.package_identification:_identify(exercice1_lab3_ws) by extension 'cmake'
[0.402s] Level 1:colcon.colcon_core.package_identification:_identify(exercice1_lab3_ws) by extension 'python'
[0.402s] Level 1:colcon.colcon_core.package_identification:_identify(exercice1_lab3_ws) by extensions ['python_setup_py']
[0.402s] Level 1:colcon.colcon_core.package_identification:_identify(exercice1_lab3_ws) by extension 'python_setup_py'
[0.402s] Level 1:colcon.colcon_core.package_identification:_identify(exercice1_lab3_ws/build) by extensions ['ignore', 'ignore_ament_install']
[0.402s] Level 1:colcon.colcon_core.package_identification:_identify(exercice1_lab3_ws/build) by extension 'ignore'
[0.402s] Level 1:colcon.colcon_core.package_identification:_identify(exercice1_lab3_ws/build) ignored
[0.402s] Level 1:colcon.colcon_core.package_identification:_identify(exercice1_lab3_ws/install) by extensions ['ignore', 'ignore_ament_install']
[0.402s] Level 1:colcon.colcon_core.package_identification:_identify(exercice1_lab3_ws/install) by extension 'ignore'
[0.402s] Level 1:colcon.colcon_core.package_identification:_identify(exercice1_lab3_ws/install) ignored
[0.403s] Level 1:colcon.colcon_core.package_identification:_identify(exercice1_lab3_ws/log) by extensions ['ignore', 'ignore_ament_install']
[0.403s] Level 1:colcon.colcon_core.package_identification:_identify(exercice1_lab3_ws/log) by extension 'ignore'
[0.403s] Level 1:colcon.colcon_core.package_identification:_identify(exercice1_lab3_ws/log) ignored
[0.403s] Level 1:colcon.colcon_core.package_identification:_identify(exercice1_lab3_ws/src) by extensions ['ignore', 'ignore_ament_install']
[0.404s] Level 1:colcon.colcon_core.package_identification:_identify(exercice1_lab3_ws/src) by extension 'ignore'
[0.404s] Level 1:colcon.colcon_core.package_identification:_identify(exercice1_lab3_ws/src) by extension 'ignore_ament_install'
[0.404s] Level 1:colcon.colcon_core.package_identification:_identify(exercice1_lab3_ws/src) by extensions ['colcon_pkg']
[0.404s] Level 1:colcon.colcon_core.package_identification:_identify(exercice1_lab3_ws/src) by extension 'colcon_pkg'
[0.404s] Level 1:colcon.colcon_core.package_identification:_identify(exercice1_lab3_ws/src) by extensions ['colcon_meta']
[0.404s] Level 1:colcon.colcon_core.package_identification:_identify(exercice1_lab3_ws/src) by extension 'colcon_meta'
[0.404s] Level 1:colcon.colcon_core.package_identification:_identify(exercice1_lab3_ws/src) by extensions ['ros']
[0.404s] Level 1:colcon.colcon_core.package_identification:_identify(exercice1_lab3_ws/src) by extension 'ros'
[0.404s] Level 1:colcon.colcon_core.package_identification:_identify(exercice1_lab3_ws/src) by extensions ['cmake', 'python']
[0.404s] Level 1:colcon.colcon_core.package_identification:_identify(exercice1_lab3_ws/src) by extension 'cmake'
[0.404s] Level 1:colcon.colcon_core.package_identification:_identify(exercice1_lab3_ws/src) by extension 'python'
[0.404s] Level 1:colcon.colcon_core.package_identification:_identify(exercice1_lab3_ws/src) by extensions ['python_setup_py']
[0.405s] Level 1:colcon.colcon_core.package_identification:_identify(exercice1_lab3_ws/src) by extension 'python_setup_py'
[0.405s] Level 1:colcon.colcon_core.package_identification:_identify(exercice1_lab3_ws/src/emergency_lab3) by extensions ['ignore', 'ignore_ament_install']
[0.405s] Level 1:colcon.colcon_core.package_identification:_identify(exercice1_lab3_ws/src/emergency_lab3) by extension 'ignore'
[0.405s] Level 1:colcon.colcon_core.package_identification:_identify(exercice1_lab3_ws/src/emergency_lab3) by extension 'ignore_ament_install'
[0.405s] Level 1:colcon.colcon_core.package_identification:_identify(exercice1_lab3_ws/src/emergency_lab3) by extensions ['colcon_pkg']
[0.405s] Level 1:colcon.colcon_core.package_identification:_identify(exercice1_lab3_ws/src/emergency_lab3) by extension 'colcon_pkg'
[0.405s] Level 1:colcon.colcon_core.package_identification:_identify(exercice1_lab3_ws/src/emergency_lab3) by extensions ['colcon_meta']
[0.405s] Level 1:colcon.colcon_core.package_identification:_identify(exercice1_lab3_ws/src/emergency_lab3) by extension 'colcon_meta'
[0.405s] Level 1:colcon.colcon_core.package_identification:_identify(exercice1_lab3_ws/src/emergency_lab3) by extensions ['ros']
[0.405s] Level 1:colcon.colcon_core.package_identification:_identify(exercice1_lab3_ws/src/emergency_lab3) by extension 'ros'
[0.409s] DEBUG:colcon.colcon_core.package_identification:Package 'exercice1_lab3_ws/src/emergency_lab3' with type 'ros.ament_python' and name 'emergency_lab3'
[0.409s] Level 1:colcon.colcon_core.package_identification:_identify(install) by extensions ['ignore', 'ignore_ament_install']
[0.410s] Level 1:colcon.colcon_core.package_identification:_identify(install) by extension 'ignore'
[0.410s] Level 1:colcon.colcon_core.package_identification:_identify(install) ignored
[0.410s] Level 1:colcon.colcon_core.package_identification:_identify(log) by extensions ['ignore', 'ignore_ament_install']
[0.410s] Level 1:colcon.colcon_core.package_identification:_identify(log) by extension 'ignore'
[0.410s] Level 1:colcon.colcon_core.package_identification:_identify(log) ignored
[0.410s] Level 1:colcon.colcon_core.package_identification:_identify(src) by extensions ['ignore', 'ignore_ament_install']
[0.410s] Level 1:colcon.colcon_core.package_identification:_identify(src) by extension 'ignore'
[0.410s] Level 1:colcon.colcon_core.package_identification:_identify(src) by extension 'ignore_ament_install'
[0.410s] Level 1:colcon.colcon_core.package_identification:_identify(src) by extensions ['colcon_pkg']
[0.410s] Level 1:colcon.colcon_core.package_identification:_identify(src) by extension 'colcon_pkg'
[0.410s] Level 1:colcon.colcon_core.package_identification:_identify(src) by extensions ['colcon_meta']
[0.411s] Level 1:colcon.colcon_core.package_identification:_identify(src) by extension 'colcon_meta'
[0.411s] Level 1:colcon.colcon_core.package_identification:_identify(src) by extensions ['ros']
[0.411s] Level 1:colcon.colcon_core.package_identification:_identify(src) by extension 'ros'
[0.411s] Level 1:colcon.colcon_core.package_identification:_identify(src) by extensions ['cmake', 'python']
[0.411s] Level 1:colcon.colcon_core.package_identification:_identify(src) by extension 'cmake'
[0.411s] Level 1:colcon.colcon_core.package_identification:_identify(src) by extension 'python'
[0.411s] Level 1:colcon.colcon_core.package_identification:_identify(src) by extensions ['python_setup_py']
[0.411s] Level 1:colcon.colcon_core.package_identification:_identify(src) by extension 'python_setup_py'
[0.411s] Level 1:colcon.colcon_core.package_identification:_identify(src/custom_interfaces) by extensions ['ignore', 'ignore_ament_install']
[0.412s] Level 1:colcon.colcon_core.package_identification:_identify(src/custom_interfaces) by extension 'ignore'
[0.412s] Level 1:colcon.colcon_core.package_identification:_identify(src/custom_interfaces) by extension 'ignore_ament_install'
[0.412s] Level 1:colcon.colcon_core.package_identification:_identify(src/custom_interfaces) by extensions ['colcon_pkg']
[0.412s] Level 1:colcon.colcon_core.package_identification:_identify(src/custom_interfaces) by extension 'colcon_pkg'
[0.412s] Level 1:colcon.colcon_core.package_identification:_identify(src/custom_interfaces) by extensions ['colcon_meta']
[0.413s] Level 1:colcon.colcon_core.package_identification:_identify(src/custom_interfaces) by extension 'colcon_meta'
[0.413s] Level 1:colcon.colcon_core.package_identification:_identify(src/custom_interfaces) by extensions ['ros']
[0.413s] Level 1:colcon.colcon_core.package_identification:_identify(src/custom_interfaces) by extension 'ros'
[0.415s] DEBUG:colcon.colcon_core.package_identification:Package 'src/custom_interfaces' with type 'ros.ament_cmake' and name 'custom_interfaces'
[0.415s] Level 1:colcon.colcon_core.package_identification:_identify(src/fleet_interfaces) by extensions ['ignore', 'ignore_ament_install']
[0.415s] Level 1:colcon.colcon_core.package_identification:_identify(src/fleet_interfaces) by extension 'ignore'
[0.415s] Level 1:colcon.colcon_core.package_identification:_identify(src/fleet_interfaces) by extension 'ignore_ament_install'
[0.415s] Level 1:colcon.colcon_core.package_identification:_identify(src/fleet_interfaces) by extensions ['colcon_pkg']
[0.415s] Level 1:colcon.colcon_core.package_identification:_identify(src/fleet_interfaces) by extension 'colcon_pkg'
[0.415s] Level 1:colcon.colcon_core.package_identification:_identify(src/fleet_interfaces) by extensions ['colcon_meta']
[0.415s] Level 1:colcon.colcon_core.package_identification:_identify(src/fleet_interfaces) by extension 'colcon_meta'
[0.415s] Level 1:colcon.colcon_core.package_identification:_identify(src/fleet_interfaces) by extensions ['ros']
[0.415s] Level 1:colcon.colcon_core.package_identification:_identify(src/fleet_interfaces) by extension 'ros'
[0.416s] DEBUG:colcon.colcon_core.package_identification:Package 'src/fleet_interfaces' with type 'ros.ament_cmake' and name 'fleet_interfaces'
[0.417s] Level 1:colcon.colcon_core.package_identification:_identify(src/fleet_manager) by extensions ['ignore', 'ignore_ament_install']
[0.417s] Level 1:colcon.colcon_core.package_identification:_identify(src/fleet_manager) by extension 'ignore'
[0.417s] Level 1:colcon.colcon_core.package_identification:_identify(src/fleet_manager) by extension 'ignore_ament_install'
[0.417s] Level 1:colcon.colcon_core.package_identification:_identify(src/fleet_manager) by extensions ['colcon_pkg']
[0.417s] Level 1:colcon.colcon_core.package_identification:_identify(src/fleet_manager) by extension 'colcon_pkg'
[0.418s] Level 1:colcon.colcon_core.package_identification:_identify(src/fleet_manager) by extensions ['colcon_meta']
[0.418s] Level 1:colcon.colcon_core.package_identification:_identify(src/fleet_manager) by extension 'colcon_meta'
[0.418s] Level 1:colcon.colcon_core.package_identification:_identify(src/fleet_manager) by extensions ['ros']
[0.418s] Level 1:colcon.colcon_core.package_identification:_identify(src/fleet_manager) by extension 'ros'
[0.419s] DEBUG:colcon.colcon_core.package_identification:Package 'src/fleet_manager' with type 'ros.ament_python' and name 'fleet_manager'
[0.419s] Level 1:colcon.colcon_core.package_identification:_identify(src/robot_actions) by extensions ['ignore', 'ignore_ament_install']
[0.419s] Level 1:colcon.colcon_core.package_identification:_identify(src/robot_actions) by extension 'ignore'
[0.420s] Level 1:colcon.colcon_core.package_identification:_identify(src/robot_actions) by extension 'ignore_ament_install'
[0.420s] Level 1:colcon.colcon_core.package_identification:_identify(src/robot_actions) by extensions ['colcon_pkg']
[0.420s] Level 1:colcon.colcon_core.package_identification:_identify(src/robot_actions) by extension 'colcon_pkg'
[0.420s] Level 1:colcon.colcon_core.package_identification:_identify(src/robot_actions) by extensions ['colcon_meta']
[0.420s] Level 1:colcon.colcon_core.package_identification:_identify(src/robot_actions) by extension 'colcon_meta'
[0.420s] Level 1:colcon.colcon_core.package_identification:_identify(src/robot_actions) by extensions ['ros']
[0.420s] Level 1:colcon.colcon_core.package_identification:_identify(src/robot_actions) by extension 'ros'
[0.421s] DEBUG:colcon.colcon_core.package_identification:Package 'src/robot_actions' with type 'ros.ament_python' and name 'robot_actions'
[0.421s] Level 1:colcon.colcon_core.package_identification:_identify(src/simple_interfaces) by extensions ['ignore', 'ignore_ament_install']
[0.421s] Level 1:colcon.colcon_core.package_identification:_identify(src/simple_interfaces) by extension 'ignore'
[0.421s] Level 1:colcon.colcon_core.package_identification:_identify(src/simple_interfaces) by extension 'ignore_ament_install'
[0.421s] Level 1:colcon.colcon_core.package_identification:_identify(src/simple_interfaces) by extensions ['colcon_pkg']
[0.421s] Level 1:colcon.colcon_core.package_identification:_identify(src/simple_interfaces) by extension 'colcon_pkg'
[0.421s] Level 1:colcon.colcon_core.package_identification:_identify(src/simple_interfaces) by extensions ['colcon_meta']
[0.421s] Level 1:colcon.colcon_core.package_identification:_identify(src/simple_interfaces) by extension 'colcon_meta'
[0.421s] Level 1:colcon.colcon_core.package_identification:_identify(src/simple_interfaces) by extensions ['ros']
[0.421s] Level 1:colcon.colcon_core.package_identification:_identify(src/simple_interfaces) by extension 'ros'
[0.422s] DEBUG:colcon.colcon_core.package_identification:Package 'src/simple_interfaces' with type 'ros.ament_cmake' and name 'simple_interfaces'
[0.422s] Level 1:colcon.colcon_core.package_identification:_identify(src/simple_params) by extensions ['ignore', 'ignore_ament_install']
[0.422s] Level 1:colcon.colcon_core.package_identification:_identify(src/simple_params) by extension 'ignore'
[0.422s] Level 1:colcon.colcon_core.package_identification:_identify(src/simple_params) by extension 'ignore_ament_install'
[0.422s] Level 1:colcon.colcon_core.package_identification:_identify(src/simple_params) by extensions ['colcon_pkg']
[0.422s] Level 1:colcon.colcon_core.package_identification:_identify(src/simple_params) by extension 'colcon_pkg'
[0.422s] Level 1:colcon.colcon_core.package_identification:_identify(src/simple_params) by extensions ['colcon_meta']
[0.422s] Level 1:colcon.colcon_core.package_identification:_identify(src/simple_params) by extension 'colcon_meta'
[0.423s] Level 1:colcon.colcon_core.package_identification:_identify(src/simple_params) by extensions ['ros']
[0.423s] Level 1:colcon.colcon_core.package_identification:_identify(src/simple_params) by extension 'ros'
[0.423s] DEBUG:colcon.colcon_core.package_identification:Package 'src/simple_params' with type 'ros.ament_python' and name 'simple_params'
[0.423s] Level 1:colcon.colcon_core.package_discovery:discover_packages(recursive) using defaults
[0.423s] Level 1:colcon.colcon_core.package_discovery:discover_packages(ignore) discover
[0.423s] Level 1:colcon.colcon_core.package_discovery:discover_packages(ignore) using defaults
[0.423s] Level 1:colcon.colcon_core.package_discovery:discover_packages(path) discover
[0.423s] Level 1:colcon.colcon_core.package_discovery:discover_packages(path) using defaults
[0.462s] INFO:colcon.colcon_core.package_selection:Skipping not selected package 'custom_interfaces' in 'src/custom_interfaces'
[0.462s] INFO:colcon.colcon_core.package_selection:Skipping not selected package 'fleet_interfaces' in 'src/fleet_interfaces'
[0.462s] INFO:colcon.colcon_core.package_selection:Skipping not selected package 'simple_interfaces' in 'src/simple_interfaces'
[0.462s] INFO:colcon.colcon_core.package_selection:Skipping not selected package 'emergency_lab3' in 'exercice1_lab3_ws/src/emergency_lab3'
[0.462s] INFO:colcon.colcon_core.package_selection:Skipping not selected package 'fleet_manager' in 'src/fleet_manager'
[0.462s] INFO:colcon.colcon_core.package_selection:Skipping not selected package 'simple_params' in 'src/simple_params'
[0.464s] Level 1:colcon.colcon_core.package_discovery:discover_packages(prefix_path) check parameters
[0.464s] Level 1:colcon.colcon_core.package_discovery:discover_packages(prefix_path) discover
[0.471s] DEBUG:colcon.colcon_installed_package_information.package_discovery:Found 5 installed packages in /home/farah/ros2_ws/install
[0.473s] DEBUG:colcon.colcon_installed_package_information.package_discovery:Found 351 installed packages in /opt/ros/humble
[0.475s] Level 1:colcon.colcon_core.package_discovery:discover_packages(prefix_path) using defaults
[0.541s] Level 5:colcon.colcon_core.verb:set package 'robot_actions' build argument 'cmake_args' from command line to 'None'
[0.541s] Level 5:colcon.colcon_core.verb:set package 'robot_actions' build argument 'cmake_target' from command line to 'None'
[0.541s] Level 5:colcon.colcon_core.verb:set package 'robot_actions' build argument 'cmake_target_skip_unavailable' from command line to 'False'
[0.541s] Level 5:colcon.colcon_core.verb:set package 'robot_actions' build argument 'cmake_clean_cache' from command line to 'False'
[0.541s] Level 5:colcon.colcon_core.verb:set package 'robot_actions' build argument 'cmake_clean_first' from command line to 'False'
[0.541s] Level 5:colcon.colcon_core.verb:set package 'robot_actions' build argument 'cmake_force_configure' from command line to 'False'
[0.541s] Level 5:colcon.colcon_core.verb:set package 'robot_actions' build argument 'ament_cmake_args' from command line to 'None'
[0.541s] Level 5:colcon.colcon_core.verb:set package 'robot_actions' build argument 'catkin_cmake_args' from command line to 'None'
[0.541s] Level 5:colcon.colcon_core.verb:set package 'robot_actions' build argument 'catkin_skip_building_tests' from command line to 'False'
[0.541s] DEBUG:colcon.colcon_core.verb:Building package 'robot_actions' with the following arguments: {'ament_cmake_args': None, 'build_base': '/home/farah/ros2_ws/build/robot_actions', 'catkin_cmake_args': None, 'catkin_skip_building_tests': False, 'cmake_args': None, 'cmake_clean_cache': False, 'cmake_clean_first': False, 'cmake_force_configure': False, 'cmake_target': None, 'cmake_target_skip_unavailable': False, 'install_base': '/home/farah/ros2_ws/install/robot_actions', 'merge_install': False, 'path': '/home/farah/ros2_ws/src/robot_actions', 'symlink_install': False, 'test_result_base': None}
[0.541s] INFO:colcon.colcon_core.executor:Executing jobs using 'parallel' executor
[0.543s] DEBUG:colcon.colcon_parallel_executor.executor.parallel:run_until_complete
[0.543s] INFO:colcon.colcon_ros.task.ament_python.build:Building ROS package in '/home/farah/ros2_ws/src/robot_actions' with build type 'ament_python'
[0.544s] Level 1:colcon.colcon_core.shell:create_environment_hook('robot_actions', 'ament_prefix_path')
[0.552s] INFO:colcon.colcon_core.plugin_system:Skipping extension 'colcon_core.shell.bat': Not used on non-Windows systems
[0.552s] INFO:colcon.colcon_core.shell:Creating environment hook '/home/farah/ros2_ws/install/robot_actions/share/robot_actions/hook/ament_prefix_path.ps1'
[0.554s] INFO:colcon.colcon_core.shell:Creating environment descriptor '/home/farah/ros2_ws/install/robot_actions/share/robot_actions/hook/ament_prefix_path.dsv'
[0.555s] INFO:colcon.colcon_core.shell:Creating environment hook '/home/farah/ros2_ws/install/robot_actions/share/robot_actions/hook/ament_prefix_path.sh'
[0.556s] INFO:colcon.colcon_core.shell:Skip shell extension 'powershell' for command environment: Not usable outside of PowerShell
[0.556s] DEBUG:colcon.colcon_core.shell:Skip shell extension 'dsv' for command environment
[1.077s] INFO:colcon.colcon_core.task.python.build:Building Python package in '/home/farah/ros2_ws/src/robot_actions'
[1.078s] INFO:colcon.colcon_core.shell:Skip shell extension 'powershell' for command environment: Not usable outside of PowerShell
[1.078s] DEBUG:colcon.colcon_core.shell:Skip shell extension 'dsv' for command environment
[2.145s] DEBUG:colcon.colcon_core.event_handler.log_command:Invoking command in '/home/farah/ros2_ws/src/robot_actions': CMAKE_PREFIX_PATH=/home/farah/ros2_ws/install/custom_interfaces:/home/farah/ros2_ws/install/simple_interfaces:/home/farah/ros2_ws/install/fleet_interfaces LD_LIBRARY_PATH=/home/farah/ros2_ws/install/custom_interfaces/lib:/home/farah/ros2_ws/install/simple_interfaces/lib:/home/farah/ros2_ws/install/fleet_interfaces/lib:/opt/ros/humble/opt/rviz_ogre_vendor/lib:/opt/ros/humble/lib/x86_64-linux-gnu:/opt/ros/humble/lib PYTHONPATH=/home/farah/ros2_ws/build/robot_actions/prefix_override:/usr/lib/python3/dist-packages/colcon_core/task/python/colcon_distutils_commands:/home/farah/ros2_ws/install/robot_actions/lib/python3.10/site-packages:${PYTHONPATH} /usr/bin/python3 -W ignore:setup.py install is deprecated -W ignore:easy_install command is deprecated setup.py egg_info --egg-base ../../build/robot_actions build --build-base /home/farah/ros2_ws/build/robot_actions/build install --record /home/farah/ros2_ws/build/robot_actions/install.log --single-version-externally-managed install_data
[2.568s] DEBUG:colcon.colcon_core.event_handler.log_command:Invoked command in '/home/farah/ros2_ws/src/robot_actions' returned '0': CMAKE_PREFIX_PATH=/home/farah/ros2_ws/install/custom_interfaces:/home/farah/ros2_ws/install/simple_interfaces:/home/farah/ros2_ws/install/fleet_interfaces LD_LIBRARY_PATH=/home/farah/ros2_ws/install/custom_interfaces/lib:/home/farah/ros2_ws/install/simple_interfaces/lib:/home/farah/ros2_ws/install/fleet_interfaces/lib:/opt/ros/humble/opt/rviz_ogre_vendor/lib:/opt/ros/humble/lib/x86_64-linux-gnu:/opt/ros/humble/lib PYTHONPATH=/home/farah/ros2_ws/build/robot_actions/prefix_override:/usr/lib/python3/dist-packages/colcon_core/task/python/colcon_distutils_commands:/home/farah/ros2_ws/install/robot_actions/lib/python3.10/site-packages:${PYTHONPATH} /usr/bin/python3 -W ignore:setup.py install is deprecated -W ignore:easy_install command is deprecated setup.py egg_info --egg-base ../../build/robot_actions build --build-base /home/farah/ros2_ws/build/robot_actions/build install --record /home/farah/ros2_ws/build/robot_actions/install.log --single-version-externally-managed install_data
[2.578s] Level 1:colcon.colcon_core.environment:checking '/home/farah/ros2_ws/install/robot_actions' for CMake module files
[2.579s] Level 1:colcon.colcon_core.environment:checking '/home/farah/ros2_ws/install/robot_actions' for CMake config files
[2.580s] Level 1:colcon.colcon_core.environment:checking '/home/farah/ros2_ws/install/robot_actions/lib'
[2.580s] Level 1:colcon.colcon_core.environment:checking '/home/farah/ros2_ws/install/robot_actions/bin'
[2.580s] Level 1:colcon.colcon_core.environment:checking '/home/farah/ros2_ws/install/robot_actions/lib/pkgconfig/robot_actions.pc'
[2.580s] Level 1:colcon.colcon_core.environment:checking '/home/farah/ros2_ws/install/robot_actions/lib/python3.10/site-packages'
[2.580s] Level 1:colcon.colcon_core.shell:create_environment_hook('robot_actions', 'pythonpath')
[2.581s] INFO:colcon.colcon_core.shell:Creating environment hook '/home/farah/ros2_ws/install/robot_actions/share/robot_actions/hook/pythonpath.ps1'
[2.581s] INFO:colcon.colcon_core.shell:Creating environment descriptor '/home/farah/ros2_ws/install/robot_actions/share/robot_actions/hook/pythonpath.dsv'
[2.582s] INFO:colcon.colcon_core.shell:Creating environment hook '/home/farah/ros2_ws/install/robot_actions/share/robot_actions/hook/pythonpath.sh'
[2.582s] Level 1:colcon.colcon_core.environment:checking '/home/farah/ros2_ws/install/robot_actions/bin'
[2.582s] Level 1:colcon.colcon_core.environment:create_environment_scripts_only(robot_actions)
[2.583s] INFO:colcon.colcon_core.shell:Creating package script '/home/farah/ros2_ws/install/robot_actions/share/robot_actions/package.ps1'
[2.585s] INFO:colcon.colcon_core.shell:Creating package descriptor '/home/farah/ros2_ws/install/robot_actions/share/robot_actions/package.dsv'
[2.586s] INFO:colcon.colcon_core.shell:Creating package script '/home/farah/ros2_ws/install/robot_actions/share/robot_actions/package.sh'
[2.588s] INFO:colcon.colcon_core.shell:Creating package script '/home/farah/ros2_ws/install/robot_actions/share/robot_actions/package.bash'
[2.592s] INFO:colcon.colcon_core.shell:Creating package script '/home/farah/ros2_ws/install/robot_actions/share/robot_actions/package.zsh'
[2.594s] Level 1:colcon.colcon_core.environment:create_file_with_runtime_dependencies(/home/farah/ros2_ws/install/robot_actions/share/colcon-core/packages/robot_actions)
[2.594s] DEBUG:colcon.colcon_parallel_executor.executor.parallel:closing loop
[2.595s] DEBUG:colcon.colcon_parallel_executor.executor.parallel:loop closed
[2.595s] DEBUG:colcon.colcon_parallel_executor.executor.parallel:run_until_complete finished with '0'
[2.595s] DEBUG:colcon.colcon_core.event_reactor:joining thread
[2.608s] INFO:colcon.colcon_core.plugin_system:Skipping extension 'colcon_notification.desktop_notification.terminal_notifier': Not used on non-Darwin systems
[2.608s] INFO:colcon.colcon_core.plugin_system:Skipping extension 'colcon_notification.desktop_notification.win32': Not used on non-Windows systems
[2.608s] INFO:colcon.colcon_notification.desktop_notification:Sending desktop notification using 'notify2'
[2.629s] DEBUG:colcon.colcon_core.event_reactor:joined thread
[2.630s] INFO:colcon.colcon_core.shell:Creating prefix script '/home/farah/ros2_ws/install/local_setup.ps1'
[2.632s] INFO:colcon.colcon_core.shell:Creating prefix util module '/home/farah/ros2_ws/install/_local_setup_util_ps1.py'
[2.636s] INFO:colcon.colcon_core.shell:Creating prefix chain script '/home/farah/ros2_ws/install/setup.ps1'
[2.641s] INFO:colcon.colcon_core.shell:Creating prefix script '/home/farah/ros2_ws/install/local_setup.sh'
[2.645s] INFO:colcon.colcon_core.shell:Creating prefix util module '/home/farah/ros2_ws/install/_local_setup_util_sh.py'
[2.646s] INFO:colcon.colcon_core.shell:Creating prefix chain script '/home/farah/ros2_ws/install/setup.sh'
[2.649s] INFO:colcon.colcon_core.shell:Creating prefix script '/home/farah/ros2_ws/install/local_setup.bash'
[2.652s] INFO:colcon.colcon_core.shell:Creating prefix chain script '/home/farah/ros2_ws/install/setup.bash'
[2.654s] INFO:colcon.colcon_core.shell:Creating prefix script '/home/farah/ros2_ws/install/local_setup.zsh'
[2.658s] INFO:colcon.colcon_core.shell:Creating prefix chain script '/home/farah/ros2_ws/install/setup.zsh'
